2019-09-06 11:14:49,727 INFO N Media Interations = 1
2019-09-06 11:14:49,727 INFO Execucao EF 1
2019-09-06 11:14:49,764 INFO Execucao EF 2
2019-09-06 11:14:49,963 INFO Execucao EF 3
2019-09-06 11:14:50,691 INFO Execucao EF 4
2019-09-06 11:14:52,624 INFO Execucao EF 5
2019-09-06 11:14:56,145 INFO Execucao EF 6
2019-09-06 11:15:01,060 INFO Execucao EF 7
2019-09-06 11:15:06,104 INFO Accuracy EF 
[0.8131868131868132, 0.8461538461538461, 0.8351648351648352, 0.8241758241758241, 0.8131868131868132, 0.8131868131868132, 0.8021978021978022]
2019-09-06 11:15:06,105 INFO Matrix Confusion EF 
[[array([[32,  9],
       [ 8, 42]]), array([[37,  4],
       [10, 40]]), array([[36,  5],
       [10, 40]]), array([[36,  5],
       [11, 39]]), array([[34,  7],
       [10, 40]]), array([[33,  8],
       [ 9, 41]]), array([[33,  8],
       [10, 40]])]]
2019-09-06 11:15:06,105 INFO N arvores para o RF 13
2019-09-06 11:15:06,115 INFO N arvores para o RF 78
2019-09-06 11:15:06,161 INFO N arvores para o RF 286
2019-09-06 11:15:06,324 INFO N arvores para o RF 715
2019-09-06 11:15:06,722 INFO N arvores para o RF 1287
2019-09-06 11:15:07,436 INFO N arvores para o RF 1716
2019-09-06 11:15:08,385 INFO N arvores para o RF 1716
2019-09-06 11:15:09,341 INFO Accuracy RF 
[0.7692307692307693, 0.8571428571428571, 0.8571428571428571, 0.8571428571428571, 0.8571428571428571, 0.8571428571428571, 0.8571428571428571]
2019-09-06 11:15:09,342 INFO Matrix Confusion RF 
[[array([[32,  9],
       [12, 38]]), array([[36,  5],
       [ 8, 42]]), array([[36,  5],
       [ 8, 42]]), array([[36,  5],
       [ 8, 42]]), array([[37,  4],
       [ 9, 41]]), array([[36,  5],
       [ 8, 42]]), array([[36,  5],
       [ 8, 42]])]]
2019-09-06 11:15:09,343 INFO N Media Interations = 2
2019-09-06 11:15:09,343 INFO Execucao EF 1
2019-09-06 11:15:09,381 INFO Execucao EF 2
2019-09-06 11:15:09,592 INFO Execucao EF 3
2019-09-06 11:15:10,387 INFO Execucao EF 4
2019-09-06 11:15:12,444 INFO Execucao EF 5
2019-09-06 11:15:16,242 INFO Execucao EF 6
2019-09-06 11:15:21,404 INFO Execucao EF 7
2019-09-06 11:15:26,678 INFO Accuracy EF 
[0.8131868131868132, 0.8461538461538461, 0.8351648351648352, 0.8131868131868132, 0.8241758241758241, 0.8131868131868132, 0.7912087912087912]
2019-09-06 11:15:26,678 INFO Matrix Confusion EF 
[[array([[32,  9],
       [ 8, 42]]), array([[37,  4],
       [10, 40]]), array([[36,  5],
       [10, 40]]), array([[36,  5],
       [11, 39]]), array([[34,  7],
       [10, 40]]), array([[33,  8],
       [ 9, 41]]), array([[33,  8],
       [10, 40]])], [array([[32,  9],
       [ 8, 42]]), array([[37,  4],
       [10, 40]]), array([[36,  5],
       [10, 40]]), array([[35,  6],
       [11, 39]]), array([[35,  6],
       [10, 40]]), array([[33,  8],
       [ 9, 41]]), array([[33,  8],
       [11, 39]])]]
2019-09-06 11:15:26,678 INFO N arvores para o RF 13
2019-09-06 11:15:26,688 INFO N arvores para o RF 78
2019-09-06 11:15:26,734 INFO N arvores para o RF 286
2019-09-06 11:15:26,896 INFO N arvores para o RF 715
2019-09-06 11:15:27,298 INFO N arvores para o RF 1287
2019-09-06 11:15:28,013 INFO N arvores para o RF 1716
2019-09-06 11:15:28,966 INFO N arvores para o RF 1716
2019-09-06 11:15:29,922 INFO Accuracy RF 
[0.7692307692307693, 0.8461538461538461, 0.8461538461538461, 0.8461538461538461, 0.8461538461538461, 0.8461538461538461, 0.8791208791208791]
2019-09-06 11:15:29,922 INFO Matrix Confusion RF 
[[array([[32,  9],
       [12, 38]]), array([[36,  5],
       [ 8, 42]]), array([[36,  5],
       [ 8, 42]]), array([[36,  5],
       [ 8, 42]]), array([[37,  4],
       [ 9, 41]]), array([[36,  5],
       [ 8, 42]]), array([[36,  5],
       [ 8, 42]])], [array([[31, 10],
       [11, 39]]), array([[36,  5],
       [ 9, 41]]), array([[36,  5],
       [ 9, 41]]), array([[36,  5],
       [ 9, 41]]), array([[36,  5],
       [ 9, 41]]), array([[36,  5],
       [ 9, 41]]), array([[37,  4],
       [ 7, 43]])]]
2019-09-06 11:15:29,924 INFO N Media Interations = 3
2019-09-06 11:15:29,924 INFO Execucao EF 1
2019-09-06 11:15:29,965 INFO Execucao EF 2
2019-09-06 11:15:30,191 INFO Execucao EF 3
2019-09-06 11:15:31,025 INFO Execucao EF 4
2019-09-06 11:15:33,193 INFO Execucao EF 5
2019-09-06 11:15:37,164 INFO Execucao EF 6
2019-09-06 11:15:42,657 INFO Execucao EF 7
2019-09-06 11:15:48,147 INFO Accuracy EF 
[0.8131868131868132, 0.8461538461538461, 0.8351648351648352, 0.8131868131868132, 0.8241758241758241, 0.8131868131868132, 0.7912087912087912]
2019-09-06 11:15:48,148 INFO Matrix Confusion EF 
[[array([[32,  9],
       [ 8, 42]]), array([[37,  4],
       [10, 40]]), array([[36,  5],
       [10, 40]]), array([[36,  5],
       [11, 39]]), array([[34,  7],
       [10, 40]]), array([[33,  8],
       [ 9, 41]]), array([[33,  8],
       [10, 40]])], [array([[32,  9],
       [ 8, 42]]), array([[37,  4],
       [10, 40]]), array([[36,  5],
       [10, 40]]), array([[35,  6],
       [11, 39]]), array([[35,  6],
       [10, 40]]), array([[33,  8],
       [ 9, 41]]), array([[33,  8],
       [11, 39]])], [array([[32,  9],
       [ 8, 42]]), array([[37,  4],
       [10, 40]]), array([[36,  5],
       [10, 40]]), array([[35,  6],
       [11, 39]]), array([[35,  6],
       [10, 40]]), array([[33,  8],
       [ 9, 41]]), array([[33,  8],
       [11, 39]])]]
2019-09-06 11:15:48,148 INFO N arvores para o RF 13
2019-09-06 11:15:48,158 INFO N arvores para o RF 78
2019-09-06 11:15:48,204 INFO N arvores para o RF 286
2019-09-06 11:15:48,366 INFO N arvores para o RF 715
2019-09-06 11:15:48,757 INFO N arvores para o RF 1287
2019-09-06 11:15:49,466 INFO N arvores para o RF 1716
2019-09-06 11:15:50,424 INFO N arvores para o RF 1716
2019-09-06 11:15:51,372 INFO Accuracy RF 
[0.8021978021978022, 0.8681318681318682, 0.8351648351648352, 0.8571428571428571, 0.8351648351648352, 0.8681318681318682, 0.8571428571428571]
2019-09-06 11:15:51,373 INFO Matrix Confusion RF 
[[array([[32,  9],
       [12, 38]]), array([[36,  5],
       [ 8, 42]]), array([[36,  5],
       [ 8, 42]]), array([[36,  5],
       [ 8, 42]]), array([[37,  4],
       [ 9, 41]]), array([[36,  5],
       [ 8, 42]]), array([[36,  5],
       [ 8, 42]])], [array([[31, 10],
       [11, 39]]), array([[36,  5],
       [ 9, 41]]), array([[36,  5],
       [ 9, 41]]), array([[36,  5],
       [ 9, 41]]), array([[36,  5],
       [ 9, 41]]), array([[36,  5],
       [ 9, 41]]), array([[37,  4],
       [ 7, 43]])], [array([[34,  7],
       [11, 39]]), array([[36,  5],
       [ 7, 43]]), array([[34,  7],
       [ 8, 42]]), array([[36,  5],
       [ 8, 42]]), array([[36,  5],
       [10, 40]]), array([[37,  4],
       [ 8, 42]]), array([[36,  5],
       [ 8, 42]])]]
2019-09-06 11:15:51,374 INFO N Media Interations = 4
2019-09-06 11:15:51,374 INFO Execucao EF 1
2019-09-06 11:15:51,419 INFO Execucao EF 2
2019-09-06 11:15:51,665 INFO Execucao EF 3
2019-09-06 11:15:52,570 INFO Execucao EF 4
2019-09-06 11:15:54,795 INFO Execucao EF 5
2019-09-06 11:15:58,928 INFO Execucao EF 6
2019-09-06 11:16:04,546 INFO Execucao EF 7
2019-09-06 11:16:10,259 INFO Accuracy EF 
[0.8131868131868132, 0.8351648351648352, 0.8241758241758241, 0.8131868131868132, 0.8131868131868132, 0.8021978021978022, 0.8021978021978022]
2019-09-06 11:16:10,260 INFO Matrix Confusion EF 
[[array([[32,  9],
       [ 8, 42]]), array([[37,  4],
       [10, 40]]), array([[36,  5],
       [10, 40]]), array([[36,  5],
       [11, 39]]), array([[34,  7],
       [10, 40]]), array([[33,  8],
       [ 9, 41]]), array([[33,  8],
       [10, 40]])], [array([[32,  9],
       [ 8, 42]]), array([[37,  4],
       [10, 40]]), array([[36,  5],
       [10, 40]]), array([[35,  6],
       [11, 39]]), array([[35,  6],
       [10, 40]]), array([[33,  8],
       [ 9, 41]]), array([[33,  8],
       [11, 39]])], [array([[32,  9],
       [ 8, 42]]), array([[37,  4],
       [10, 40]]), array([[36,  5],
       [10, 40]]), array([[35,  6],
       [11, 39]]), array([[35,  6],
       [10, 40]]), array([[33,  8],
       [ 9, 41]]), array([[33,  8],
       [11, 39]])], [array([[32,  9],
       [ 8, 42]]), array([[36,  5],
       [10, 40]]), array([[36,  5],
       [11, 39]]), array([[35,  6],
       [11, 39]]), array([[34,  7],
       [10, 40]]), array([[33,  8],
       [10, 40]]), array([[33,  8],
       [10, 40]])]]
2019-09-06 11:16:10,260 INFO N arvores para o RF 13
2019-09-06 11:16:10,270 INFO N arvores para o RF 78
2019-09-06 11:16:10,317 INFO N arvores para o RF 286
2019-09-06 11:16:10,478 INFO N arvores para o RF 715
2019-09-06 11:16:10,873 INFO N arvores para o RF 1287
2019-09-06 11:16:11,602 INFO N arvores para o RF 1716
2019-09-06 11:16:12,550 INFO N arvores para o RF 1716
2019-09-06 11:16:13,491 INFO Accuracy RF 
[0.8461538461538461, 0.8241758241758241, 0.8351648351648352, 0.8571428571428571, 0.8791208791208791, 0.8681318681318682, 0.8681318681318682]
2019-09-06 11:16:13,492 INFO Matrix Confusion RF 
[[array([[32,  9],
       [12, 38]]), array([[36,  5],
       [ 8, 42]]), array([[36,  5],
       [ 8, 42]]), array([[36,  5],
       [ 8, 42]]), array([[37,  4],
       [ 9, 41]]), array([[36,  5],
       [ 8, 42]]), array([[36,  5],
       [ 8, 42]])], [array([[31, 10],
       [11, 39]]), array([[36,  5],
       [ 9, 41]]), array([[36,  5],
       [ 9, 41]]), array([[36,  5],
       [ 9, 41]]), array([[36,  5],
       [ 9, 41]]), array([[36,  5],
       [ 9, 41]]), array([[37,  4],
       [ 7, 43]])], [array([[34,  7],
       [11, 39]]), array([[36,  5],
       [ 7, 43]]), array([[34,  7],
       [ 8, 42]]), array([[36,  5],
       [ 8, 42]]), array([[36,  5],
       [10, 40]]), array([[37,  4],
       [ 8, 42]]), array([[36,  5],
       [ 8, 42]])], [array([[34,  7],
       [ 7, 43]]), array([[35,  6],
       [10, 40]]), array([[35,  6],
       [ 9, 41]]), array([[37,  4],
       [ 9, 41]]), array([[37,  4],
       [ 7, 43]]), array([[36,  5],
       [ 7, 43]]), array([[37,  4],
       [ 8, 42]])]]
2019-09-06 11:16:13,494 INFO N Media Interations = 5
2019-09-06 11:16:13,494 INFO Execucao EF 1
2019-09-06 11:16:13,538 INFO Execucao EF 2
2019-09-06 11:16:13,783 INFO Execucao EF 3
2019-09-06 11:16:14,706 INFO Execucao EF 4
2019-09-06 11:16:17,046 INFO Execucao EF 5
2019-09-06 11:16:21,369 INFO Execucao EF 6
2019-09-06 11:16:27,241 INFO Execucao EF 7
2019-09-06 11:16:33,273 INFO Accuracy EF 
[0.8131868131868132, 0.8461538461538461, 0.8351648351648352, 0.8131868131868132, 0.8131868131868132, 0.8131868131868132, 0.7912087912087912]
2019-09-06 11:16:33,275 INFO Matrix Confusion EF 
[[array([[32,  9],
       [ 8, 42]]), array([[37,  4],
       [10, 40]]), array([[36,  5],
       [10, 40]]), array([[36,  5],
       [11, 39]]), array([[34,  7],
       [10, 40]]), array([[33,  8],
       [ 9, 41]]), array([[33,  8],
       [10, 40]])], [array([[32,  9],
       [ 8, 42]]), array([[37,  4],
       [10, 40]]), array([[36,  5],
       [10, 40]]), array([[35,  6],
       [11, 39]]), array([[35,  6],
       [10, 40]]), array([[33,  8],
       [ 9, 41]]), array([[33,  8],
       [11, 39]])], [array([[32,  9],
       [ 8, 42]]), array([[37,  4],
       [10, 40]]), array([[36,  5],
       [10, 40]]), array([[35,  6],
       [11, 39]]), array([[35,  6],
       [10, 40]]), array([[33,  8],
       [ 9, 41]]), array([[33,  8],
       [11, 39]])], [array([[32,  9],
       [ 8, 42]]), array([[36,  5],
       [10, 40]]), array([[36,  5],
       [11, 39]]), array([[35,  6],
       [11, 39]]), array([[34,  7],
       [10, 40]]), array([[33,  8],
       [10, 40]]), array([[33,  8],
       [10, 40]])], [array([[32,  9],
       [ 8, 42]]), array([[37,  4],
       [10, 40]]), array([[36,  5],
       [10, 40]]), array([[35,  6],
       [11, 39]]), array([[34,  7],
       [10, 40]]), array([[33,  8],
       [ 9, 41]]), array([[33,  8],
       [11, 39]])]]
2019-09-06 11:16:33,275 INFO N arvores para o RF 13
2019-09-06 11:16:33,284 INFO N arvores para o RF 78
2019-09-06 11:16:33,330 INFO N arvores para o RF 286
2019-09-06 11:16:33,491 INFO N arvores para o RF 715
2019-09-06 11:16:33,890 INFO N arvores para o RF 1287
2019-09-06 11:16:34,622 INFO N arvores para o RF 1716
2019-09-06 11:16:35,565 INFO N arvores para o RF 1716
2019-09-06 11:16:36,515 INFO Accuracy RF 
[0.8351648351648352, 0.8571428571428571, 0.8681318681318682, 0.8571428571428571, 0.8461538461538461, 0.8571428571428571, 0.8461538461538461]
2019-09-06 11:16:36,516 INFO Matrix Confusion RF 
[[array([[32,  9],
       [12, 38]]), array([[36,  5],
       [ 8, 42]]), array([[36,  5],
       [ 8, 42]]), array([[36,  5],
       [ 8, 42]]), array([[37,  4],
       [ 9, 41]]), array([[36,  5],
       [ 8, 42]]), array([[36,  5],
       [ 8, 42]])], [array([[31, 10],
       [11, 39]]), array([[36,  5],
       [ 9, 41]]), array([[36,  5],
       [ 9, 41]]), array([[36,  5],
       [ 9, 41]]), array([[36,  5],
       [ 9, 41]]), array([[36,  5],
       [ 9, 41]]), array([[37,  4],
       [ 7, 43]])], [array([[34,  7],
       [11, 39]]), array([[36,  5],
       [ 7, 43]]), array([[34,  7],
       [ 8, 42]]), array([[36,  5],
       [ 8, 42]]), array([[36,  5],
       [10, 40]]), array([[37,  4],
       [ 8, 42]]), array([[36,  5],
       [ 8, 42]])], [array([[34,  7],
       [ 7, 43]]), array([[35,  6],
       [10, 40]]), array([[35,  6],
       [ 9, 41]]), array([[37,  4],
       [ 9, 41]]), array([[37,  4],
       [ 7, 43]]), array([[36,  5],
       [ 7, 43]]), array([[37,  4],
       [ 8, 42]])], [array([[33,  8],
       [ 7, 43]]), array([[36,  5],
       [ 8, 42]]), array([[37,  4],
       [ 8, 42]]), array([[36,  5],
       [ 8, 42]]), array([[35,  6],
       [ 8, 42]]), array([[36,  5],
       [ 8, 42]]), array([[36,  5],
       [ 9, 41]])]]
