2019-09-06 11:11:45,095 INFO N Media Interations = 1
2019-09-06 11:11:45,095 INFO Execucao EF 1
2019-09-06 11:11:45,129 INFO Execucao EF 2
2019-09-06 11:11:45,326 INFO Execucao EF 3
2019-09-06 11:11:46,062 INFO Execucao EF 4
2019-09-06 11:11:47,987 INFO Execucao EF 5
2019-09-06 11:11:51,457 INFO Execucao EF 6
2019-09-06 11:11:56,221 INFO Execucao EF 7
2019-09-06 11:12:01,177 INFO Accuracy EF 
[0.8681318681318682, 0.8351648351648352, 0.8571428571428571, 0.8241758241758241, 0.8021978021978022, 0.7802197802197802, 0.7802197802197802]
2019-09-06 11:12:01,177 INFO Matrix Confusion EF 
[[array([[31, 10],
       [ 2, 48]]), array([[33,  8],
       [ 7, 43]]), array([[35,  6],
       [ 7, 43]]), array([[33,  8],
       [ 8, 42]]), array([[31, 10],
       [ 8, 42]]), array([[30, 11],
       [ 9, 41]]), array([[30, 11],
       [ 9, 41]])]]
2019-09-06 11:12:01,177 INFO N arvores para o RF 13
2019-09-06 11:12:01,187 INFO N arvores para o RF 78
2019-09-06 11:12:01,233 INFO N arvores para o RF 286
2019-09-06 11:12:01,398 INFO N arvores para o RF 715
2019-09-06 11:12:01,791 INFO N arvores para o RF 1287
2019-09-06 11:12:02,496 INFO N arvores para o RF 1716
2019-09-06 11:12:03,442 INFO N arvores para o RF 1716
2019-09-06 11:12:04,375 INFO Accuracy RF 
[0.8351648351648352, 0.8351648351648352, 0.8241758241758241, 0.8131868131868132, 0.8241758241758241, 0.8351648351648352, 0.8351648351648352]
2019-09-06 11:12:04,376 INFO Matrix Confusion RF 
[[array([[32,  9],
       [ 6, 44]]), array([[32,  9],
       [ 6, 44]]), array([[31, 10],
       [ 6, 44]]), array([[30, 11],
       [ 6, 44]]), array([[31, 10],
       [ 6, 44]]), array([[32,  9],
       [ 6, 44]]), array([[32,  9],
       [ 6, 44]])]]
2019-09-06 11:12:04,377 INFO N Media Interations = 2
2019-09-06 11:12:04,377 INFO Execucao EF 1
2019-09-06 11:12:04,414 INFO Execucao EF 2
2019-09-06 11:12:04,624 INFO Execucao EF 3
2019-09-06 11:12:05,401 INFO Execucao EF 4
2019-09-06 11:12:07,378 INFO Execucao EF 5
2019-09-06 11:12:11,072 INFO Execucao EF 6
2019-09-06 11:12:16,074 INFO Execucao EF 7
2019-09-06 11:12:21,169 INFO Accuracy EF 
[0.8681318681318682, 0.8461538461538461, 0.8681318681318682, 0.8351648351648352, 0.8021978021978022, 0.7912087912087912, 0.7802197802197802]
2019-09-06 11:12:21,169 INFO Matrix Confusion EF 
[[array([[31, 10],
       [ 2, 48]]), array([[33,  8],
       [ 7, 43]]), array([[35,  6],
       [ 7, 43]]), array([[33,  8],
       [ 8, 42]]), array([[31, 10],
       [ 8, 42]]), array([[30, 11],
       [ 9, 41]]), array([[30, 11],
       [ 9, 41]])], [array([[31, 10],
       [ 2, 48]]), array([[34,  7],
       [ 7, 43]]), array([[35,  6],
       [ 6, 44]]), array([[33,  8],
       [ 7, 43]]), array([[31, 10],
       [ 8, 42]]), array([[31, 10],
       [ 9, 41]]), array([[30, 11],
       [ 9, 41]])]]
2019-09-06 11:12:21,170 INFO N arvores para o RF 13
2019-09-06 11:12:21,179 INFO N arvores para o RF 78
2019-09-06 11:12:21,225 INFO N arvores para o RF 286
2019-09-06 11:12:21,386 INFO N arvores para o RF 715
2019-09-06 11:12:21,779 INFO N arvores para o RF 1287
2019-09-06 11:12:22,496 INFO N arvores para o RF 1716
2019-09-06 11:12:23,432 INFO N arvores para o RF 1716
2019-09-06 11:12:24,368 INFO Accuracy RF 
[0.8131868131868132, 0.8241758241758241, 0.8241758241758241, 0.8351648351648352, 0.8241758241758241, 0.8351648351648352, 0.8241758241758241]
2019-09-06 11:12:24,368 INFO Matrix Confusion RF 
[[array([[32,  9],
       [ 6, 44]]), array([[32,  9],
       [ 6, 44]]), array([[31, 10],
       [ 6, 44]]), array([[30, 11],
       [ 6, 44]]), array([[31, 10],
       [ 6, 44]]), array([[32,  9],
       [ 6, 44]]), array([[32,  9],
       [ 6, 44]])], [array([[30, 11],
       [ 6, 44]]), array([[31, 10],
       [ 6, 44]]), array([[31, 10],
       [ 6, 44]]), array([[32,  9],
       [ 6, 44]]), array([[31, 10],
       [ 6, 44]]), array([[32,  9],
       [ 6, 44]]), array([[31, 10],
       [ 6, 44]])]]
2019-09-06 11:12:24,370 INFO N Media Interations = 3
2019-09-06 11:12:24,370 INFO Execucao EF 1
2019-09-06 11:12:24,408 INFO Execucao EF 2
2019-09-06 11:12:24,624 INFO Execucao EF 3
2019-09-06 11:12:25,436 INFO Execucao EF 4
2019-09-06 11:12:27,520 INFO Execucao EF 5
2019-09-06 11:12:31,388 INFO Execucao EF 6
2019-09-06 11:12:36,631 INFO Execucao EF 7
2019-09-06 11:12:42,003 INFO Accuracy EF 
[0.8681318681318682, 0.8461538461538461, 0.8461538461538461, 0.8241758241758241, 0.8021978021978022, 0.7912087912087912, 0.7802197802197802]
2019-09-06 11:12:42,003 INFO Matrix Confusion EF 
[[array([[31, 10],
       [ 2, 48]]), array([[33,  8],
       [ 7, 43]]), array([[35,  6],
       [ 7, 43]]), array([[33,  8],
       [ 8, 42]]), array([[31, 10],
       [ 8, 42]]), array([[30, 11],
       [ 9, 41]]), array([[30, 11],
       [ 9, 41]])], [array([[31, 10],
       [ 2, 48]]), array([[34,  7],
       [ 7, 43]]), array([[35,  6],
       [ 6, 44]]), array([[33,  8],
       [ 7, 43]]), array([[31, 10],
       [ 8, 42]]), array([[31, 10],
       [ 9, 41]]), array([[30, 11],
       [ 9, 41]])], [array([[31, 10],
       [ 2, 48]]), array([[34,  7],
       [ 7, 43]]), array([[34,  7],
       [ 7, 43]]), array([[33,  8],
       [ 8, 42]]), array([[31, 10],
       [ 8, 42]]), array([[31, 10],
       [ 9, 41]]), array([[30, 11],
       [ 9, 41]])]]
2019-09-06 11:12:42,004 INFO N arvores para o RF 13
2019-09-06 11:12:42,013 INFO N arvores para o RF 78
2019-09-06 11:12:42,059 INFO N arvores para o RF 286
2019-09-06 11:12:42,218 INFO N arvores para o RF 715
2019-09-06 11:12:42,607 INFO N arvores para o RF 1287
2019-09-06 11:12:43,314 INFO N arvores para o RF 1716
2019-09-06 11:12:44,268 INFO N arvores para o RF 1716
2019-09-06 11:12:45,202 INFO Accuracy RF 
[0.8351648351648352, 0.8021978021978022, 0.8351648351648352, 0.8241758241758241, 0.8351648351648352, 0.8351648351648352, 0.8241758241758241]
2019-09-06 11:12:45,203 INFO Matrix Confusion RF 
[[array([[32,  9],
       [ 6, 44]]), array([[32,  9],
       [ 6, 44]]), array([[31, 10],
       [ 6, 44]]), array([[30, 11],
       [ 6, 44]]), array([[31, 10],
       [ 6, 44]]), array([[32,  9],
       [ 6, 44]]), array([[32,  9],
       [ 6, 44]])], [array([[30, 11],
       [ 6, 44]]), array([[31, 10],
       [ 6, 44]]), array([[31, 10],
       [ 6, 44]]), array([[32,  9],
       [ 6, 44]]), array([[31, 10],
       [ 6, 44]]), array([[32,  9],
       [ 6, 44]]), array([[31, 10],
       [ 6, 44]])], [array([[30, 11],
       [ 4, 46]]), array([[29, 12],
       [ 6, 44]]), array([[32,  9],
       [ 6, 44]]), array([[31, 10],
       [ 6, 44]]), array([[32,  9],
       [ 6, 44]]), array([[32,  9],
       [ 6, 44]]), array([[31, 10],
       [ 6, 44]])]]
2019-09-06 11:12:45,204 INFO N Media Interations = 4
2019-09-06 11:12:45,204 INFO Execucao EF 1
2019-09-06 11:12:45,246 INFO Execucao EF 2
2019-09-06 11:12:45,474 INFO Execucao EF 3
2019-09-06 11:12:46,325 INFO Execucao EF 4
2019-09-06 11:12:48,516 INFO Execucao EF 5
2019-09-06 11:12:52,566 INFO Execucao EF 6
2019-09-06 11:12:58,111 INFO Execucao EF 7
2019-09-06 11:13:03,711 INFO Accuracy EF 
[0.8681318681318682, 0.8351648351648352, 0.8571428571428571, 0.8241758241758241, 0.8021978021978022, 0.7912087912087912, 0.7802197802197802]
2019-09-06 11:13:03,712 INFO Matrix Confusion EF 
[[array([[31, 10],
       [ 2, 48]]), array([[33,  8],
       [ 7, 43]]), array([[35,  6],
       [ 7, 43]]), array([[33,  8],
       [ 8, 42]]), array([[31, 10],
       [ 8, 42]]), array([[30, 11],
       [ 9, 41]]), array([[30, 11],
       [ 9, 41]])], [array([[31, 10],
       [ 2, 48]]), array([[34,  7],
       [ 7, 43]]), array([[35,  6],
       [ 6, 44]]), array([[33,  8],
       [ 7, 43]]), array([[31, 10],
       [ 8, 42]]), array([[31, 10],
       [ 9, 41]]), array([[30, 11],
       [ 9, 41]])], [array([[31, 10],
       [ 2, 48]]), array([[34,  7],
       [ 7, 43]]), array([[34,  7],
       [ 7, 43]]), array([[33,  8],
       [ 8, 42]]), array([[31, 10],
       [ 8, 42]]), array([[31, 10],
       [ 9, 41]]), array([[30, 11],
       [ 9, 41]])], [array([[31, 10],
       [ 2, 48]]), array([[33,  8],
       [ 7, 43]]), array([[35,  6],
       [ 7, 43]]), array([[32,  9],
       [ 7, 43]]), array([[31, 10],
       [ 8, 42]]), array([[31, 10],
       [ 9, 41]]), array([[30, 11],
       [ 9, 41]])]]
2019-09-06 11:13:03,712 INFO N arvores para o RF 13
2019-09-06 11:13:03,722 INFO N arvores para o RF 78
2019-09-06 11:13:03,768 INFO N arvores para o RF 286
2019-09-06 11:13:03,929 INFO N arvores para o RF 715
2019-09-06 11:13:04,317 INFO N arvores para o RF 1287
2019-09-06 11:13:05,031 INFO N arvores para o RF 1716
2019-09-06 11:13:05,965 INFO N arvores para o RF 1716
2019-09-06 11:13:06,898 INFO Accuracy RF 
[0.8461538461538461, 0.8351648351648352, 0.8131868131868132, 0.8241758241758241, 0.8351648351648352, 0.8241758241758241, 0.8131868131868132]
2019-09-06 11:13:06,899 INFO Matrix Confusion RF 
[[array([[32,  9],
       [ 6, 44]]), array([[32,  9],
       [ 6, 44]]), array([[31, 10],
       [ 6, 44]]), array([[30, 11],
       [ 6, 44]]), array([[31, 10],
       [ 6, 44]]), array([[32,  9],
       [ 6, 44]]), array([[32,  9],
       [ 6, 44]])], [array([[30, 11],
       [ 6, 44]]), array([[31, 10],
       [ 6, 44]]), array([[31, 10],
       [ 6, 44]]), array([[32,  9],
       [ 6, 44]]), array([[31, 10],
       [ 6, 44]]), array([[32,  9],
       [ 6, 44]]), array([[31, 10],
       [ 6, 44]])], [array([[30, 11],
       [ 4, 46]]), array([[29, 12],
       [ 6, 44]]), array([[32,  9],
       [ 6, 44]]), array([[31, 10],
       [ 6, 44]]), array([[32,  9],
       [ 6, 44]]), array([[32,  9],
       [ 6, 44]]), array([[31, 10],
       [ 6, 44]])], [array([[32,  9],
       [ 5, 45]]), array([[32,  9],
       [ 6, 44]]), array([[29, 12],
       [ 5, 45]]), array([[31, 10],
       [ 6, 44]]), array([[32,  9],
       [ 6, 44]]), array([[31, 10],
       [ 6, 44]]), array([[30, 11],
       [ 6, 44]])]]
2019-09-06 11:13:06,901 INFO N Media Interations = 5
2019-09-06 11:13:06,901 INFO Execucao EF 1
2019-09-06 11:13:06,944 INFO Execucao EF 2
2019-09-06 11:13:07,184 INFO Execucao EF 3
2019-09-06 11:13:08,078 INFO Execucao EF 4
2019-09-06 11:13:10,373 INFO Execucao EF 5
2019-09-06 11:13:14,631 INFO Execucao EF 6
2019-09-06 11:13:20,387 INFO Execucao EF 7
2019-09-06 11:13:26,278 INFO Accuracy EF 
[0.8681318681318682, 0.8461538461538461, 0.8571428571428571, 0.8241758241758241, 0.8021978021978022, 0.7912087912087912, 0.7802197802197802]
2019-09-06 11:13:26,279 INFO Matrix Confusion EF 
[[array([[31, 10],
       [ 2, 48]]), array([[33,  8],
       [ 7, 43]]), array([[35,  6],
       [ 7, 43]]), array([[33,  8],
       [ 8, 42]]), array([[31, 10],
       [ 8, 42]]), array([[30, 11],
       [ 9, 41]]), array([[30, 11],
       [ 9, 41]])], [array([[31, 10],
       [ 2, 48]]), array([[34,  7],
       [ 7, 43]]), array([[35,  6],
       [ 6, 44]]), array([[33,  8],
       [ 7, 43]]), array([[31, 10],
       [ 8, 42]]), array([[31, 10],
       [ 9, 41]]), array([[30, 11],
       [ 9, 41]])], [array([[31, 10],
       [ 2, 48]]), array([[34,  7],
       [ 7, 43]]), array([[34,  7],
       [ 7, 43]]), array([[33,  8],
       [ 8, 42]]), array([[31, 10],
       [ 8, 42]]), array([[31, 10],
       [ 9, 41]]), array([[30, 11],
       [ 9, 41]])], [array([[31, 10],
       [ 2, 48]]), array([[33,  8],
       [ 7, 43]]), array([[35,  6],
       [ 7, 43]]), array([[32,  9],
       [ 7, 43]]), array([[31, 10],
       [ 8, 42]]), array([[31, 10],
       [ 9, 41]]), array([[30, 11],
       [ 9, 41]])], [array([[31, 10],
       [ 2, 48]]), array([[34,  7],
       [ 7, 43]]), array([[35,  6],
       [ 7, 43]]), array([[33,  8],
       [ 8, 42]]), array([[31, 10],
       [ 8, 42]]), array([[31, 10],
       [ 9, 41]]), array([[30, 11],
       [ 9, 41]])]]
2019-09-06 11:13:26,279 INFO N arvores para o RF 13
2019-09-06 11:13:26,289 INFO N arvores para o RF 78
2019-09-06 11:13:26,334 INFO N arvores para o RF 286
2019-09-06 11:13:26,492 INFO N arvores para o RF 715
2019-09-06 11:13:26,879 INFO N arvores para o RF 1287
2019-09-06 11:13:27,588 INFO N arvores para o RF 1716
2019-09-06 11:13:28,543 INFO N arvores para o RF 1716
2019-09-06 11:13:29,482 INFO Accuracy RF 
[0.8571428571428571, 0.8351648351648352, 0.8241758241758241, 0.8351648351648352, 0.8241758241758241, 0.8241758241758241, 0.8241758241758241]
2019-09-06 11:13:29,484 INFO Matrix Confusion RF 
[[array([[32,  9],
       [ 6, 44]]), array([[32,  9],
       [ 6, 44]]), array([[31, 10],
       [ 6, 44]]), array([[30, 11],
       [ 6, 44]]), array([[31, 10],
       [ 6, 44]]), array([[32,  9],
       [ 6, 44]]), array([[32,  9],
       [ 6, 44]])], [array([[30, 11],
       [ 6, 44]]), array([[31, 10],
       [ 6, 44]]), array([[31, 10],
       [ 6, 44]]), array([[32,  9],
       [ 6, 44]]), array([[31, 10],
       [ 6, 44]]), array([[32,  9],
       [ 6, 44]]), array([[31, 10],
       [ 6, 44]])], [array([[30, 11],
       [ 4, 46]]), array([[29, 12],
       [ 6, 44]]), array([[32,  9],
       [ 6, 44]]), array([[31, 10],
       [ 6, 44]]), array([[32,  9],
       [ 6, 44]]), array([[32,  9],
       [ 6, 44]]), array([[31, 10],
       [ 6, 44]])], [array([[32,  9],
       [ 5, 45]]), array([[32,  9],
       [ 6, 44]]), array([[29, 12],
       [ 5, 45]]), array([[31, 10],
       [ 6, 44]]), array([[32,  9],
       [ 6, 44]]), array([[31, 10],
       [ 6, 44]]), array([[30, 11],
       [ 6, 44]])], [array([[32,  9],
       [ 4, 46]]), array([[33,  8],
       [ 7, 43]]), array([[31, 10],
       [ 6, 44]]), array([[32,  9],
       [ 6, 44]]), array([[31, 10],
       [ 6, 44]]), array([[31, 10],
       [ 6, 44]]), array([[31, 10],
       [ 6, 44]])]]
