2019-09-06 11:33:02,051 INFO N Media Interations = 1
2019-09-06 11:33:02,051 INFO Execucao EF 1
2019-09-06 11:33:02,086 INFO Execucao EF 2
2019-09-06 11:33:02,282 INFO Execucao EF 3
2019-09-06 11:33:03,019 INFO Execucao EF 4
2019-09-06 11:33:04,938 INFO Execucao EF 5
2019-09-06 11:33:08,475 INFO Execucao EF 6
2019-09-06 11:33:13,266 INFO Execucao EF 7
2019-09-06 11:33:18,236 INFO Accuracy EF 
[0.7912087912087912, 0.8351648351648352, 0.8461538461538461, 0.8241758241758241, 0.8351648351648352, 0.8241758241758241, 0.8351648351648352]
2019-09-06 11:33:18,236 INFO Matrix Confusion EF 
[[array([[30, 11],
       [ 8, 42]]), array([[35,  6],
       [ 9, 41]]), array([[36,  5],
       [ 9, 41]]), array([[34,  7],
       [ 9, 41]]), array([[33,  8],
       [ 7, 43]]), array([[32,  9],
       [ 7, 43]]), array([[32,  9],
       [ 6, 44]])]]
2019-09-06 11:33:18,236 INFO N arvores para o RF 13
2019-09-06 11:33:18,246 INFO N arvores para o RF 78
2019-09-06 11:33:18,291 INFO N arvores para o RF 286
2019-09-06 11:33:18,453 INFO N arvores para o RF 715
2019-09-06 11:33:18,848 INFO N arvores para o RF 1287
2019-09-06 11:33:19,557 INFO N arvores para o RF 1716
2019-09-06 11:33:20,495 INFO N arvores para o RF 1716
2019-09-06 11:33:21,433 INFO Accuracy RF 
[0.8241758241758241, 0.8351648351648352, 0.8461538461538461, 0.8571428571428571, 0.8461538461538461, 0.8351648351648352, 0.8461538461538461]
2019-09-06 11:33:21,433 INFO Matrix Confusion RF 
[[array([[34,  7],
       [ 9, 41]]), array([[34,  7],
       [ 8, 42]]), array([[33,  8],
       [ 6, 44]]), array([[35,  6],
       [ 7, 43]]), array([[34,  7],
       [ 7, 43]]), array([[34,  7],
       [ 8, 42]]), array([[34,  7],
       [ 7, 43]])]]
2019-09-06 11:33:21,434 INFO N Media Interations = 2
2019-09-06 11:33:21,435 INFO Execucao EF 1
2019-09-06 11:33:21,471 INFO Execucao EF 2
2019-09-06 11:33:21,679 INFO Execucao EF 3
2019-09-06 11:33:22,464 INFO Execucao EF 4
2019-09-06 11:33:24,482 INFO Execucao EF 5
2019-09-06 11:33:28,256 INFO Execucao EF 6
2019-09-06 11:33:33,346 INFO Execucao EF 7
2019-09-06 11:33:38,541 INFO Accuracy EF 
[0.7912087912087912, 0.8351648351648352, 0.8571428571428571, 0.8351648351648352, 0.8351648351648352, 0.8241758241758241, 0.8351648351648352]
2019-09-06 11:33:38,541 INFO Matrix Confusion EF 
[[array([[30, 11],
       [ 8, 42]]), array([[35,  6],
       [ 9, 41]]), array([[36,  5],
       [ 9, 41]]), array([[34,  7],
       [ 9, 41]]), array([[33,  8],
       [ 7, 43]]), array([[32,  9],
       [ 7, 43]]), array([[32,  9],
       [ 6, 44]])], [array([[30, 11],
       [ 8, 42]]), array([[35,  6],
       [ 9, 41]]), array([[36,  5],
       [ 8, 42]]), array([[35,  6],
       [ 9, 41]]), array([[33,  8],
       [ 7, 43]]), array([[32,  9],
       [ 7, 43]]), array([[32,  9],
       [ 6, 44]])]]
2019-09-06 11:33:38,541 INFO N arvores para o RF 13
2019-09-06 11:33:38,551 INFO N arvores para o RF 78
2019-09-06 11:33:38,596 INFO N arvores para o RF 286
2019-09-06 11:33:38,756 INFO N arvores para o RF 715
2019-09-06 11:33:39,150 INFO N arvores para o RF 1287
2019-09-06 11:33:39,851 INFO N arvores para o RF 1716
2019-09-06 11:33:40,806 INFO N arvores para o RF 1716
2019-09-06 11:33:41,749 INFO Accuracy RF 
[0.8021978021978022, 0.8241758241758241, 0.8461538461538461, 0.8681318681318682, 0.8461538461538461, 0.8571428571428571, 0.8461538461538461]
2019-09-06 11:33:41,749 INFO Matrix Confusion RF 
[[array([[34,  7],
       [ 9, 41]]), array([[34,  7],
       [ 8, 42]]), array([[33,  8],
       [ 6, 44]]), array([[35,  6],
       [ 7, 43]]), array([[34,  7],
       [ 7, 43]]), array([[34,  7],
       [ 8, 42]]), array([[34,  7],
       [ 7, 43]])], [array([[33,  8],
       [10, 40]]), array([[34,  7],
       [ 9, 41]]), array([[35,  6],
       [ 8, 42]]), array([[34,  7],
       [ 5, 45]]), array([[35,  6],
       [ 8, 42]]), array([[35,  6],
       [ 7, 43]]), array([[35,  6],
       [ 8, 42]])]]
2019-09-06 11:33:41,751 INFO N Media Interations = 3
2019-09-06 11:33:41,751 INFO Execucao EF 1
2019-09-06 11:33:41,790 INFO Execucao EF 2
2019-09-06 11:33:42,010 INFO Execucao EF 3
2019-09-06 11:33:42,837 INFO Execucao EF 4
2019-09-06 11:33:44,955 INFO Execucao EF 5
2019-09-06 11:33:48,899 INFO Execucao EF 6
2019-09-06 11:33:54,275 INFO Execucao EF 7
2019-09-06 11:33:59,894 INFO Accuracy EF 
[0.7912087912087912, 0.8351648351648352, 0.8571428571428571, 0.8241758241758241, 0.8351648351648352, 0.8241758241758241, 0.8351648351648352]
2019-09-06 11:33:59,895 INFO Matrix Confusion EF 
[[array([[30, 11],
       [ 8, 42]]), array([[35,  6],
       [ 9, 41]]), array([[36,  5],
       [ 9, 41]]), array([[34,  7],
       [ 9, 41]]), array([[33,  8],
       [ 7, 43]]), array([[32,  9],
       [ 7, 43]]), array([[32,  9],
       [ 6, 44]])], [array([[30, 11],
       [ 8, 42]]), array([[35,  6],
       [ 9, 41]]), array([[36,  5],
       [ 8, 42]]), array([[35,  6],
       [ 9, 41]]), array([[33,  8],
       [ 7, 43]]), array([[32,  9],
       [ 7, 43]]), array([[32,  9],
       [ 6, 44]])], [array([[30, 11],
       [ 8, 42]]), array([[35,  6],
       [ 9, 41]]), array([[36,  5],
       [ 8, 42]]), array([[34,  7],
       [ 9, 41]]), array([[33,  8],
       [ 7, 43]]), array([[32,  9],
       [ 7, 43]]), array([[32,  9],
       [ 6, 44]])]]
2019-09-06 11:33:59,895 INFO N arvores para o RF 13
2019-09-06 11:33:59,905 INFO N arvores para o RF 78
2019-09-06 11:33:59,951 INFO N arvores para o RF 286
2019-09-06 11:34:00,114 INFO N arvores para o RF 715
2019-09-06 11:34:00,512 INFO N arvores para o RF 1287
2019-09-06 11:34:01,213 INFO N arvores para o RF 1716
2019-09-06 11:34:02,182 INFO N arvores para o RF 1716
2019-09-06 11:34:03,118 INFO Accuracy RF 
[0.8021978021978022, 0.7912087912087912, 0.8131868131868132, 0.8351648351648352, 0.8571428571428571, 0.8681318681318682, 0.8461538461538461]
2019-09-06 11:34:03,119 INFO Matrix Confusion RF 
[[array([[34,  7],
       [ 9, 41]]), array([[34,  7],
       [ 8, 42]]), array([[33,  8],
       [ 6, 44]]), array([[35,  6],
       [ 7, 43]]), array([[34,  7],
       [ 7, 43]]), array([[34,  7],
       [ 8, 42]]), array([[34,  7],
       [ 7, 43]])], [array([[33,  8],
       [10, 40]]), array([[34,  7],
       [ 9, 41]]), array([[35,  6],
       [ 8, 42]]), array([[34,  7],
       [ 5, 45]]), array([[35,  6],
       [ 8, 42]]), array([[35,  6],
       [ 7, 43]]), array([[35,  6],
       [ 8, 42]])], [array([[33,  8],
       [10, 40]]), array([[34,  7],
       [12, 38]]), array([[34,  7],
       [10, 40]]), array([[34,  7],
       [ 8, 42]]), array([[35,  6],
       [ 7, 43]]), array([[35,  6],
       [ 6, 44]]), array([[34,  7],
       [ 7, 43]])]]
2019-09-06 11:34:03,121 INFO N Media Interations = 4
2019-09-06 11:34:03,121 INFO Execucao EF 1
2019-09-06 11:34:03,163 INFO Execucao EF 2
2019-09-06 11:34:03,398 INFO Execucao EF 3
2019-09-06 11:34:04,290 INFO Execucao EF 4
2019-09-06 11:34:06,517 INFO Execucao EF 5
2019-09-06 11:34:10,629 INFO Execucao EF 6
2019-09-06 11:34:16,223 INFO Execucao EF 7
2019-09-06 11:34:21,850 INFO Accuracy EF 
[0.7912087912087912, 0.8241758241758241, 0.8461538461538461, 0.8241758241758241, 0.8351648351648352, 0.8241758241758241, 0.8351648351648352]
2019-09-06 11:34:21,852 INFO Matrix Confusion EF 
[[array([[30, 11],
       [ 8, 42]]), array([[35,  6],
       [ 9, 41]]), array([[36,  5],
       [ 9, 41]]), array([[34,  7],
       [ 9, 41]]), array([[33,  8],
       [ 7, 43]]), array([[32,  9],
       [ 7, 43]]), array([[32,  9],
       [ 6, 44]])], [array([[30, 11],
       [ 8, 42]]), array([[35,  6],
       [ 9, 41]]), array([[36,  5],
       [ 8, 42]]), array([[35,  6],
       [ 9, 41]]), array([[33,  8],
       [ 7, 43]]), array([[32,  9],
       [ 7, 43]]), array([[32,  9],
       [ 6, 44]])], [array([[30, 11],
       [ 8, 42]]), array([[35,  6],
       [ 9, 41]]), array([[36,  5],
       [ 8, 42]]), array([[34,  7],
       [ 9, 41]]), array([[33,  8],
       [ 7, 43]]), array([[32,  9],
       [ 7, 43]]), array([[32,  9],
       [ 6, 44]])], [array([[30, 11],
       [ 8, 42]]), array([[34,  7],
       [ 9, 41]]), array([[35,  6],
       [ 8, 42]]), array([[34,  7],
       [ 9, 41]]), array([[33,  8],
       [ 7, 43]]), array([[32,  9],
       [ 7, 43]]), array([[32,  9],
       [ 6, 44]])]]
2019-09-06 11:34:21,852 INFO N arvores para o RF 13
2019-09-06 11:34:21,861 INFO N arvores para o RF 78
2019-09-06 11:34:21,907 INFO N arvores para o RF 286
2019-09-06 11:34:22,070 INFO N arvores para o RF 715
2019-09-06 11:34:22,467 INFO N arvores para o RF 1287
2019-09-06 11:34:23,185 INFO N arvores para o RF 1716
2019-09-06 11:34:24,113 INFO N arvores para o RF 1716
2019-09-06 11:34:25,048 INFO Accuracy RF 
[0.8241758241758241, 0.8791208791208791, 0.8241758241758241, 0.8571428571428571, 0.8461538461538461, 0.8461538461538461, 0.8571428571428571]
2019-09-06 11:34:25,049 INFO Matrix Confusion RF 
[[array([[34,  7],
       [ 9, 41]]), array([[34,  7],
       [ 8, 42]]), array([[33,  8],
       [ 6, 44]]), array([[35,  6],
       [ 7, 43]]), array([[34,  7],
       [ 7, 43]]), array([[34,  7],
       [ 8, 42]]), array([[34,  7],
       [ 7, 43]])], [array([[33,  8],
       [10, 40]]), array([[34,  7],
       [ 9, 41]]), array([[35,  6],
       [ 8, 42]]), array([[34,  7],
       [ 5, 45]]), array([[35,  6],
       [ 8, 42]]), array([[35,  6],
       [ 7, 43]]), array([[35,  6],
       [ 8, 42]])], [array([[33,  8],
       [10, 40]]), array([[34,  7],
       [12, 38]]), array([[34,  7],
       [10, 40]]), array([[34,  7],
       [ 8, 42]]), array([[35,  6],
       [ 7, 43]]), array([[35,  6],
       [ 6, 44]]), array([[34,  7],
       [ 7, 43]])], [array([[33,  8],
       [ 8, 42]]), array([[36,  5],
       [ 6, 44]]), array([[33,  8],
       [ 8, 42]]), array([[34,  7],
       [ 6, 44]]), array([[34,  7],
       [ 7, 43]]), array([[34,  7],
       [ 7, 43]]), array([[35,  6],
       [ 7, 43]])]]
2019-09-06 11:34:25,051 INFO N Media Interations = 5
2019-09-06 11:34:25,051 INFO Execucao EF 1
2019-09-06 11:34:25,095 INFO Execucao EF 2
2019-09-06 11:34:25,335 INFO Execucao EF 3
2019-09-06 11:34:26,249 INFO Execucao EF 4
2019-09-06 11:34:28,582 INFO Execucao EF 5
2019-09-06 11:34:32,816 INFO Execucao EF 6
2019-09-06 11:34:38,566 INFO Execucao EF 7
2019-09-06 11:34:44,464 INFO Accuracy EF 
[0.7912087912087912, 0.8241758241758241, 0.8571428571428571, 0.8351648351648352, 0.8351648351648352, 0.8351648351648352, 0.8351648351648352]
2019-09-06 11:34:44,465 INFO Matrix Confusion EF 
[[array([[30, 11],
       [ 8, 42]]), array([[35,  6],
       [ 9, 41]]), array([[36,  5],
       [ 9, 41]]), array([[34,  7],
       [ 9, 41]]), array([[33,  8],
       [ 7, 43]]), array([[32,  9],
       [ 7, 43]]), array([[32,  9],
       [ 6, 44]])], [array([[30, 11],
       [ 8, 42]]), array([[35,  6],
       [ 9, 41]]), array([[36,  5],
       [ 8, 42]]), array([[35,  6],
       [ 9, 41]]), array([[33,  8],
       [ 7, 43]]), array([[32,  9],
       [ 7, 43]]), array([[32,  9],
       [ 6, 44]])], [array([[30, 11],
       [ 8, 42]]), array([[35,  6],
       [ 9, 41]]), array([[36,  5],
       [ 8, 42]]), array([[34,  7],
       [ 9, 41]]), array([[33,  8],
       [ 7, 43]]), array([[32,  9],
       [ 7, 43]]), array([[32,  9],
       [ 6, 44]])], [array([[30, 11],
       [ 8, 42]]), array([[34,  7],
       [ 9, 41]]), array([[35,  6],
       [ 8, 42]]), array([[34,  7],
       [ 9, 41]]), array([[33,  8],
       [ 7, 43]]), array([[32,  9],
       [ 7, 43]]), array([[32,  9],
       [ 6, 44]])], [array([[30, 11],
       [ 8, 42]]), array([[34,  7],
       [ 9, 41]]), array([[36,  5],
       [ 8, 42]]), array([[35,  6],
       [ 9, 41]]), array([[33,  8],
       [ 7, 43]]), array([[32,  9],
       [ 6, 44]]), array([[32,  9],
       [ 6, 44]])]]
2019-09-06 11:34:44,465 INFO N arvores para o RF 13
2019-09-06 11:34:44,475 INFO N arvores para o RF 78
2019-09-06 11:34:44,521 INFO N arvores para o RF 286
2019-09-06 11:34:44,681 INFO N arvores para o RF 715
2019-09-06 11:34:45,071 INFO N arvores para o RF 1287
2019-09-06 11:34:45,759 INFO N arvores para o RF 1716
2019-09-06 11:34:46,689 INFO N arvores para o RF 1716
2019-09-06 11:34:47,613 INFO Accuracy RF 
[0.7802197802197802, 0.8571428571428571, 0.8461538461538461, 0.8461538461538461, 0.8681318681318682, 0.8571428571428571, 0.8461538461538461]
2019-09-06 11:34:47,615 INFO Matrix Confusion RF 
[[array([[34,  7],
       [ 9, 41]]), array([[34,  7],
       [ 8, 42]]), array([[33,  8],
       [ 6, 44]]), array([[35,  6],
       [ 7, 43]]), array([[34,  7],
       [ 7, 43]]), array([[34,  7],
       [ 8, 42]]), array([[34,  7],
       [ 7, 43]])], [array([[33,  8],
       [10, 40]]), array([[34,  7],
       [ 9, 41]]), array([[35,  6],
       [ 8, 42]]), array([[34,  7],
       [ 5, 45]]), array([[35,  6],
       [ 8, 42]]), array([[35,  6],
       [ 7, 43]]), array([[35,  6],
       [ 8, 42]])], [array([[33,  8],
       [10, 40]]), array([[34,  7],
       [12, 38]]), array([[34,  7],
       [10, 40]]), array([[34,  7],
       [ 8, 42]]), array([[35,  6],
       [ 7, 43]]), array([[35,  6],
       [ 6, 44]]), array([[34,  7],
       [ 7, 43]])], [array([[33,  8],
       [ 8, 42]]), array([[36,  5],
       [ 6, 44]]), array([[33,  8],
       [ 8, 42]]), array([[34,  7],
       [ 6, 44]]), array([[34,  7],
       [ 7, 43]]), array([[34,  7],
       [ 7, 43]]), array([[35,  6],
       [ 7, 43]])], [array([[32,  9],
       [11, 39]]), array([[35,  6],
       [ 7, 43]]), array([[34,  7],
       [ 7, 43]]), array([[34,  7],
       [ 7, 43]]), array([[35,  6],
       [ 6, 44]]), array([[34,  7],
       [ 6, 44]]), array([[35,  6],
       [ 8, 42]])]]
