2019-09-06 11:23:27,046 INFO N Media Interations = 1
2019-09-06 11:23:27,046 INFO Execucao EF 1
2019-09-06 11:23:27,081 INFO Execucao EF 2
2019-09-06 11:23:27,283 INFO Execucao EF 3
2019-09-06 11:23:28,017 INFO Execucao EF 4
2019-09-06 11:23:29,921 INFO Execucao EF 5
2019-09-06 11:23:33,411 INFO Execucao EF 6
2019-09-06 11:23:38,159 INFO Execucao EF 7
2019-09-06 11:23:43,117 INFO Accuracy EF 
[0.7692307692307693, 0.7912087912087912, 0.8131868131868132, 0.7912087912087912, 0.7912087912087912, 0.7802197802197802, 0.7582417582417582]
2019-09-06 11:23:43,118 INFO Matrix Confusion EF 
[[array([[28, 13],
       [ 8, 42]]), array([[31, 10],
       [ 9, 41]]), array([[32,  9],
       [ 8, 42]]), array([[31, 10],
       [ 9, 41]]), array([[31, 10],
       [ 9, 41]]), array([[31, 10],
       [10, 40]]), array([[31, 10],
       [12, 38]])]]
2019-09-06 11:23:43,118 INFO N arvores para o RF 13
2019-09-06 11:23:43,127 INFO N arvores para o RF 78
2019-09-06 11:23:43,172 INFO N arvores para o RF 286
2019-09-06 11:23:43,332 INFO N arvores para o RF 715
2019-09-06 11:23:43,724 INFO N arvores para o RF 1287
2019-09-06 11:23:44,432 INFO N arvores para o RF 1716
2019-09-06 11:23:45,360 INFO N arvores para o RF 1716
2019-09-06 11:23:46,301 INFO Accuracy RF 
[0.8131868131868132, 0.8021978021978022, 0.8021978021978022, 0.8131868131868132, 0.8131868131868132, 0.8021978021978022, 0.8241758241758241]
2019-09-06 11:23:46,301 INFO Matrix Confusion RF 
[[array([[31, 10],
       [ 7, 43]]), array([[31, 10],
       [ 8, 42]]), array([[31, 10],
       [ 8, 42]]), array([[31, 10],
       [ 7, 43]]), array([[31, 10],
       [ 7, 43]]), array([[31, 10],
       [ 8, 42]]), array([[32,  9],
       [ 7, 43]])]]
2019-09-06 11:23:46,303 INFO N Media Interations = 2
2019-09-06 11:23:46,303 INFO Execucao EF 1
2019-09-06 11:23:46,341 INFO Execucao EF 2
2019-09-06 11:23:46,553 INFO Execucao EF 3
2019-09-06 11:23:47,352 INFO Execucao EF 4
2019-09-06 11:23:49,375 INFO Execucao EF 5
2019-09-06 11:23:53,080 INFO Execucao EF 6
2019-09-06 11:23:58,100 INFO Execucao EF 7
2019-09-06 11:24:03,254 INFO Accuracy EF 
[0.7692307692307693, 0.7802197802197802, 0.8131868131868132, 0.7912087912087912, 0.7912087912087912, 0.7692307692307693, 0.7802197802197802]
2019-09-06 11:24:03,254 INFO Matrix Confusion EF 
[[array([[28, 13],
       [ 8, 42]]), array([[31, 10],
       [ 9, 41]]), array([[32,  9],
       [ 8, 42]]), array([[31, 10],
       [ 9, 41]]), array([[31, 10],
       [ 9, 41]]), array([[31, 10],
       [10, 40]]), array([[31, 10],
       [12, 38]])], [array([[28, 13],
       [ 8, 42]]), array([[31, 10],
       [10, 40]]), array([[32,  9],
       [ 8, 42]]), array([[31, 10],
       [ 9, 41]]), array([[31, 10],
       [ 9, 41]]), array([[31, 10],
       [11, 39]]), array([[31, 10],
       [10, 40]])]]
2019-09-06 11:24:03,255 INFO N arvores para o RF 13
2019-09-06 11:24:03,264 INFO N arvores para o RF 78
2019-09-06 11:24:03,310 INFO N arvores para o RF 286
2019-09-06 11:24:03,470 INFO N arvores para o RF 715
2019-09-06 11:24:03,863 INFO N arvores para o RF 1287
2019-09-06 11:24:04,557 INFO N arvores para o RF 1716
2019-09-06 11:24:05,481 INFO N arvores para o RF 1716
2019-09-06 11:24:06,411 INFO Accuracy RF 
[0.7582417582417582, 0.7582417582417582, 0.8021978021978022, 0.8131868131868132, 0.8131868131868132, 0.8131868131868132, 0.8131868131868132]
2019-09-06 11:24:06,411 INFO Matrix Confusion RF 
[[array([[31, 10],
       [ 7, 43]]), array([[31, 10],
       [ 8, 42]]), array([[31, 10],
       [ 8, 42]]), array([[31, 10],
       [ 7, 43]]), array([[31, 10],
       [ 7, 43]]), array([[31, 10],
       [ 8, 42]]), array([[32,  9],
       [ 7, 43]])], [array([[31, 10],
       [12, 38]]), array([[31, 10],
       [12, 38]]), array([[32,  9],
       [ 9, 41]]), array([[32,  9],
       [ 8, 42]]), array([[31, 10],
       [ 7, 43]]), array([[32,  9],
       [ 8, 42]]), array([[31, 10],
       [ 7, 43]])]]
2019-09-06 11:24:06,413 INFO N Media Interations = 3
2019-09-06 11:24:06,413 INFO Execucao EF 1
2019-09-06 11:24:06,452 INFO Execucao EF 2
2019-09-06 11:24:06,670 INFO Execucao EF 3
2019-09-06 11:24:07,486 INFO Execucao EF 4
2019-09-06 11:24:09,581 INFO Execucao EF 5
2019-09-06 11:24:13,462 INFO Execucao EF 6
2019-09-06 11:24:18,740 INFO Execucao EF 7
2019-09-06 11:24:24,133 INFO Accuracy EF 
[0.7692307692307693, 0.7802197802197802, 0.8131868131868132, 0.7912087912087912, 0.8021978021978022, 0.7802197802197802, 0.7692307692307693]
2019-09-06 11:24:24,134 INFO Matrix Confusion EF 
[[array([[28, 13],
       [ 8, 42]]), array([[31, 10],
       [ 9, 41]]), array([[32,  9],
       [ 8, 42]]), array([[31, 10],
       [ 9, 41]]), array([[31, 10],
       [ 9, 41]]), array([[31, 10],
       [10, 40]]), array([[31, 10],
       [12, 38]])], [array([[28, 13],
       [ 8, 42]]), array([[31, 10],
       [10, 40]]), array([[32,  9],
       [ 8, 42]]), array([[31, 10],
       [ 9, 41]]), array([[31, 10],
       [ 9, 41]]), array([[31, 10],
       [11, 39]]), array([[31, 10],
       [10, 40]])], [array([[28, 13],
       [ 8, 42]]), array([[31, 10],
       [10, 40]]), array([[32,  9],
       [ 8, 42]]), array([[31, 10],
       [ 9, 41]]), array([[31, 10],
       [ 8, 42]]), array([[31, 10],
       [10, 40]]), array([[31, 10],
       [11, 39]])]]
2019-09-06 11:24:24,134 INFO N arvores para o RF 13
2019-09-06 11:24:24,143 INFO N arvores para o RF 78
2019-09-06 11:24:24,188 INFO N arvores para o RF 286
2019-09-06 11:24:24,347 INFO N arvores para o RF 715
2019-09-06 11:24:24,733 INFO N arvores para o RF 1287
2019-09-06 11:24:25,436 INFO N arvores para o RF 1716
2019-09-06 11:24:26,379 INFO N arvores para o RF 1716
2019-09-06 11:24:27,306 INFO Accuracy RF 
[0.8351648351648352, 0.8021978021978022, 0.8131868131868132, 0.7802197802197802, 0.8021978021978022, 0.8021978021978022, 0.8131868131868132]
2019-09-06 11:24:27,307 INFO Matrix Confusion RF 
[[array([[31, 10],
       [ 7, 43]]), array([[31, 10],
       [ 8, 42]]), array([[31, 10],
       [ 8, 42]]), array([[31, 10],
       [ 7, 43]]), array([[31, 10],
       [ 7, 43]]), array([[31, 10],
       [ 8, 42]]), array([[32,  9],
       [ 7, 43]])], [array([[31, 10],
       [12, 38]]), array([[31, 10],
       [12, 38]]), array([[32,  9],
       [ 9, 41]]), array([[32,  9],
       [ 8, 42]]), array([[31, 10],
       [ 7, 43]]), array([[32,  9],
       [ 8, 42]]), array([[31, 10],
       [ 7, 43]])], [array([[33,  8],
       [ 7, 43]]), array([[32,  9],
       [ 9, 41]]), array([[32,  9],
       [ 8, 42]]), array([[31, 10],
       [10, 40]]), array([[31, 10],
       [ 8, 42]]), array([[31, 10],
       [ 8, 42]]), array([[31, 10],
       [ 7, 43]])]]
2019-09-06 11:24:27,308 INFO N Media Interations = 4
2019-09-06 11:24:27,308 INFO Execucao EF 1
2019-09-06 11:24:27,350 INFO Execucao EF 2
2019-09-06 11:24:27,581 INFO Execucao EF 3
2019-09-06 11:24:28,442 INFO Execucao EF 4
2019-09-06 11:24:30,648 INFO Execucao EF 5
2019-09-06 11:24:34,698 INFO Execucao EF 6
2019-09-06 11:24:40,507 INFO Execucao EF 7
2019-09-06 11:24:46,451 INFO Accuracy EF 
[0.7692307692307693, 0.7692307692307693, 0.8131868131868132, 0.7912087912087912, 0.7912087912087912, 0.7802197802197802, 0.7912087912087912]
2019-09-06 11:24:46,452 INFO Matrix Confusion EF 
[[array([[28, 13],
       [ 8, 42]]), array([[31, 10],
       [ 9, 41]]), array([[32,  9],
       [ 8, 42]]), array([[31, 10],
       [ 9, 41]]), array([[31, 10],
       [ 9, 41]]), array([[31, 10],
       [10, 40]]), array([[31, 10],
       [12, 38]])], [array([[28, 13],
       [ 8, 42]]), array([[31, 10],
       [10, 40]]), array([[32,  9],
       [ 8, 42]]), array([[31, 10],
       [ 9, 41]]), array([[31, 10],
       [ 9, 41]]), array([[31, 10],
       [11, 39]]), array([[31, 10],
       [10, 40]])], [array([[28, 13],
       [ 8, 42]]), array([[31, 10],
       [10, 40]]), array([[32,  9],
       [ 8, 42]]), array([[31, 10],
       [ 9, 41]]), array([[31, 10],
       [ 8, 42]]), array([[31, 10],
       [10, 40]]), array([[31, 10],
       [11, 39]])], [array([[28, 13],
       [ 8, 42]]), array([[31, 10],
       [11, 39]]), array([[32,  9],
       [ 8, 42]]), array([[31, 10],
       [ 9, 41]]), array([[31, 10],
       [ 9, 41]]), array([[31, 10],
       [10, 40]]), array([[31, 10],
       [ 9, 41]])]]
2019-09-06 11:24:46,452 INFO N arvores para o RF 13
2019-09-06 11:24:46,461 INFO N arvores para o RF 78
2019-09-06 11:24:46,506 INFO N arvores para o RF 286
2019-09-06 11:24:46,664 INFO N arvores para o RF 715
2019-09-06 11:24:47,053 INFO N arvores para o RF 1287
2019-09-06 11:24:47,771 INFO N arvores para o RF 1716
2019-09-06 11:24:48,692 INFO N arvores para o RF 1716
2019-09-06 11:24:49,619 INFO Accuracy RF 
[0.7802197802197802, 0.7912087912087912, 0.7802197802197802, 0.8131868131868132, 0.8241758241758241, 0.8241758241758241, 0.8021978021978022]
2019-09-06 11:24:49,620 INFO Matrix Confusion RF 
[[array([[31, 10],
       [ 7, 43]]), array([[31, 10],
       [ 8, 42]]), array([[31, 10],
       [ 8, 42]]), array([[31, 10],
       [ 7, 43]]), array([[31, 10],
       [ 7, 43]]), array([[31, 10],
       [ 8, 42]]), array([[32,  9],
       [ 7, 43]])], [array([[31, 10],
       [12, 38]]), array([[31, 10],
       [12, 38]]), array([[32,  9],
       [ 9, 41]]), array([[32,  9],
       [ 8, 42]]), array([[31, 10],
       [ 7, 43]]), array([[32,  9],
       [ 8, 42]]), array([[31, 10],
       [ 7, 43]])], [array([[33,  8],
       [ 7, 43]]), array([[32,  9],
       [ 9, 41]]), array([[32,  9],
       [ 8, 42]]), array([[31, 10],
       [10, 40]]), array([[31, 10],
       [ 8, 42]]), array([[31, 10],
       [ 8, 42]]), array([[31, 10],
       [ 7, 43]])], [array([[30, 11],
       [ 9, 41]]), array([[31, 10],
       [ 9, 41]]), array([[31, 10],
       [10, 40]]), array([[31, 10],
       [ 7, 43]]), array([[32,  9],
       [ 7, 43]]), array([[32,  9],
       [ 7, 43]]), array([[32,  9],
       [ 9, 41]])]]
2019-09-06 11:24:49,621 INFO N Media Interations = 5
2019-09-06 11:24:49,621 INFO Execucao EF 1
2019-09-06 11:24:49,665 INFO Execucao EF 2
2019-09-06 11:24:49,908 INFO Execucao EF 3
2019-09-06 11:24:50,808 INFO Execucao EF 4
2019-09-06 11:24:53,273 INFO Execucao EF 5
2019-09-06 11:24:57,629 INFO Execucao EF 6
2019-09-06 11:25:03,583 INFO Execucao EF 7
2019-09-06 11:25:09,494 INFO Accuracy EF 
[0.7692307692307693, 0.7912087912087912, 0.8131868131868132, 0.7912087912087912, 0.8021978021978022, 0.7802197802197802, 0.7802197802197802]
2019-09-06 11:25:09,495 INFO Matrix Confusion EF 
[[array([[28, 13],
       [ 8, 42]]), array([[31, 10],
       [ 9, 41]]), array([[32,  9],
       [ 8, 42]]), array([[31, 10],
       [ 9, 41]]), array([[31, 10],
       [ 9, 41]]), array([[31, 10],
       [10, 40]]), array([[31, 10],
       [12, 38]])], [array([[28, 13],
       [ 8, 42]]), array([[31, 10],
       [10, 40]]), array([[32,  9],
       [ 8, 42]]), array([[31, 10],
       [ 9, 41]]), array([[31, 10],
       [ 9, 41]]), array([[31, 10],
       [11, 39]]), array([[31, 10],
       [10, 40]])], [array([[28, 13],
       [ 8, 42]]), array([[31, 10],
       [10, 40]]), array([[32,  9],
       [ 8, 42]]), array([[31, 10],
       [ 9, 41]]), array([[31, 10],
       [ 8, 42]]), array([[31, 10],
       [10, 40]]), array([[31, 10],
       [11, 39]])], [array([[28, 13],
       [ 8, 42]]), array([[31, 10],
       [11, 39]]), array([[32,  9],
       [ 8, 42]]), array([[31, 10],
       [ 9, 41]]), array([[31, 10],
       [ 9, 41]]), array([[31, 10],
       [10, 40]]), array([[31, 10],
       [ 9, 41]])], [array([[28, 13],
       [ 8, 42]]), array([[31, 10],
       [ 9, 41]]), array([[32,  9],
       [ 8, 42]]), array([[31, 10],
       [ 9, 41]]), array([[31, 10],
       [ 8, 42]]), array([[31, 10],
       [10, 40]]), array([[31, 10],
       [10, 40]])]]
2019-09-06 11:25:09,495 INFO N arvores para o RF 13
2019-09-06 11:25:09,505 INFO N arvores para o RF 78
2019-09-06 11:25:09,550 INFO N arvores para o RF 286
2019-09-06 11:25:09,713 INFO N arvores para o RF 715
2019-09-06 11:25:10,114 INFO N arvores para o RF 1287
2019-09-06 11:25:10,807 INFO N arvores para o RF 1716
2019-09-06 11:25:11,734 INFO N arvores para o RF 1716
2019-09-06 11:25:12,658 INFO Accuracy RF 
[0.7692307692307693, 0.7802197802197802, 0.8131868131868132, 0.8351648351648352, 0.8241758241758241, 0.8131868131868132, 0.8131868131868132]
2019-09-06 11:25:12,659 INFO Matrix Confusion RF 
[[array([[31, 10],
       [ 7, 43]]), array([[31, 10],
       [ 8, 42]]), array([[31, 10],
       [ 8, 42]]), array([[31, 10],
       [ 7, 43]]), array([[31, 10],
       [ 7, 43]]), array([[31, 10],
       [ 8, 42]]), array([[32,  9],
       [ 7, 43]])], [array([[31, 10],
       [12, 38]]), array([[31, 10],
       [12, 38]]), array([[32,  9],
       [ 9, 41]]), array([[32,  9],
       [ 8, 42]]), array([[31, 10],
       [ 7, 43]]), array([[32,  9],
       [ 8, 42]]), array([[31, 10],
       [ 7, 43]])], [array([[33,  8],
       [ 7, 43]]), array([[32,  9],
       [ 9, 41]]), array([[32,  9],
       [ 8, 42]]), array([[31, 10],
       [10, 40]]), array([[31, 10],
       [ 8, 42]]), array([[31, 10],
       [ 8, 42]]), array([[31, 10],
       [ 7, 43]])], [array([[30, 11],
       [ 9, 41]]), array([[31, 10],
       [ 9, 41]]), array([[31, 10],
       [10, 40]]), array([[31, 10],
       [ 7, 43]]), array([[32,  9],
       [ 7, 43]]), array([[32,  9],
       [ 7, 43]]), array([[32,  9],
       [ 9, 41]])], [array([[31, 10],
       [11, 39]]), array([[33,  8],
       [12, 38]]), array([[33,  8],
       [ 9, 41]]), array([[32,  9],
       [ 6, 44]]), array([[32,  9],
       [ 7, 43]]), array([[31, 10],
       [ 7, 43]]), array([[32,  9],
       [ 8, 42]])]]
