2019-08-31 11:51:13,933 INFO N Media Interations = 1
2019-08-31 11:51:13,933 INFO Execucao EF 1
2019-08-31 11:51:13,967 INFO Acuracia = 0.8681318681318682
2019-08-31 11:51:13,968 INFO Matriz de confusao 
[[31 10]
 [ 2 48]]
2019-08-31 11:51:13,968 INFO Execucao EF 2
2019-08-31 11:51:14,159 INFO Acuracia = 0.8571428571428571
2019-08-31 11:51:14,159 INFO Matriz de confusao 
[[33  8]
 [ 5 45]]
2019-08-31 11:51:14,159 INFO Execucao EF 3
2019-08-31 11:51:14,863 INFO Acuracia = 0.8571428571428571
2019-08-31 11:51:14,864 INFO Matriz de confusao 
[[35  6]
 [ 7 43]]
2019-08-31 11:51:14,864 INFO Execucao EF 4
2019-08-31 11:51:16,672 INFO Acuracia = 0.8241758241758241
2019-08-31 11:51:16,672 INFO Matriz de confusao 
[[32  9]
 [ 7 43]]
2019-08-31 11:51:16,673 INFO Execucao EF 5
2019-08-31 11:51:20,015 INFO Acuracia = 0.8021978021978022
2019-08-31 11:51:20,015 INFO Matriz de confusao 
[[31 10]
 [ 8 42]]
2019-08-31 11:51:20,016 INFO Execucao EF 6
2019-08-31 11:51:24,559 INFO Acuracia = 0.7912087912087912
2019-08-31 11:51:24,559 INFO Matriz de confusao 
[[31 10]
 [ 9 41]]
2019-08-31 11:51:24,560 INFO Execucao EF 7
2019-08-31 11:51:29,247 INFO Acuracia = 0.7802197802197802
2019-08-31 11:51:29,247 INFO Matriz de confusao 
[[30 11]
 [ 9 41]]
2019-08-31 11:51:29,247 INFO Accuracy EF 
[0.8681318681318682, 0.8571428571428571, 0.8571428571428571, 0.8241758241758241, 0.8021978021978022, 0.7912087912087912, 0.7802197802197802]
2019-08-31 11:51:29,248 INFO Matrix Confusion EF 
[[array([[31, 10],
       [ 2, 48]]), array([[33,  8],
       [ 5, 45]]), array([[35,  6],
       [ 7, 43]]), array([[32,  9],
       [ 7, 43]]), array([[31, 10],
       [ 8, 42]]), array([[31, 10],
       [ 9, 41]]), array([[30, 11],
       [ 9, 41]])]]
2019-08-31 11:51:29,248 INFO N arvores para o RF 13
2019-08-31 11:51:29,257 INFO Acuracia = 0.8131868131868132
2019-08-31 11:51:29,257 INFO Matriz de confusao 
[[29 12]
 [ 5 45]]
2019-08-31 11:51:29,257 INFO N arvores para o RF 78
2019-08-31 11:51:29,301 INFO Acuracia = 0.8021978021978022
2019-08-31 11:51:29,301 INFO Matriz de confusao 
[[30 11]
 [ 7 43]]
2019-08-31 11:51:29,301 INFO N arvores para o RF 286
2019-08-31 11:51:29,457 INFO Acuracia = 0.8241758241758241
2019-08-31 11:51:29,457 INFO Matriz de confusao 
[[31 10]
 [ 6 44]]
2019-08-31 11:51:29,457 INFO N arvores para o RF 715
2019-08-31 11:51:29,843 INFO Acuracia = 0.8131868131868132
2019-08-31 11:51:29,843 INFO Matriz de confusao 
[[30 11]
 [ 6 44]]
2019-08-31 11:51:29,844 INFO N arvores para o RF 1287
2019-08-31 11:51:30,533 INFO Acuracia = 0.8461538461538461
2019-08-31 11:51:30,533 INFO Matriz de confusao 
[[33  8]
 [ 6 44]]
2019-08-31 11:51:30,533 INFO N arvores para o RF 1716
2019-08-31 11:51:31,441 INFO Acuracia = 0.8241758241758241
2019-08-31 11:51:31,441 INFO Matriz de confusao 
[[31 10]
 [ 6 44]]
2019-08-31 11:51:31,442 INFO N arvores para o RF 1716
2019-08-31 11:51:32,351 INFO Acuracia = 0.8351648351648352
2019-08-31 11:51:32,351 INFO Matriz de confusao 
[[32  9]
 [ 6 44]]
2019-08-31 11:51:32,351 INFO Accuracy RF 
[0.8131868131868132, 0.8021978021978022, 0.8241758241758241, 0.8131868131868132, 0.8461538461538461, 0.8241758241758241, 0.8351648351648352]
2019-08-31 11:51:32,352 INFO Matrix Confusion RF 
[[array([[29, 12],
       [ 5, 45]]), array([[30, 11],
       [ 7, 43]]), array([[31, 10],
       [ 6, 44]]), array([[30, 11],
       [ 6, 44]]), array([[33,  8],
       [ 6, 44]]), array([[31, 10],
       [ 6, 44]]), array([[32,  9],
       [ 6, 44]])]]
2019-08-31 11:51:32,353 INFO N Media Interations = 2
2019-08-31 11:51:32,353 INFO Execucao EF 1
2019-08-31 11:51:32,389 INFO Acuracia = 0.8681318681318682
2019-08-31 11:51:32,389 INFO Matriz de confusao 
[[31 10]
 [ 2 48]]
2019-08-31 11:51:32,389 INFO Execucao EF 2
2019-08-31 11:51:32,589 INFO Acuracia = 0.8571428571428571
2019-08-31 11:51:32,589 INFO Matriz de confusao 
[[33  8]
 [ 5 45]]
2019-08-31 11:51:32,589 INFO Execucao EF 3
2019-08-31 11:51:33,331 INFO Acuracia = 0.8571428571428571
2019-08-31 11:51:33,332 INFO Matriz de confusao 
[[35  6]
 [ 7 43]]
2019-08-31 11:51:33,332 INFO Execucao EF 4
2019-08-31 11:51:35,223 INFO Acuracia = 0.8351648351648352
2019-08-31 11:51:35,223 INFO Matriz de confusao 
[[33  8]
 [ 7 43]]
2019-08-31 11:51:35,223 INFO Execucao EF 5
2019-08-31 11:51:38,733 INFO Acuracia = 0.8021978021978022
2019-08-31 11:51:38,733 INFO Matriz de confusao 
[[31 10]
 [ 8 42]]
2019-08-31 11:51:38,733 INFO Execucao EF 6
2019-08-31 11:51:43,500 INFO Acuracia = 0.7802197802197802
2019-08-31 11:51:43,500 INFO Matriz de confusao 
[[30 11]
 [ 9 41]]
2019-08-31 11:51:43,501 INFO Execucao EF 7
2019-08-31 11:51:48,376 INFO Acuracia = 0.7802197802197802
2019-08-31 11:51:48,376 INFO Matriz de confusao 
[[30 11]
 [ 9 41]]
2019-08-31 11:51:48,377 INFO Accuracy EF 
[0.8681318681318682, 0.8571428571428571, 0.8571428571428571, 0.8351648351648352, 0.8021978021978022, 0.7802197802197802, 0.7802197802197802]
2019-08-31 11:51:48,378 INFO Matrix Confusion EF 
[[array([[31, 10],
       [ 2, 48]]), array([[33,  8],
       [ 5, 45]]), array([[35,  6],
       [ 7, 43]]), array([[32,  9],
       [ 7, 43]]), array([[31, 10],
       [ 8, 42]]), array([[31, 10],
       [ 9, 41]]), array([[30, 11],
       [ 9, 41]])], [array([[31, 10],
       [ 2, 48]]), array([[33,  8],
       [ 5, 45]]), array([[35,  6],
       [ 7, 43]]), array([[33,  8],
       [ 7, 43]]), array([[31, 10],
       [ 8, 42]]), array([[30, 11],
       [ 9, 41]]), array([[30, 11],
       [ 9, 41]])]]
2019-08-31 11:51:48,378 INFO N arvores para o RF 13
2019-08-31 11:51:48,387 INFO Acuracia = 0.8461538461538461
2019-08-31 11:51:48,387 INFO Matriz de confusao 
[[32  9]
 [ 5 45]]
2019-08-31 11:51:48,387 INFO N arvores para o RF 78
2019-08-31 11:51:48,433 INFO Acuracia = 0.7802197802197802
2019-08-31 11:51:48,433 INFO Matriz de confusao 
[[28 13]
 [ 7 43]]
2019-08-31 11:51:48,433 INFO N arvores para o RF 286
2019-08-31 11:51:48,590 INFO Acuracia = 0.8241758241758241
2019-08-31 11:51:48,590 INFO Matriz de confusao 
[[31 10]
 [ 6 44]]
2019-08-31 11:51:48,590 INFO N arvores para o RF 715
2019-08-31 11:51:48,972 INFO Acuracia = 0.8131868131868132
2019-08-31 11:51:48,973 INFO Matriz de confusao 
[[30 11]
 [ 6 44]]
2019-08-31 11:51:48,973 INFO N arvores para o RF 1287
2019-08-31 11:51:49,658 INFO Acuracia = 0.8241758241758241
2019-08-31 11:51:49,658 INFO Matriz de confusao 
[[31 10]
 [ 6 44]]
2019-08-31 11:51:49,659 INFO N arvores para o RF 1716
2019-08-31 11:51:50,571 INFO Acuracia = 0.8241758241758241
2019-08-31 11:51:50,571 INFO Matriz de confusao 
[[31 10]
 [ 6 44]]
2019-08-31 11:51:50,571 INFO N arvores para o RF 1716
2019-08-31 11:51:51,484 INFO Acuracia = 0.8241758241758241
2019-08-31 11:51:51,484 INFO Matriz de confusao 
[[31 10]
 [ 6 44]]
2019-08-31 11:51:51,485 INFO Accuracy RF 
[0.8461538461538461, 0.7802197802197802, 0.8241758241758241, 0.8131868131868132, 0.8241758241758241, 0.8241758241758241, 0.8241758241758241]
2019-08-31 11:51:51,486 INFO Matrix Confusion RF 
[[array([[29, 12],
       [ 5, 45]]), array([[30, 11],
       [ 7, 43]]), array([[31, 10],
       [ 6, 44]]), array([[30, 11],
       [ 6, 44]]), array([[33,  8],
       [ 6, 44]]), array([[31, 10],
       [ 6, 44]]), array([[32,  9],
       [ 6, 44]])], [array([[32,  9],
       [ 5, 45]]), array([[28, 13],
       [ 7, 43]]), array([[31, 10],
       [ 6, 44]]), array([[30, 11],
       [ 6, 44]]), array([[31, 10],
       [ 6, 44]]), array([[31, 10],
       [ 6, 44]]), array([[31, 10],
       [ 6, 44]])]]
2019-08-31 11:51:51,487 INFO N Media Interations = 3
2019-08-31 11:51:51,487 INFO Execucao EF 1
2019-08-31 11:51:51,525 INFO Acuracia = 0.8681318681318682
2019-08-31 11:51:51,525 INFO Matriz de confusao 
[[31 10]
 [ 2 48]]
2019-08-31 11:51:51,525 INFO Execucao EF 2
2019-08-31 11:51:51,734 INFO Acuracia = 0.8571428571428571
2019-08-31 11:51:51,734 INFO Matriz de confusao 
[[33  8]
 [ 5 45]]
2019-08-31 11:51:51,735 INFO Execucao EF 3
2019-08-31 11:51:52,503 INFO Acuracia = 0.8571428571428571
2019-08-31 11:51:52,503 INFO Matriz de confusao 
[[34  7]
 [ 6 44]]
2019-08-31 11:51:52,503 INFO Execucao EF 4
2019-08-31 11:51:54,498 INFO Acuracia = 0.8241758241758241
2019-08-31 11:51:54,498 INFO Matriz de confusao 
[[33  8]
 [ 8 42]]
2019-08-31 11:51:54,499 INFO Execucao EF 5
2019-08-31 11:51:58,215 INFO Acuracia = 0.8021978021978022
2019-08-31 11:51:58,215 INFO Matriz de confusao 
[[31 10]
 [ 8 42]]
2019-08-31 11:51:58,216 INFO Execucao EF 6
2019-08-31 11:52:04,187 INFO Acuracia = 0.7802197802197802
2019-08-31 11:52:04,187 INFO Matriz de confusao 
[[30 11]
 [ 9 41]]
2019-08-31 11:52:04,188 INFO Execucao EF 7
2019-08-31 11:52:09,944 INFO Acuracia = 0.7912087912087912
2019-08-31 11:52:09,944 INFO Matriz de confusao 
[[31 10]
 [ 9 41]]
2019-08-31 11:52:09,945 INFO Accuracy EF 
[0.8681318681318682, 0.8571428571428571, 0.8571428571428571, 0.8241758241758241, 0.8021978021978022, 0.7802197802197802, 0.7912087912087912]
2019-08-31 11:52:09,946 INFO Matrix Confusion EF 
[[array([[31, 10],
       [ 2, 48]]), array([[33,  8],
       [ 5, 45]]), array([[35,  6],
       [ 7, 43]]), array([[32,  9],
       [ 7, 43]]), array([[31, 10],
       [ 8, 42]]), array([[31, 10],
       [ 9, 41]]), array([[30, 11],
       [ 9, 41]])], [array([[31, 10],
       [ 2, 48]]), array([[33,  8],
       [ 5, 45]]), array([[35,  6],
       [ 7, 43]]), array([[33,  8],
       [ 7, 43]]), array([[31, 10],
       [ 8, 42]]), array([[30, 11],
       [ 9, 41]]), array([[30, 11],
       [ 9, 41]])], [array([[31, 10],
       [ 2, 48]]), array([[33,  8],
       [ 5, 45]]), array([[34,  7],
       [ 6, 44]]), array([[33,  8],
       [ 8, 42]]), array([[31, 10],
       [ 8, 42]]), array([[30, 11],
       [ 9, 41]]), array([[31, 10],
       [ 9, 41]])]]
2019-08-31 11:52:09,946 INFO N arvores para o RF 13
2019-08-31 11:52:09,956 INFO Acuracia = 0.7912087912087912
2019-08-31 11:52:09,956 INFO Matriz de confusao 
[[30 11]
 [ 8 42]]
2019-08-31 11:52:09,956 INFO N arvores para o RF 78
2019-08-31 11:52:10,002 INFO Acuracia = 0.8021978021978022
2019-08-31 11:52:10,002 INFO Matriz de confusao 
[[30 11]
 [ 7 43]]
2019-08-31 11:52:10,002 INFO N arvores para o RF 286
2019-08-31 11:52:10,163 INFO Acuracia = 0.8241758241758241
2019-08-31 11:52:10,164 INFO Matriz de confusao 
[[31 10]
 [ 6 44]]
2019-08-31 11:52:10,164 INFO N arvores para o RF 715
2019-08-31 11:52:10,565 INFO Acuracia = 0.8241758241758241
2019-08-31 11:52:10,565 INFO Matriz de confusao 
[[31 10]
 [ 6 44]]
2019-08-31 11:52:10,566 INFO N arvores para o RF 1287
2019-08-31 11:52:11,287 INFO Acuracia = 0.8351648351648352
2019-08-31 11:52:11,287 INFO Matriz de confusao 
[[32  9]
 [ 6 44]]
2019-08-31 11:52:11,288 INFO N arvores para o RF 1716
2019-08-31 11:52:12,265 INFO Acuracia = 0.8241758241758241
2019-08-31 11:52:12,265 INFO Matriz de confusao 
[[31 10]
 [ 6 44]]
2019-08-31 11:52:12,266 INFO N arvores para o RF 1716
2019-08-31 11:52:13,223 INFO Acuracia = 0.8241758241758241
2019-08-31 11:52:13,223 INFO Matriz de confusao 
[[31 10]
 [ 6 44]]
2019-08-31 11:52:13,224 INFO Accuracy RF 
[0.7912087912087912, 0.8021978021978022, 0.8241758241758241, 0.8241758241758241, 0.8351648351648352, 0.8241758241758241, 0.8241758241758241]
2019-08-31 11:52:13,224 INFO Matrix Confusion RF 
[[array([[29, 12],
       [ 5, 45]]), array([[30, 11],
       [ 7, 43]]), array([[31, 10],
       [ 6, 44]]), array([[30, 11],
       [ 6, 44]]), array([[33,  8],
       [ 6, 44]]), array([[31, 10],
       [ 6, 44]]), array([[32,  9],
       [ 6, 44]])], [array([[32,  9],
       [ 5, 45]]), array([[28, 13],
       [ 7, 43]]), array([[31, 10],
       [ 6, 44]]), array([[30, 11],
       [ 6, 44]]), array([[31, 10],
       [ 6, 44]]), array([[31, 10],
       [ 6, 44]]), array([[31, 10],
       [ 6, 44]])], [array([[30, 11],
       [ 8, 42]]), array([[30, 11],
       [ 7, 43]]), array([[31, 10],
       [ 6, 44]]), array([[31, 10],
       [ 6, 44]]), array([[32,  9],
       [ 6, 44]]), array([[31, 10],
       [ 6, 44]]), array([[31, 10],
       [ 6, 44]])]]
2019-08-31 11:52:13,226 INFO N Media Interations = 4
2019-08-31 11:52:13,226 INFO Execucao EF 1
2019-08-31 11:52:13,269 INFO Acuracia = 0.8681318681318682
2019-08-31 11:52:13,269 INFO Matriz de confusao 
[[31 10]
 [ 2 48]]
2019-08-31 11:52:13,269 INFO Execucao EF 2
2019-08-31 11:52:13,503 INFO Acuracia = 0.8571428571428571
2019-08-31 11:52:13,503 INFO Matriz de confusao 
[[33  8]
 [ 5 45]]
2019-08-31 11:52:13,503 INFO Execucao EF 3
2019-08-31 11:52:14,371 INFO Acuracia = 0.8571428571428571
2019-08-31 11:52:14,371 INFO Matriz de confusao 
[[35  6]
 [ 7 43]]
2019-08-31 11:52:14,371 INFO Execucao EF 4
2019-08-31 11:52:16,618 INFO Acuracia = 0.8241758241758241
2019-08-31 11:52:16,618 INFO Matriz de confusao 
[[32  9]
 [ 7 43]]
2019-08-31 11:52:16,618 INFO Execucao EF 5
2019-08-31 11:52:20,854 INFO Acuracia = 0.8021978021978022
2019-08-31 11:52:20,854 INFO Matriz de confusao 
[[31 10]
 [ 8 42]]
2019-08-31 11:52:20,854 INFO Execucao EF 6
2019-08-31 11:52:26,676 INFO Acuracia = 0.7802197802197802
2019-08-31 11:52:26,676 INFO Matriz de confusao 
[[30 11]
 [ 9 41]]
2019-08-31 11:52:26,677 INFO Execucao EF 7
2019-08-31 11:52:32,703 INFO Acuracia = 0.7912087912087912
2019-08-31 11:52:32,703 INFO Matriz de confusao 
[[31 10]
 [ 9 41]]
2019-08-31 11:52:32,704 INFO Accuracy EF 
[0.8681318681318682, 0.8571428571428571, 0.8571428571428571, 0.8241758241758241, 0.8021978021978022, 0.7802197802197802, 0.7912087912087912]
2019-08-31 11:52:32,706 INFO Matrix Confusion EF 
[[array([[31, 10],
       [ 2, 48]]), array([[33,  8],
       [ 5, 45]]), array([[35,  6],
       [ 7, 43]]), array([[32,  9],
       [ 7, 43]]), array([[31, 10],
       [ 8, 42]]), array([[31, 10],
       [ 9, 41]]), array([[30, 11],
       [ 9, 41]])], [array([[31, 10],
       [ 2, 48]]), array([[33,  8],
       [ 5, 45]]), array([[35,  6],
       [ 7, 43]]), array([[33,  8],
       [ 7, 43]]), array([[31, 10],
       [ 8, 42]]), array([[30, 11],
       [ 9, 41]]), array([[30, 11],
       [ 9, 41]])], [array([[31, 10],
       [ 2, 48]]), array([[33,  8],
       [ 5, 45]]), array([[34,  7],
       [ 6, 44]]), array([[33,  8],
       [ 8, 42]]), array([[31, 10],
       [ 8, 42]]), array([[30, 11],
       [ 9, 41]]), array([[31, 10],
       [ 9, 41]])], [array([[31, 10],
       [ 2, 48]]), array([[33,  8],
       [ 5, 45]]), array([[35,  6],
       [ 7, 43]]), array([[32,  9],
       [ 7, 43]]), array([[31, 10],
       [ 8, 42]]), array([[30, 11],
       [ 9, 41]]), array([[31, 10],
       [ 9, 41]])]]
2019-08-31 11:52:32,706 INFO N arvores para o RF 13
2019-08-31 11:52:32,717 INFO Acuracia = 0.7912087912087912
2019-08-31 11:52:32,717 INFO Matriz de confusao 
[[30 11]
 [ 8 42]]
2019-08-31 11:52:32,717 INFO N arvores para o RF 78
2019-08-31 11:52:32,767 INFO Acuracia = 0.8241758241758241
2019-08-31 11:52:32,767 INFO Matriz de confusao 
[[31 10]
 [ 6 44]]
2019-08-31 11:52:32,767 INFO N arvores para o RF 286
2019-08-31 11:52:32,934 INFO Acuracia = 0.8351648351648352
2019-08-31 11:52:32,934 INFO Matriz de confusao 
[[32  9]
 [ 6 44]]
2019-08-31 11:52:32,934 INFO N arvores para o RF 715
2019-08-31 11:52:33,348 INFO Acuracia = 0.8241758241758241
2019-08-31 11:52:33,348 INFO Matriz de confusao 
[[31 10]
 [ 6 44]]
2019-08-31 11:52:33,349 INFO N arvores para o RF 1287
2019-08-31 11:52:34,125 INFO Acuracia = 0.8241758241758241
2019-08-31 11:52:34,125 INFO Matriz de confusao 
[[31 10]
 [ 6 44]]
2019-08-31 11:52:34,126 INFO N arvores para o RF 1716
2019-08-31 11:52:35,120 INFO Acuracia = 0.8241758241758241
2019-08-31 11:52:35,120 INFO Matriz de confusao 
[[31 10]
 [ 6 44]]
2019-08-31 11:52:35,122 INFO N arvores para o RF 1716
2019-08-31 11:52:36,107 INFO Acuracia = 0.8241758241758241
2019-08-31 11:52:36,107 INFO Matriz de confusao 
[[31 10]
 [ 6 44]]
2019-08-31 11:52:36,108 INFO Accuracy RF 
[0.7912087912087912, 0.8241758241758241, 0.8351648351648352, 0.8241758241758241, 0.8241758241758241, 0.8241758241758241, 0.8241758241758241]
2019-08-31 11:52:36,109 INFO Matrix Confusion RF 
[[array([[29, 12],
       [ 5, 45]]), array([[30, 11],
       [ 7, 43]]), array([[31, 10],
       [ 6, 44]]), array([[30, 11],
       [ 6, 44]]), array([[33,  8],
       [ 6, 44]]), array([[31, 10],
       [ 6, 44]]), array([[32,  9],
       [ 6, 44]])], [array([[32,  9],
       [ 5, 45]]), array([[28, 13],
       [ 7, 43]]), array([[31, 10],
       [ 6, 44]]), array([[30, 11],
       [ 6, 44]]), array([[31, 10],
       [ 6, 44]]), array([[31, 10],
       [ 6, 44]]), array([[31, 10],
       [ 6, 44]])], [array([[30, 11],
       [ 8, 42]]), array([[30, 11],
       [ 7, 43]]), array([[31, 10],
       [ 6, 44]]), array([[31, 10],
       [ 6, 44]]), array([[32,  9],
       [ 6, 44]]), array([[31, 10],
       [ 6, 44]]), array([[31, 10],
       [ 6, 44]])], [array([[30, 11],
       [ 8, 42]]), array([[31, 10],
       [ 6, 44]]), array([[32,  9],
       [ 6, 44]]), array([[31, 10],
       [ 6, 44]]), array([[31, 10],
       [ 6, 44]]), array([[31, 10],
       [ 6, 44]]), array([[31, 10],
       [ 6, 44]])]]
2019-08-31 11:52:36,110 INFO N Media Interations = 5
2019-08-31 11:52:36,110 INFO Execucao EF 1
2019-08-31 11:52:36,159 INFO Acuracia = 0.8681318681318682
2019-08-31 11:52:36,160 INFO Matriz de confusao 
[[31 10]
 [ 2 48]]
2019-08-31 11:52:36,160 INFO Execucao EF 2
2019-08-31 11:52:36,427 INFO Acuracia = 0.8681318681318682
2019-08-31 11:52:36,427 INFO Matriz de confusao 
[[33  8]
 [ 4 46]]
2019-08-31 11:52:36,428 INFO Execucao EF 3
2019-08-31 11:52:37,446 INFO Acuracia = 0.8571428571428571
2019-08-31 11:52:37,446 INFO Matriz de confusao 
[[35  6]
 [ 7 43]]
2019-08-31 11:52:37,446 INFO Execucao EF 4
2019-08-31 11:52:40,097 INFO Acuracia = 0.8241758241758241
2019-08-31 11:52:40,097 INFO Matriz de confusao 
[[32  9]
 [ 7 43]]
2019-08-31 11:52:40,098 INFO Execucao EF 5
2019-08-31 11:52:44,673 INFO Acuracia = 0.8021978021978022
2019-08-31 11:52:44,673 INFO Matriz de confusao 
[[31 10]
 [ 8 42]]
2019-08-31 11:52:44,674 INFO Execucao EF 6
2019-08-31 11:52:51,081 INFO Acuracia = 0.7802197802197802
2019-08-31 11:52:51,081 INFO Matriz de confusao 
[[30 11]
 [ 9 41]]
2019-08-31 11:52:51,082 INFO Execucao EF 7
2019-08-31 11:52:57,309 INFO Acuracia = 0.7802197802197802
2019-08-31 11:52:57,309 INFO Matriz de confusao 
[[30 11]
 [ 9 41]]
2019-08-31 11:52:57,310 INFO Accuracy EF 
[0.8681318681318682, 0.8681318681318682, 0.8571428571428571, 0.8241758241758241, 0.8021978021978022, 0.7802197802197802, 0.7802197802197802]
2019-08-31 11:52:57,312 INFO Matrix Confusion EF 
[[array([[31, 10],
       [ 2, 48]]), array([[33,  8],
       [ 5, 45]]), array([[35,  6],
       [ 7, 43]]), array([[32,  9],
       [ 7, 43]]), array([[31, 10],
       [ 8, 42]]), array([[31, 10],
       [ 9, 41]]), array([[30, 11],
       [ 9, 41]])], [array([[31, 10],
       [ 2, 48]]), array([[33,  8],
       [ 5, 45]]), array([[35,  6],
       [ 7, 43]]), array([[33,  8],
       [ 7, 43]]), array([[31, 10],
       [ 8, 42]]), array([[30, 11],
       [ 9, 41]]), array([[30, 11],
       [ 9, 41]])], [array([[31, 10],
       [ 2, 48]]), array([[33,  8],
       [ 5, 45]]), array([[34,  7],
       [ 6, 44]]), array([[33,  8],
       [ 8, 42]]), array([[31, 10],
       [ 8, 42]]), array([[30, 11],
       [ 9, 41]]), array([[31, 10],
       [ 9, 41]])], [array([[31, 10],
       [ 2, 48]]), array([[33,  8],
       [ 5, 45]]), array([[35,  6],
       [ 7, 43]]), array([[32,  9],
       [ 7, 43]]), array([[31, 10],
       [ 8, 42]]), array([[30, 11],
       [ 9, 41]]), array([[31, 10],
       [ 9, 41]])], [array([[31, 10],
       [ 2, 48]]), array([[33,  8],
       [ 4, 46]]), array([[35,  6],
       [ 7, 43]]), array([[32,  9],
       [ 7, 43]]), array([[31, 10],
       [ 8, 42]]), array([[30, 11],
       [ 9, 41]]), array([[30, 11],
       [ 9, 41]])]]
2019-08-31 11:52:57,312 INFO N arvores para o RF 13
2019-08-31 11:52:57,322 INFO Acuracia = 0.8351648351648352
2019-08-31 11:52:57,322 INFO Matriz de confusao 
[[30 11]
 [ 4 46]]
2019-08-31 11:52:57,322 INFO N arvores para o RF 78
2019-08-31 11:52:57,369 INFO Acuracia = 0.8131868131868132
2019-08-31 11:52:57,369 INFO Matriz de confusao 
[[32  9]
 [ 8 42]]
2019-08-31 11:52:57,370 INFO N arvores para o RF 286
2019-08-31 11:52:57,536 INFO Acuracia = 0.8351648351648352
2019-08-31 11:52:57,536 INFO Matriz de confusao 
[[32  9]
 [ 6 44]]
2019-08-31 11:52:57,537 INFO N arvores para o RF 715
2019-08-31 11:52:57,949 INFO Acuracia = 0.8461538461538461
2019-08-31 11:52:57,949 INFO Matriz de confusao 
[[32  9]
 [ 5 45]]
2019-08-31 11:52:57,950 INFO N arvores para o RF 1287
2019-08-31 11:52:58,688 INFO Acuracia = 0.8131868131868132
2019-08-31 11:52:58,688 INFO Matriz de confusao 
[[30 11]
 [ 6 44]]
2019-08-31 11:52:58,689 INFO N arvores para o RF 1716
2019-08-31 11:52:59,710 INFO Acuracia = 0.8241758241758241
2019-08-31 11:52:59,710 INFO Matriz de confusao 
[[31 10]
 [ 6 44]]
2019-08-31 11:52:59,712 INFO N arvores para o RF 1716
2019-08-31 11:53:00,719 INFO Acuracia = 0.8131868131868132
2019-08-31 11:53:00,719 INFO Matriz de confusao 
[[30 11]
 [ 6 44]]
2019-08-31 11:53:00,720 INFO Accuracy RF 
[0.8351648351648352, 0.8131868131868132, 0.8351648351648352, 0.8461538461538461, 0.8131868131868132, 0.8241758241758241, 0.8131868131868132]
2019-08-31 11:53:00,722 INFO Matrix Confusion RF 
[[array([[29, 12],
       [ 5, 45]]), array([[30, 11],
       [ 7, 43]]), array([[31, 10],
       [ 6, 44]]), array([[30, 11],
       [ 6, 44]]), array([[33,  8],
       [ 6, 44]]), array([[31, 10],
       [ 6, 44]]), array([[32,  9],
       [ 6, 44]])], [array([[32,  9],
       [ 5, 45]]), array([[28, 13],
       [ 7, 43]]), array([[31, 10],
       [ 6, 44]]), array([[30, 11],
       [ 6, 44]]), array([[31, 10],
       [ 6, 44]]), array([[31, 10],
       [ 6, 44]]), array([[31, 10],
       [ 6, 44]])], [array([[30, 11],
       [ 8, 42]]), array([[30, 11],
       [ 7, 43]]), array([[31, 10],
       [ 6, 44]]), array([[31, 10],
       [ 6, 44]]), array([[32,  9],
       [ 6, 44]]), array([[31, 10],
       [ 6, 44]]), array([[31, 10],
       [ 6, 44]])], [array([[30, 11],
       [ 8, 42]]), array([[31, 10],
       [ 6, 44]]), array([[32,  9],
       [ 6, 44]]), array([[31, 10],
       [ 6, 44]]), array([[31, 10],
       [ 6, 44]]), array([[31, 10],
       [ 6, 44]]), array([[31, 10],
       [ 6, 44]])], [array([[30, 11],
       [ 4, 46]]), array([[32,  9],
       [ 8, 42]]), array([[32,  9],
       [ 6, 44]]), array([[32,  9],
       [ 5, 45]]), array([[30, 11],
       [ 6, 44]]), array([[31, 10],
       [ 6, 44]]), array([[30, 11],
       [ 6, 44]])]]
