2019-09-06 11:20:41,558 INFO N Media Interations = 1
2019-09-06 11:20:41,559 INFO Execucao EF 1
2019-09-06 11:20:41,596 INFO Execucao EF 2
2019-09-06 11:20:41,801 INFO Execucao EF 3
2019-09-06 11:20:42,541 INFO Execucao EF 4
2019-09-06 11:20:44,456 INFO Execucao EF 5
2019-09-06 11:20:47,970 INFO Execucao EF 6
2019-09-06 11:20:52,749 INFO Execucao EF 7
2019-09-06 11:20:57,713 INFO Accuracy EF 
[0.7582417582417582, 0.7912087912087912, 0.7802197802197802, 0.7802197802197802, 0.7472527472527473, 0.7472527472527473, 0.7472527472527473]
2019-09-06 11:20:57,714 INFO Matrix Confusion EF 
[[array([[26, 15],
       [ 7, 43]]), array([[30, 11],
       [ 8, 42]]), array([[29, 12],
       [ 8, 42]]), array([[29, 12],
       [ 8, 42]]), array([[27, 14],
       [ 9, 41]]), array([[26, 15],
       [ 8, 42]]), array([[26, 15],
       [ 8, 42]])]]
2019-09-06 11:20:57,714 INFO N arvores para o RF 13
2019-09-06 11:20:57,724 INFO N arvores para o RF 78
2019-09-06 11:20:57,770 INFO N arvores para o RF 286
2019-09-06 11:20:57,929 INFO N arvores para o RF 715
2019-09-06 11:20:58,321 INFO N arvores para o RF 1287
2019-09-06 11:20:59,020 INFO N arvores para o RF 1716
2019-09-06 11:20:59,962 INFO N arvores para o RF 1716
2019-09-06 11:21:00,895 INFO Accuracy RF 
[0.7692307692307693, 0.7692307692307693, 0.7692307692307693, 0.7692307692307693, 0.7802197802197802, 0.7692307692307693, 0.7692307692307693]
2019-09-06 11:21:00,895 INFO Matrix Confusion RF 
[[array([[28, 13],
       [ 8, 42]]), array([[29, 12],
       [ 9, 41]]), array([[29, 12],
       [ 9, 41]]), array([[29, 12],
       [ 9, 41]]), array([[30, 11],
       [ 9, 41]]), array([[29, 12],
       [ 9, 41]]), array([[29, 12],
       [ 9, 41]])]]
2019-09-06 11:21:00,897 INFO N Media Interations = 2
2019-09-06 11:21:00,897 INFO Execucao EF 1
2019-09-06 11:21:00,934 INFO Execucao EF 2
2019-09-06 11:21:01,145 INFO Execucao EF 3
2019-09-06 11:21:01,933 INFO Execucao EF 4
2019-09-06 11:21:03,959 INFO Execucao EF 5
2019-09-06 11:21:07,733 INFO Execucao EF 6
2019-09-06 11:21:12,864 INFO Execucao EF 7
2019-09-06 11:21:18,035 INFO Accuracy EF 
[0.7582417582417582, 0.7912087912087912, 0.7802197802197802, 0.7692307692307693, 0.7472527472527473, 0.7362637362637363, 0.7472527472527473]
2019-09-06 11:21:18,036 INFO Matrix Confusion EF 
[[array([[26, 15],
       [ 7, 43]]), array([[30, 11],
       [ 8, 42]]), array([[29, 12],
       [ 8, 42]]), array([[29, 12],
       [ 8, 42]]), array([[27, 14],
       [ 9, 41]]), array([[26, 15],
       [ 8, 42]]), array([[26, 15],
       [ 8, 42]])], [array([[26, 15],
       [ 7, 43]]), array([[30, 11],
       [ 8, 42]]), array([[29, 12],
       [ 8, 42]]), array([[28, 13],
       [ 8, 42]]), array([[26, 15],
       [ 8, 42]]), array([[26, 15],
       [ 9, 41]]), array([[26, 15],
       [ 8, 42]])]]
2019-09-06 11:21:18,036 INFO N arvores para o RF 13
2019-09-06 11:21:18,045 INFO N arvores para o RF 78
2019-09-06 11:21:18,092 INFO N arvores para o RF 286
2019-09-06 11:21:18,251 INFO N arvores para o RF 715
2019-09-06 11:21:18,637 INFO N arvores para o RF 1287
2019-09-06 11:21:19,335 INFO N arvores para o RF 1716
2019-09-06 11:21:20,268 INFO N arvores para o RF 1716
2019-09-06 11:21:21,202 INFO Accuracy RF 
[0.7582417582417582, 0.7472527472527473, 0.7582417582417582, 0.7692307692307693, 0.7692307692307693, 0.7692307692307693, 0.7692307692307693]
2019-09-06 11:21:21,203 INFO Matrix Confusion RF 
[[array([[28, 13],
       [ 8, 42]]), array([[29, 12],
       [ 9, 41]]), array([[29, 12],
       [ 9, 41]]), array([[29, 12],
       [ 9, 41]]), array([[30, 11],
       [ 9, 41]]), array([[29, 12],
       [ 9, 41]]), array([[29, 12],
       [ 9, 41]])], [array([[29, 12],
       [10, 40]]), array([[28, 13],
       [10, 40]]), array([[29, 12],
       [10, 40]]), array([[29, 12],
       [ 9, 41]]), array([[29, 12],
       [ 9, 41]]), array([[29, 12],
       [ 9, 41]]), array([[29, 12],
       [ 9, 41]])]]
2019-09-06 11:21:21,205 INFO N Media Interations = 3
2019-09-06 11:21:21,205 INFO Execucao EF 1
2019-09-06 11:21:21,244 INFO Execucao EF 2
2019-09-06 11:21:21,463 INFO Execucao EF 3
2019-09-06 11:21:22,285 INFO Execucao EF 4
2019-09-06 11:21:24,386 INFO Execucao EF 5
2019-09-06 11:21:28,285 INFO Execucao EF 6
2019-09-06 11:21:33,563 INFO Execucao EF 7
2019-09-06 11:21:38,981 INFO Accuracy EF 
[0.7582417582417582, 0.7802197802197802, 0.7802197802197802, 0.7582417582417582, 0.7362637362637363, 0.7362637362637363, 0.7472527472527473]
2019-09-06 11:21:38,982 INFO Matrix Confusion EF 
[[array([[26, 15],
       [ 7, 43]]), array([[30, 11],
       [ 8, 42]]), array([[29, 12],
       [ 8, 42]]), array([[29, 12],
       [ 8, 42]]), array([[27, 14],
       [ 9, 41]]), array([[26, 15],
       [ 8, 42]]), array([[26, 15],
       [ 8, 42]])], [array([[26, 15],
       [ 7, 43]]), array([[30, 11],
       [ 8, 42]]), array([[29, 12],
       [ 8, 42]]), array([[28, 13],
       [ 8, 42]]), array([[26, 15],
       [ 8, 42]]), array([[26, 15],
       [ 9, 41]]), array([[26, 15],
       [ 8, 42]])], [array([[26, 15],
       [ 7, 43]]), array([[29, 12],
       [ 8, 42]]), array([[29, 12],
       [ 8, 42]]), array([[27, 14],
       [ 8, 42]]), array([[26, 15],
       [ 9, 41]]), array([[26, 15],
       [ 9, 41]]), array([[26, 15],
       [ 8, 42]])]]
2019-09-06 11:21:38,982 INFO N arvores para o RF 13
2019-09-06 11:21:38,991 INFO N arvores para o RF 78
2019-09-06 11:21:39,035 INFO N arvores para o RF 286
2019-09-06 11:21:39,193 INFO N arvores para o RF 715
2019-09-06 11:21:39,582 INFO N arvores para o RF 1287
2019-09-06 11:21:40,290 INFO N arvores para o RF 1716
2019-09-06 11:21:41,238 INFO N arvores para o RF 1716
2019-09-06 11:21:42,171 INFO Accuracy RF 
[0.7692307692307693, 0.7582417582417582, 0.7692307692307693, 0.7692307692307693, 0.7802197802197802, 0.7692307692307693, 0.7802197802197802]
2019-09-06 11:21:42,172 INFO Matrix Confusion RF 
[[array([[28, 13],
       [ 8, 42]]), array([[29, 12],
       [ 9, 41]]), array([[29, 12],
       [ 9, 41]]), array([[29, 12],
       [ 9, 41]]), array([[30, 11],
       [ 9, 41]]), array([[29, 12],
       [ 9, 41]]), array([[29, 12],
       [ 9, 41]])], [array([[29, 12],
       [10, 40]]), array([[28, 13],
       [10, 40]]), array([[29, 12],
       [10, 40]]), array([[29, 12],
       [ 9, 41]]), array([[29, 12],
       [ 9, 41]]), array([[29, 12],
       [ 9, 41]]), array([[29, 12],
       [ 9, 41]])], [array([[30, 11],
       [10, 40]]), array([[28, 13],
       [ 9, 41]]), array([[29, 12],
       [ 9, 41]]), array([[29, 12],
       [ 9, 41]]), array([[30, 11],
       [ 9, 41]]), array([[29, 12],
       [ 9, 41]]), array([[30, 11],
       [ 9, 41]])]]
2019-09-06 11:21:42,173 INFO N Media Interations = 4
2019-09-06 11:21:42,173 INFO Execucao EF 1
2019-09-06 11:21:42,215 INFO Execucao EF 2
2019-09-06 11:21:42,445 INFO Execucao EF 3
2019-09-06 11:21:43,302 INFO Execucao EF 4
2019-09-06 11:21:45,502 INFO Execucao EF 5
2019-09-06 11:21:49,560 INFO Execucao EF 6
2019-09-06 11:21:55,088 INFO Execucao EF 7
2019-09-06 11:22:00,747 INFO Accuracy EF 
[0.7582417582417582, 0.7692307692307693, 0.7802197802197802, 0.7582417582417582, 0.7362637362637363, 0.7472527472527473, 0.7472527472527473]
2019-09-06 11:22:00,748 INFO Matrix Confusion EF 
[[array([[26, 15],
       [ 7, 43]]), array([[30, 11],
       [ 8, 42]]), array([[29, 12],
       [ 8, 42]]), array([[29, 12],
       [ 8, 42]]), array([[27, 14],
       [ 9, 41]]), array([[26, 15],
       [ 8, 42]]), array([[26, 15],
       [ 8, 42]])], [array([[26, 15],
       [ 7, 43]]), array([[30, 11],
       [ 8, 42]]), array([[29, 12],
       [ 8, 42]]), array([[28, 13],
       [ 8, 42]]), array([[26, 15],
       [ 8, 42]]), array([[26, 15],
       [ 9, 41]]), array([[26, 15],
       [ 8, 42]])], [array([[26, 15],
       [ 7, 43]]), array([[29, 12],
       [ 8, 42]]), array([[29, 12],
       [ 8, 42]]), array([[27, 14],
       [ 8, 42]]), array([[26, 15],
       [ 9, 41]]), array([[26, 15],
       [ 9, 41]]), array([[26, 15],
       [ 8, 42]])], [array([[26, 15],
       [ 7, 43]]), array([[28, 13],
       [ 8, 42]]), array([[29, 12],
       [ 8, 42]]), array([[27, 14],
       [ 8, 42]]), array([[26, 15],
       [ 9, 41]]), array([[26, 15],
       [ 8, 42]]), array([[26, 15],
       [ 8, 42]])]]
2019-09-06 11:22:00,748 INFO N arvores para o RF 13
2019-09-06 11:22:00,758 INFO N arvores para o RF 78
2019-09-06 11:22:00,803 INFO N arvores para o RF 286
2019-09-06 11:22:00,962 INFO N arvores para o RF 715
2019-09-06 11:22:01,353 INFO N arvores para o RF 1287
2019-09-06 11:22:02,075 INFO N arvores para o RF 1716
2019-09-06 11:22:03,002 INFO N arvores para o RF 1716
2019-09-06 11:22:03,930 INFO Accuracy RF 
[0.7252747252747253, 0.7692307692307693, 0.7802197802197802, 0.7692307692307693, 0.7582417582417582, 0.7692307692307693, 0.7802197802197802]
2019-09-06 11:22:03,931 INFO Matrix Confusion RF 
[[array([[28, 13],
       [ 8, 42]]), array([[29, 12],
       [ 9, 41]]), array([[29, 12],
       [ 9, 41]]), array([[29, 12],
       [ 9, 41]]), array([[30, 11],
       [ 9, 41]]), array([[29, 12],
       [ 9, 41]]), array([[29, 12],
       [ 9, 41]])], [array([[29, 12],
       [10, 40]]), array([[28, 13],
       [10, 40]]), array([[29, 12],
       [10, 40]]), array([[29, 12],
       [ 9, 41]]), array([[29, 12],
       [ 9, 41]]), array([[29, 12],
       [ 9, 41]]), array([[29, 12],
       [ 9, 41]])], [array([[30, 11],
       [10, 40]]), array([[28, 13],
       [ 9, 41]]), array([[29, 12],
       [ 9, 41]]), array([[29, 12],
       [ 9, 41]]), array([[30, 11],
       [ 9, 41]]), array([[29, 12],
       [ 9, 41]]), array([[30, 11],
       [ 9, 41]])], [array([[27, 14],
       [11, 39]]), array([[30, 11],
       [10, 40]]), array([[31, 10],
       [10, 40]]), array([[30, 11],
       [10, 40]]), array([[28, 13],
       [ 9, 41]]), array([[29, 12],
       [ 9, 41]]), array([[29, 12],
       [ 8, 42]])]]
2019-09-06 11:22:03,933 INFO N Media Interations = 5
2019-09-06 11:22:03,933 INFO Execucao EF 1
2019-09-06 11:22:03,977 INFO Execucao EF 2
2019-09-06 11:22:04,219 INFO Execucao EF 3
2019-09-06 11:22:05,116 INFO Execucao EF 4
2019-09-06 11:22:07,416 INFO Execucao EF 5
2019-09-06 11:22:11,665 INFO Execucao EF 6
2019-09-06 11:22:17,445 INFO Execucao EF 7
2019-09-06 11:22:23,371 INFO Accuracy EF 
[0.7582417582417582, 0.7912087912087912, 0.7802197802197802, 0.7692307692307693, 0.7472527472527473, 0.7472527472527473, 0.7472527472527473]
2019-09-06 11:22:23,372 INFO Matrix Confusion EF 
[[array([[26, 15],
       [ 7, 43]]), array([[30, 11],
       [ 8, 42]]), array([[29, 12],
       [ 8, 42]]), array([[29, 12],
       [ 8, 42]]), array([[27, 14],
       [ 9, 41]]), array([[26, 15],
       [ 8, 42]]), array([[26, 15],
       [ 8, 42]])], [array([[26, 15],
       [ 7, 43]]), array([[30, 11],
       [ 8, 42]]), array([[29, 12],
       [ 8, 42]]), array([[28, 13],
       [ 8, 42]]), array([[26, 15],
       [ 8, 42]]), array([[26, 15],
       [ 9, 41]]), array([[26, 15],
       [ 8, 42]])], [array([[26, 15],
       [ 7, 43]]), array([[29, 12],
       [ 8, 42]]), array([[29, 12],
       [ 8, 42]]), array([[27, 14],
       [ 8, 42]]), array([[26, 15],
       [ 9, 41]]), array([[26, 15],
       [ 9, 41]]), array([[26, 15],
       [ 8, 42]])], [array([[26, 15],
       [ 7, 43]]), array([[28, 13],
       [ 8, 42]]), array([[29, 12],
       [ 8, 42]]), array([[27, 14],
       [ 8, 42]]), array([[26, 15],
       [ 9, 41]]), array([[26, 15],
       [ 8, 42]]), array([[26, 15],
       [ 8, 42]])], [array([[26, 15],
       [ 7, 43]]), array([[30, 11],
       [ 8, 42]]), array([[29, 12],
       [ 8, 42]]), array([[28, 13],
       [ 8, 42]]), array([[27, 14],
       [ 9, 41]]), array([[26, 15],
       [ 8, 42]]), array([[26, 15],
       [ 8, 42]])]]
2019-09-06 11:22:23,373 INFO N arvores para o RF 13
2019-09-06 11:22:23,382 INFO N arvores para o RF 78
2019-09-06 11:22:23,427 INFO N arvores para o RF 286
2019-09-06 11:22:23,585 INFO N arvores para o RF 715
2019-09-06 11:22:23,980 INFO N arvores para o RF 1287
2019-09-06 11:22:24,684 INFO N arvores para o RF 1716
2019-09-06 11:22:25,608 INFO N arvores para o RF 1716
2019-09-06 11:22:26,535 INFO Accuracy RF 
[0.7912087912087912, 0.7582417582417582, 0.7472527472527473, 0.7802197802197802, 0.7692307692307693, 0.7802197802197802, 0.7692307692307693]
2019-09-06 11:22:26,537 INFO Matrix Confusion RF 
[[array([[28, 13],
       [ 8, 42]]), array([[29, 12],
       [ 9, 41]]), array([[29, 12],
       [ 9, 41]]), array([[29, 12],
       [ 9, 41]]), array([[30, 11],
       [ 9, 41]]), array([[29, 12],
       [ 9, 41]]), array([[29, 12],
       [ 9, 41]])], [array([[29, 12],
       [10, 40]]), array([[28, 13],
       [10, 40]]), array([[29, 12],
       [10, 40]]), array([[29, 12],
       [ 9, 41]]), array([[29, 12],
       [ 9, 41]]), array([[29, 12],
       [ 9, 41]]), array([[29, 12],
       [ 9, 41]])], [array([[30, 11],
       [10, 40]]), array([[28, 13],
       [ 9, 41]]), array([[29, 12],
       [ 9, 41]]), array([[29, 12],
       [ 9, 41]]), array([[30, 11],
       [ 9, 41]]), array([[29, 12],
       [ 9, 41]]), array([[30, 11],
       [ 9, 41]])], [array([[27, 14],
       [11, 39]]), array([[30, 11],
       [10, 40]]), array([[31, 10],
       [10, 40]]), array([[30, 11],
       [10, 40]]), array([[28, 13],
       [ 9, 41]]), array([[29, 12],
       [ 9, 41]]), array([[29, 12],
       [ 8, 42]])], [array([[29, 12],
       [ 7, 43]]), array([[28, 13],
       [ 9, 41]]), array([[28, 13],
       [10, 40]]), array([[30, 11],
       [ 9, 41]]), array([[29, 12],
       [ 9, 41]]), array([[30, 11],
       [ 9, 41]]), array([[29, 12],
       [ 9, 41]])]]
