2019-08-31 12:05:29,460 INFO N Media Interations = 1
2019-08-31 12:05:29,460 INFO Execucao EF 1
2019-08-31 12:05:29,498 INFO Acuracia = 0.7692307692307693
2019-08-31 12:05:29,498 INFO Matriz de confusao 
[[28 13]
 [ 8 42]]
2019-08-31 12:05:29,498 INFO Execucao EF 2
2019-08-31 12:05:29,707 INFO Acuracia = 0.7912087912087912
2019-08-31 12:05:29,707 INFO Matriz de confusao 
[[31 10]
 [ 9 41]]
2019-08-31 12:05:29,707 INFO Execucao EF 3
2019-08-31 12:05:30,474 INFO Acuracia = 0.8131868131868132
2019-08-31 12:05:30,475 INFO Matriz de confusao 
[[32  9]
 [ 8 42]]
2019-08-31 12:05:30,475 INFO Execucao EF 4
2019-08-31 12:05:32,578 INFO Acuracia = 0.7912087912087912
2019-08-31 12:05:32,578 INFO Matriz de confusao 
[[31 10]
 [ 9 41]]
2019-08-31 12:05:32,578 INFO Execucao EF 5
2019-08-31 12:05:36,434 INFO Acuracia = 0.8021978021978022
2019-08-31 12:05:36,435 INFO Matriz de confusao 
[[31 10]
 [ 8 42]]
2019-08-31 12:05:36,435 INFO Execucao EF 6
2019-08-31 12:05:41,424 INFO Acuracia = 0.7802197802197802
2019-08-31 12:05:41,424 INFO Matriz de confusao 
[[31 10]
 [10 40]]
2019-08-31 12:05:41,425 INFO Execucao EF 7
2019-08-31 12:05:46,570 INFO Acuracia = 0.7802197802197802
2019-08-31 12:05:46,570 INFO Matriz de confusao 
[[31 10]
 [10 40]]
2019-08-31 12:05:46,571 INFO Accuracy EF 
[0.7692307692307693, 0.7912087912087912, 0.8131868131868132, 0.7912087912087912, 0.8021978021978022, 0.7802197802197802, 0.7802197802197802]
2019-08-31 12:05:46,572 INFO Matrix Confusion EF 
[[array([[28, 13],
       [ 8, 42]]), array([[31, 10],
       [ 9, 41]]), array([[32,  9],
       [ 8, 42]]), array([[31, 10],
       [ 9, 41]]), array([[31, 10],
       [ 8, 42]]), array([[31, 10],
       [10, 40]]), array([[31, 10],
       [10, 40]])]]
2019-08-31 12:05:46,572 INFO N arvores para o RF 13
2019-08-31 12:05:46,582 INFO Acuracia = 0.8021978021978022
2019-08-31 12:05:46,582 INFO Matriz de confusao 
[[33  8]
 [10 40]]
2019-08-31 12:05:46,582 INFO N arvores para o RF 78
2019-08-31 12:05:46,629 INFO Acuracia = 0.8021978021978022
2019-08-31 12:05:46,629 INFO Matriz de confusao 
[[31 10]
 [ 8 42]]
2019-08-31 12:05:46,629 INFO N arvores para o RF 286
2019-08-31 12:05:46,794 INFO Acuracia = 0.8131868131868132
2019-08-31 12:05:46,794 INFO Matriz de confusao 
[[31 10]
 [ 7 43]]
2019-08-31 12:05:46,795 INFO N arvores para o RF 715
2019-08-31 12:05:47,201 INFO Acuracia = 0.8021978021978022
2019-08-31 12:05:47,201 INFO Matriz de confusao 
[[32  9]
 [ 9 41]]
2019-08-31 12:05:47,202 INFO N arvores para o RF 1287
2019-08-31 12:05:47,927 INFO Acuracia = 0.8131868131868132
2019-08-31 12:05:47,927 INFO Matriz de confusao 
[[31 10]
 [ 7 43]]
2019-08-31 12:05:47,928 INFO N arvores para o RF 1716
2019-08-31 12:05:48,893 INFO Acuracia = 0.8241758241758241
2019-08-31 12:05:48,893 INFO Matriz de confusao 
[[32  9]
 [ 7 43]]
2019-08-31 12:05:48,894 INFO N arvores para o RF 1716
2019-08-31 12:05:49,868 INFO Acuracia = 0.8021978021978022
2019-08-31 12:05:49,868 INFO Matriz de confusao 
[[31 10]
 [ 8 42]]
2019-08-31 12:05:49,870 INFO Accuracy RF 
[0.8021978021978022, 0.8021978021978022, 0.8131868131868132, 0.8021978021978022, 0.8131868131868132, 0.8241758241758241, 0.8021978021978022]
2019-08-31 12:05:49,870 INFO Matrix Confusion RF 
[[array([[33,  8],
       [10, 40]]), array([[31, 10],
       [ 8, 42]]), array([[31, 10],
       [ 7, 43]]), array([[32,  9],
       [ 9, 41]]), array([[31, 10],
       [ 7, 43]]), array([[32,  9],
       [ 7, 43]]), array([[31, 10],
       [ 8, 42]])]]
2019-08-31 12:05:49,872 INFO N Media Interations = 2
2019-08-31 12:05:49,872 INFO Execucao EF 1
2019-08-31 12:05:49,910 INFO Acuracia = 0.7692307692307693
2019-08-31 12:05:49,910 INFO Matriz de confusao 
[[28 13]
 [ 8 42]]
2019-08-31 12:05:49,910 INFO Execucao EF 2
2019-08-31 12:05:50,126 INFO Acuracia = 0.8021978021978022
2019-08-31 12:05:50,126 INFO Matriz de confusao 
[[31 10]
 [ 8 42]]
2019-08-31 12:05:50,126 INFO Execucao EF 3
2019-08-31 12:05:50,931 INFO Acuracia = 0.8131868131868132
2019-08-31 12:05:50,931 INFO Matriz de confusao 
[[32  9]
 [ 8 42]]
2019-08-31 12:05:50,931 INFO Execucao EF 4
2019-08-31 12:05:53,070 INFO Acuracia = 0.7912087912087912
2019-08-31 12:05:53,070 INFO Matriz de confusao 
[[31 10]
 [ 9 41]]
2019-08-31 12:05:53,070 INFO Execucao EF 5
2019-08-31 12:05:56,967 INFO Acuracia = 0.7802197802197802
2019-08-31 12:05:56,967 INFO Matriz de confusao 
[[31 10]
 [10 40]]
2019-08-31 12:05:56,968 INFO Execucao EF 6
2019-08-31 12:06:02,273 INFO Acuracia = 0.7802197802197802
2019-08-31 12:06:02,273 INFO Matriz de confusao 
[[31 10]
 [10 40]]
2019-08-31 12:06:02,274 INFO Execucao EF 7
2019-08-31 12:06:07,808 INFO Acuracia = 0.7692307692307693
2019-08-31 12:06:07,809 INFO Matriz de confusao 
[[31 10]
 [11 39]]
2019-08-31 12:06:07,810 INFO Accuracy EF 
[0.7692307692307693, 0.8021978021978022, 0.8131868131868132, 0.7912087912087912, 0.7802197802197802, 0.7802197802197802, 0.7692307692307693]
2019-08-31 12:06:07,810 INFO Matrix Confusion EF 
[[array([[28, 13],
       [ 8, 42]]), array([[31, 10],
       [ 9, 41]]), array([[32,  9],
       [ 8, 42]]), array([[31, 10],
       [ 9, 41]]), array([[31, 10],
       [ 8, 42]]), array([[31, 10],
       [10, 40]]), array([[31, 10],
       [10, 40]])], [array([[28, 13],
       [ 8, 42]]), array([[31, 10],
       [ 8, 42]]), array([[32,  9],
       [ 8, 42]]), array([[31, 10],
       [ 9, 41]]), array([[31, 10],
       [10, 40]]), array([[31, 10],
       [10, 40]]), array([[31, 10],
       [11, 39]])]]
2019-08-31 12:06:07,810 INFO N arvores para o RF 13
2019-08-31 12:06:07,821 INFO Acuracia = 0.8021978021978022
2019-08-31 12:06:07,821 INFO Matriz de confusao 
[[31 10]
 [ 8 42]]
2019-08-31 12:06:07,821 INFO N arvores para o RF 78
2019-08-31 12:06:07,871 INFO Acuracia = 0.8021978021978022
2019-08-31 12:06:07,871 INFO Matriz de confusao 
[[30 11]
 [ 7 43]]
2019-08-31 12:06:07,871 INFO N arvores para o RF 286
2019-08-31 12:06:08,039 INFO Acuracia = 0.7912087912087912
2019-08-31 12:06:08,039 INFO Matriz de confusao 
[[31 10]
 [ 9 41]]
2019-08-31 12:06:08,039 INFO N arvores para o RF 715
2019-08-31 12:06:08,448 INFO Acuracia = 0.8241758241758241
2019-08-31 12:06:08,448 INFO Matriz de confusao 
[[31 10]
 [ 6 44]]
2019-08-31 12:06:08,449 INFO N arvores para o RF 1287
2019-08-31 12:06:09,172 INFO Acuracia = 0.8241758241758241
2019-08-31 12:06:09,172 INFO Matriz de confusao 
[[32  9]
 [ 7 43]]
2019-08-31 12:06:09,173 INFO N arvores para o RF 1716
2019-08-31 12:06:10,184 INFO Acuracia = 0.8241758241758241
2019-08-31 12:06:10,184 INFO Matriz de confusao 
[[32  9]
 [ 7 43]]
2019-08-31 12:06:10,185 INFO N arvores para o RF 1716
2019-08-31 12:06:11,145 INFO Acuracia = 0.8131868131868132
2019-08-31 12:06:11,146 INFO Matriz de confusao 
[[31 10]
 [ 7 43]]
2019-08-31 12:06:11,147 INFO Accuracy RF 
[0.8021978021978022, 0.8021978021978022, 0.7912087912087912, 0.8241758241758241, 0.8241758241758241, 0.8241758241758241, 0.8131868131868132]
2019-08-31 12:06:11,147 INFO Matrix Confusion RF 
[[array([[33,  8],
       [10, 40]]), array([[31, 10],
       [ 8, 42]]), array([[31, 10],
       [ 7, 43]]), array([[32,  9],
       [ 9, 41]]), array([[31, 10],
       [ 7, 43]]), array([[32,  9],
       [ 7, 43]]), array([[31, 10],
       [ 8, 42]])], [array([[31, 10],
       [ 8, 42]]), array([[30, 11],
       [ 7, 43]]), array([[31, 10],
       [ 9, 41]]), array([[31, 10],
       [ 6, 44]]), array([[32,  9],
       [ 7, 43]]), array([[32,  9],
       [ 7, 43]]), array([[31, 10],
       [ 7, 43]])]]
2019-08-31 12:06:11,149 INFO N Media Interations = 3
2019-08-31 12:06:11,149 INFO Execucao EF 1
2019-08-31 12:06:11,191 INFO Acuracia = 0.7692307692307693
2019-08-31 12:06:11,192 INFO Matriz de confusao 
[[28 13]
 [ 8 42]]
2019-08-31 12:06:11,192 INFO Execucao EF 2
2019-08-31 12:06:11,457 INFO Acuracia = 0.7912087912087912
2019-08-31 12:06:11,458 INFO Matriz de confusao 
[[31 10]
 [ 9 41]]
2019-08-31 12:06:11,458 INFO Execucao EF 3
2019-08-31 12:06:12,387 INFO Acuracia = 0.8131868131868132
2019-08-31 12:06:12,387 INFO Matriz de confusao 
[[32  9]
 [ 8 42]]
2019-08-31 12:06:12,387 INFO Execucao EF 4
2019-08-31 12:06:14,816 INFO Acuracia = 0.7912087912087912
2019-08-31 12:06:14,817 INFO Matriz de confusao 
[[31 10]
 [ 9 41]]
2019-08-31 12:06:14,817 INFO Execucao EF 5
2019-08-31 12:06:18,919 INFO Acuracia = 0.8021978021978022
2019-08-31 12:06:18,919 INFO Matriz de confusao 
[[31 10]
 [ 8 42]]
2019-08-31 12:06:18,920 INFO Execucao EF 6
2019-08-31 12:06:24,523 INFO Acuracia = 0.7802197802197802
2019-08-31 12:06:24,523 INFO Matriz de confusao 
[[31 10]
 [10 40]]
2019-08-31 12:06:24,524 INFO Execucao EF 7
2019-08-31 12:06:30,533 INFO Acuracia = 0.7912087912087912
2019-08-31 12:06:30,533 INFO Matriz de confusao 
[[31 10]
 [ 9 41]]
2019-08-31 12:06:30,534 INFO Accuracy EF 
[0.7692307692307693, 0.7912087912087912, 0.8131868131868132, 0.7912087912087912, 0.8021978021978022, 0.7802197802197802, 0.7912087912087912]
2019-08-31 12:06:30,535 INFO Matrix Confusion EF 
[[array([[28, 13],
       [ 8, 42]]), array([[31, 10],
       [ 9, 41]]), array([[32,  9],
       [ 8, 42]]), array([[31, 10],
       [ 9, 41]]), array([[31, 10],
       [ 8, 42]]), array([[31, 10],
       [10, 40]]), array([[31, 10],
       [10, 40]])], [array([[28, 13],
       [ 8, 42]]), array([[31, 10],
       [ 8, 42]]), array([[32,  9],
       [ 8, 42]]), array([[31, 10],
       [ 9, 41]]), array([[31, 10],
       [10, 40]]), array([[31, 10],
       [10, 40]]), array([[31, 10],
       [11, 39]])], [array([[28, 13],
       [ 8, 42]]), array([[31, 10],
       [ 9, 41]]), array([[32,  9],
       [ 8, 42]]), array([[31, 10],
       [ 9, 41]]), array([[31, 10],
       [ 8, 42]]), array([[31, 10],
       [10, 40]]), array([[31, 10],
       [ 9, 41]])]]
2019-08-31 12:06:30,535 INFO N arvores para o RF 13
2019-08-31 12:06:30,545 INFO Acuracia = 0.8131868131868132
2019-08-31 12:06:30,545 INFO Matriz de confusao 
[[32  9]
 [ 8 42]]
2019-08-31 12:06:30,545 INFO N arvores para o RF 78
2019-08-31 12:06:30,593 INFO Acuracia = 0.7802197802197802
2019-08-31 12:06:30,593 INFO Matriz de confusao 
[[32  9]
 [11 39]]
2019-08-31 12:06:30,593 INFO N arvores para o RF 286
2019-08-31 12:06:30,759 INFO Acuracia = 0.7802197802197802
2019-08-31 12:06:30,759 INFO Matriz de confusao 
[[31 10]
 [10 40]]
2019-08-31 12:06:30,759 INFO N arvores para o RF 715
2019-08-31 12:06:31,168 INFO Acuracia = 0.8351648351648352
2019-08-31 12:06:31,168 INFO Matriz de confusao 
[[32  9]
 [ 6 44]]
2019-08-31 12:06:31,169 INFO N arvores para o RF 1287
2019-08-31 12:06:31,942 INFO Acuracia = 0.8131868131868132
2019-08-31 12:06:31,942 INFO Matriz de confusao 
[[31 10]
 [ 7 43]]
2019-08-31 12:06:31,943 INFO N arvores para o RF 1716
2019-08-31 12:06:32,954 INFO Acuracia = 0.8241758241758241
2019-08-31 12:06:32,954 INFO Matriz de confusao 
[[32  9]
 [ 7 43]]
2019-08-31 12:06:32,955 INFO N arvores para o RF 1716
2019-08-31 12:06:33,920 INFO Acuracia = 0.8131868131868132
2019-08-31 12:06:33,920 INFO Matriz de confusao 
[[32  9]
 [ 8 42]]
2019-08-31 12:06:33,921 INFO Accuracy RF 
[0.8131868131868132, 0.7802197802197802, 0.7802197802197802, 0.8351648351648352, 0.8131868131868132, 0.8241758241758241, 0.8131868131868132]
2019-08-31 12:06:33,922 INFO Matrix Confusion RF 
[[array([[33,  8],
       [10, 40]]), array([[31, 10],
       [ 8, 42]]), array([[31, 10],
       [ 7, 43]]), array([[32,  9],
       [ 9, 41]]), array([[31, 10],
       [ 7, 43]]), array([[32,  9],
       [ 7, 43]]), array([[31, 10],
       [ 8, 42]])], [array([[31, 10],
       [ 8, 42]]), array([[30, 11],
       [ 7, 43]]), array([[31, 10],
       [ 9, 41]]), array([[31, 10],
       [ 6, 44]]), array([[32,  9],
       [ 7, 43]]), array([[32,  9],
       [ 7, 43]]), array([[31, 10],
       [ 7, 43]])], [array([[32,  9],
       [ 8, 42]]), array([[32,  9],
       [11, 39]]), array([[31, 10],
       [10, 40]]), array([[32,  9],
       [ 6, 44]]), array([[31, 10],
       [ 7, 43]]), array([[32,  9],
       [ 7, 43]]), array([[32,  9],
       [ 8, 42]])]]
2019-08-31 12:06:33,924 INFO N Media Interations = 4
2019-08-31 12:06:33,924 INFO Execucao EF 1
2019-08-31 12:06:33,968 INFO Acuracia = 0.7692307692307693
2019-08-31 12:06:33,968 INFO Matriz de confusao 
[[28 13]
 [ 8 42]]
2019-08-31 12:06:33,968 INFO Execucao EF 2
2019-08-31 12:06:34,208 INFO Acuracia = 0.8021978021978022
2019-08-31 12:06:34,208 INFO Matriz de confusao 
[[31 10]
 [ 8 42]]
2019-08-31 12:06:34,209 INFO Execucao EF 3
2019-08-31 12:06:35,106 INFO Acuracia = 0.8131868131868132
2019-08-31 12:06:35,106 INFO Matriz de confusao 
[[32  9]
 [ 8 42]]
2019-08-31 12:06:35,106 INFO Execucao EF 4
2019-08-31 12:06:37,429 INFO Acuracia = 0.7912087912087912
2019-08-31 12:06:37,430 INFO Matriz de confusao 
[[31 10]
 [ 9 41]]
2019-08-31 12:06:37,430 INFO Execucao EF 5
2019-08-31 12:06:41,627 INFO Acuracia = 0.7912087912087912
2019-08-31 12:06:41,627 INFO Matriz de confusao 
[[31 10]
 [ 9 41]]
2019-08-31 12:06:41,628 INFO Execucao EF 6
2019-08-31 12:06:47,405 INFO Acuracia = 0.7802197802197802
2019-08-31 12:06:47,406 INFO Matriz de confusao 
[[31 10]
 [10 40]]
2019-08-31 12:06:47,407 INFO Execucao EF 7
2019-08-31 12:06:53,413 INFO Acuracia = 0.7692307692307693
2019-08-31 12:06:53,413 INFO Matriz de confusao 
[[31 10]
 [11 39]]
2019-08-31 12:06:53,414 INFO Accuracy EF 
[0.7692307692307693, 0.8021978021978022, 0.8131868131868132, 0.7912087912087912, 0.7912087912087912, 0.7802197802197802, 0.7692307692307693]
2019-08-31 12:06:53,416 INFO Matrix Confusion EF 
[[array([[28, 13],
       [ 8, 42]]), array([[31, 10],
       [ 9, 41]]), array([[32,  9],
       [ 8, 42]]), array([[31, 10],
       [ 9, 41]]), array([[31, 10],
       [ 8, 42]]), array([[31, 10],
       [10, 40]]), array([[31, 10],
       [10, 40]])], [array([[28, 13],
       [ 8, 42]]), array([[31, 10],
       [ 8, 42]]), array([[32,  9],
       [ 8, 42]]), array([[31, 10],
       [ 9, 41]]), array([[31, 10],
       [10, 40]]), array([[31, 10],
       [10, 40]]), array([[31, 10],
       [11, 39]])], [array([[28, 13],
       [ 8, 42]]), array([[31, 10],
       [ 9, 41]]), array([[32,  9],
       [ 8, 42]]), array([[31, 10],
       [ 9, 41]]), array([[31, 10],
       [ 8, 42]]), array([[31, 10],
       [10, 40]]), array([[31, 10],
       [ 9, 41]])], [array([[28, 13],
       [ 8, 42]]), array([[31, 10],
       [ 8, 42]]), array([[32,  9],
       [ 8, 42]]), array([[31, 10],
       [ 9, 41]]), array([[31, 10],
       [ 9, 41]]), array([[31, 10],
       [10, 40]]), array([[31, 10],
       [11, 39]])]]
2019-08-31 12:06:53,416 INFO N arvores para o RF 13
2019-08-31 12:06:53,425 INFO Acuracia = 0.7692307692307693
2019-08-31 12:06:53,425 INFO Matriz de confusao 
[[33  8]
 [13 37]]
2019-08-31 12:06:53,425 INFO N arvores para o RF 78
2019-08-31 12:06:53,471 INFO Acuracia = 0.8131868131868132
2019-08-31 12:06:53,471 INFO Matriz de confusao 
[[33  8]
 [ 9 41]]
2019-08-31 12:06:53,471 INFO N arvores para o RF 286
2019-08-31 12:06:53,635 INFO Acuracia = 0.8131868131868132
2019-08-31 12:06:53,635 INFO Matriz de confusao 
[[31 10]
 [ 7 43]]
2019-08-31 12:06:53,635 INFO N arvores para o RF 715
2019-08-31 12:06:54,042 INFO Acuracia = 0.8241758241758241
2019-08-31 12:06:54,043 INFO Matriz de confusao 
[[32  9]
 [ 7 43]]
2019-08-31 12:06:54,043 INFO N arvores para o RF 1287
2019-08-31 12:06:54,778 INFO Acuracia = 0.8131868131868132
2019-08-31 12:06:54,778 INFO Matriz de confusao 
[[31 10]
 [ 7 43]]
2019-08-31 12:06:54,779 INFO N arvores para o RF 1716
2019-08-31 12:06:55,737 INFO Acuracia = 0.7912087912087912
2019-08-31 12:06:55,737 INFO Matriz de confusao 
[[31 10]
 [ 9 41]]
2019-08-31 12:06:55,738 INFO N arvores para o RF 1716
2019-08-31 12:06:56,697 INFO Acuracia = 0.8021978021978022
2019-08-31 12:06:56,697 INFO Matriz de confusao 
[[31 10]
 [ 8 42]]
2019-08-31 12:06:56,699 INFO Accuracy RF 
[0.7692307692307693, 0.8131868131868132, 0.8131868131868132, 0.8241758241758241, 0.8131868131868132, 0.7912087912087912, 0.8021978021978022]
2019-08-31 12:06:56,700 INFO Matrix Confusion RF 
[[array([[33,  8],
       [10, 40]]), array([[31, 10],
       [ 8, 42]]), array([[31, 10],
       [ 7, 43]]), array([[32,  9],
       [ 9, 41]]), array([[31, 10],
       [ 7, 43]]), array([[32,  9],
       [ 7, 43]]), array([[31, 10],
       [ 8, 42]])], [array([[31, 10],
       [ 8, 42]]), array([[30, 11],
       [ 7, 43]]), array([[31, 10],
       [ 9, 41]]), array([[31, 10],
       [ 6, 44]]), array([[32,  9],
       [ 7, 43]]), array([[32,  9],
       [ 7, 43]]), array([[31, 10],
       [ 7, 43]])], [array([[32,  9],
       [ 8, 42]]), array([[32,  9],
       [11, 39]]), array([[31, 10],
       [10, 40]]), array([[32,  9],
       [ 6, 44]]), array([[31, 10],
       [ 7, 43]]), array([[32,  9],
       [ 7, 43]]), array([[32,  9],
       [ 8, 42]])], [array([[33,  8],
       [13, 37]]), array([[33,  8],
       [ 9, 41]]), array([[31, 10],
       [ 7, 43]]), array([[32,  9],
       [ 7, 43]]), array([[31, 10],
       [ 7, 43]]), array([[31, 10],
       [ 9, 41]]), array([[31, 10],
       [ 8, 42]])]]
2019-08-31 12:06:56,701 INFO N Media Interations = 5
2019-08-31 12:06:56,701 INFO Execucao EF 1
2019-08-31 12:06:56,746 INFO Acuracia = 0.7692307692307693
2019-08-31 12:06:56,746 INFO Matriz de confusao 
[[28 13]
 [ 8 42]]
2019-08-31 12:06:56,747 INFO Execucao EF 2
2019-08-31 12:06:57,003 INFO Acuracia = 0.7912087912087912
2019-08-31 12:06:57,003 INFO Matriz de confusao 
[[31 10]
 [ 9 41]]
2019-08-31 12:06:57,003 INFO Execucao EF 3
2019-08-31 12:06:57,940 INFO Acuracia = 0.8131868131868132
2019-08-31 12:06:57,940 INFO Matriz de confusao 
[[32  9]
 [ 8 42]]
2019-08-31 12:06:57,941 INFO Execucao EF 4
2019-08-31 12:07:00,340 INFO Acuracia = 0.7912087912087912
2019-08-31 12:07:00,340 INFO Matriz de confusao 
[[31 10]
 [ 9 41]]
2019-08-31 12:07:00,341 INFO Execucao EF 5
2019-08-31 12:07:04,808 INFO Acuracia = 0.7912087912087912
2019-08-31 12:07:04,808 INFO Matriz de confusao 
[[31 10]
 [ 9 41]]
2019-08-31 12:07:04,809 INFO Execucao EF 6
2019-08-31 12:07:10,912 INFO Acuracia = 0.7802197802197802
2019-08-31 12:07:10,912 INFO Matriz de confusao 
[[31 10]
 [10 40]]
2019-08-31 12:07:10,913 INFO Execucao EF 7
2019-08-31 12:07:17,092 INFO Acuracia = 0.7692307692307693
2019-08-31 12:07:17,092 INFO Matriz de confusao 
[[31 10]
 [11 39]]
2019-08-31 12:07:17,093 INFO Accuracy EF 
[0.7692307692307693, 0.7912087912087912, 0.8131868131868132, 0.7912087912087912, 0.7912087912087912, 0.7802197802197802, 0.7692307692307693]
2019-08-31 12:07:17,094 INFO Matrix Confusion EF 
[[array([[28, 13],
       [ 8, 42]]), array([[31, 10],
       [ 9, 41]]), array([[32,  9],
       [ 8, 42]]), array([[31, 10],
       [ 9, 41]]), array([[31, 10],
       [ 8, 42]]), array([[31, 10],
       [10, 40]]), array([[31, 10],
       [10, 40]])], [array([[28, 13],
       [ 8, 42]]), array([[31, 10],
       [ 8, 42]]), array([[32,  9],
       [ 8, 42]]), array([[31, 10],
       [ 9, 41]]), array([[31, 10],
       [10, 40]]), array([[31, 10],
       [10, 40]]), array([[31, 10],
       [11, 39]])], [array([[28, 13],
       [ 8, 42]]), array([[31, 10],
       [ 9, 41]]), array([[32,  9],
       [ 8, 42]]), array([[31, 10],
       [ 9, 41]]), array([[31, 10],
       [ 8, 42]]), array([[31, 10],
       [10, 40]]), array([[31, 10],
       [ 9, 41]])], [array([[28, 13],
       [ 8, 42]]), array([[31, 10],
       [ 8, 42]]), array([[32,  9],
       [ 8, 42]]), array([[31, 10],
       [ 9, 41]]), array([[31, 10],
       [ 9, 41]]), array([[31, 10],
       [10, 40]]), array([[31, 10],
       [11, 39]])], [array([[28, 13],
       [ 8, 42]]), array([[31, 10],
       [ 9, 41]]), array([[32,  9],
       [ 8, 42]]), array([[31, 10],
       [ 9, 41]]), array([[31, 10],
       [ 9, 41]]), array([[31, 10],
       [10, 40]]), array([[31, 10],
       [11, 39]])]]
2019-08-31 12:07:17,094 INFO N arvores para o RF 13
2019-08-31 12:07:17,104 INFO Acuracia = 0.8131868131868132
2019-08-31 12:07:17,104 INFO Matriz de confusao 
[[32  9]
 [ 8 42]]
2019-08-31 12:07:17,104 INFO N arvores para o RF 78
2019-08-31 12:07:17,150 INFO Acuracia = 0.8021978021978022
2019-08-31 12:07:17,150 INFO Matriz de confusao 
[[32  9]
 [ 9 41]]
2019-08-31 12:07:17,150 INFO N arvores para o RF 286
2019-08-31 12:07:17,310 INFO Acuracia = 0.8131868131868132
2019-08-31 12:07:17,310 INFO Matriz de confusao 
[[31 10]
 [ 7 43]]
2019-08-31 12:07:17,310 INFO N arvores para o RF 715
2019-08-31 12:07:17,716 INFO Acuracia = 0.8131868131868132
2019-08-31 12:07:17,716 INFO Matriz de confusao 
[[32  9]
 [ 8 42]]
2019-08-31 12:07:17,716 INFO N arvores para o RF 1287
2019-08-31 12:07:18,437 INFO Acuracia = 0.7912087912087912
2019-08-31 12:07:18,437 INFO Matriz de confusao 
[[31 10]
 [ 9 41]]
2019-08-31 12:07:18,438 INFO N arvores para o RF 1716
2019-08-31 12:07:19,384 INFO Acuracia = 0.8241758241758241
2019-08-31 12:07:19,384 INFO Matriz de confusao 
[[32  9]
 [ 7 43]]
2019-08-31 12:07:19,386 INFO N arvores para o RF 1716
2019-08-31 12:07:20,333 INFO Acuracia = 0.8131868131868132
2019-08-31 12:07:20,333 INFO Matriz de confusao 
[[31 10]
 [ 7 43]]
2019-08-31 12:07:20,334 INFO Accuracy RF 
[0.8131868131868132, 0.8021978021978022, 0.8131868131868132, 0.8131868131868132, 0.7912087912087912, 0.8241758241758241, 0.8131868131868132]
2019-08-31 12:07:20,335 INFO Matrix Confusion RF 
[[array([[33,  8],
       [10, 40]]), array([[31, 10],
       [ 8, 42]]), array([[31, 10],
       [ 7, 43]]), array([[32,  9],
       [ 9, 41]]), array([[31, 10],
       [ 7, 43]]), array([[32,  9],
       [ 7, 43]]), array([[31, 10],
       [ 8, 42]])], [array([[31, 10],
       [ 8, 42]]), array([[30, 11],
       [ 7, 43]]), array([[31, 10],
       [ 9, 41]]), array([[31, 10],
       [ 6, 44]]), array([[32,  9],
       [ 7, 43]]), array([[32,  9],
       [ 7, 43]]), array([[31, 10],
       [ 7, 43]])], [array([[32,  9],
       [ 8, 42]]), array([[32,  9],
       [11, 39]]), array([[31, 10],
       [10, 40]]), array([[32,  9],
       [ 6, 44]]), array([[31, 10],
       [ 7, 43]]), array([[32,  9],
       [ 7, 43]]), array([[32,  9],
       [ 8, 42]])], [array([[33,  8],
       [13, 37]]), array([[33,  8],
       [ 9, 41]]), array([[31, 10],
       [ 7, 43]]), array([[32,  9],
       [ 7, 43]]), array([[31, 10],
       [ 7, 43]]), array([[31, 10],
       [ 9, 41]]), array([[31, 10],
       [ 8, 42]])], [array([[32,  9],
       [ 8, 42]]), array([[32,  9],
       [ 9, 41]]), array([[31, 10],
       [ 7, 43]]), array([[32,  9],
       [ 8, 42]]), array([[31, 10],
       [ 9, 41]]), array([[32,  9],
       [ 7, 43]]), array([[31, 10],
       [ 7, 43]])]]
