2019-09-06 11:26:56,864 INFO N Media Interations = 1
2019-09-06 11:26:56,864 INFO Execucao EF 1
2019-09-06 11:26:56,903 INFO Execucao EF 2
2019-09-06 11:26:57,098 INFO Execucao EF 3
2019-09-06 11:26:57,826 INFO Execucao EF 4
2019-09-06 11:26:59,738 INFO Execucao EF 5
2019-09-06 11:27:03,237 INFO Execucao EF 6
2019-09-06 11:27:07,966 INFO Execucao EF 7
2019-09-06 11:27:12,858 INFO Accuracy EF 
[0.8241758241758241, 0.8461538461538461, 0.8681318681318682, 0.8571428571428571, 0.8571428571428571, 0.8571428571428571, 0.8461538461538461]
2019-09-06 11:27:12,858 INFO Matrix Confusion EF 
[[array([[28, 13],
       [ 3, 47]]), array([[30, 11],
       [ 3, 47]]), array([[33,  8],
       [ 4, 46]]), array([[32,  9],
       [ 4, 46]]), array([[32,  9],
       [ 4, 46]]), array([[32,  9],
       [ 4, 46]]), array([[32,  9],
       [ 5, 45]])]]
2019-09-06 11:27:12,858 INFO N arvores para o RF 13
2019-09-06 11:27:12,868 INFO N arvores para o RF 78
2019-09-06 11:27:12,914 INFO N arvores para o RF 286
2019-09-06 11:27:13,076 INFO N arvores para o RF 715
2019-09-06 11:27:13,477 INFO N arvores para o RF 1287
2019-09-06 11:27:14,179 INFO N arvores para o RF 1716
2019-09-06 11:27:15,116 INFO N arvores para o RF 1716
2019-09-06 11:27:16,048 INFO Accuracy RF 
[0.8351648351648352, 0.8351648351648352, 0.8351648351648352, 0.8461538461538461, 0.8461538461538461, 0.8351648351648352, 0.8351648351648352]
2019-09-06 11:27:16,048 INFO Matrix Confusion RF 
[[array([[30, 11],
       [ 4, 46]]), array([[32,  9],
       [ 6, 44]]), array([[32,  9],
       [ 6, 44]]), array([[32,  9],
       [ 5, 45]]), array([[32,  9],
       [ 5, 45]]), array([[31, 10],
       [ 5, 45]]), array([[31, 10],
       [ 5, 45]])]]
2019-09-06 11:27:16,049 INFO N Media Interations = 2
2019-09-06 11:27:16,050 INFO Execucao EF 1
2019-09-06 11:27:16,086 INFO Execucao EF 2
2019-09-06 11:27:16,292 INFO Execucao EF 3
2019-09-06 11:27:17,064 INFO Execucao EF 4
2019-09-06 11:27:19,045 INFO Execucao EF 5
2019-09-06 11:27:22,736 INFO Execucao EF 6
2019-09-06 11:27:27,771 INFO Execucao EF 7
2019-09-06 11:27:32,898 INFO Accuracy EF 
[0.8241758241758241, 0.8461538461538461, 0.8571428571428571, 0.8571428571428571, 0.8571428571428571, 0.8571428571428571, 0.8461538461538461]
2019-09-06 11:27:32,899 INFO Matrix Confusion EF 
[[array([[28, 13],
       [ 3, 47]]), array([[30, 11],
       [ 3, 47]]), array([[33,  8],
       [ 4, 46]]), array([[32,  9],
       [ 4, 46]]), array([[32,  9],
       [ 4, 46]]), array([[32,  9],
       [ 4, 46]]), array([[32,  9],
       [ 5, 45]])], [array([[28, 13],
       [ 3, 47]]), array([[30, 11],
       [ 3, 47]]), array([[33,  8],
       [ 5, 45]]), array([[32,  9],
       [ 4, 46]]), array([[32,  9],
       [ 4, 46]]), array([[32,  9],
       [ 4, 46]]), array([[32,  9],
       [ 5, 45]])]]
2019-09-06 11:27:32,899 INFO N arvores para o RF 13
2019-09-06 11:27:32,908 INFO N arvores para o RF 78
2019-09-06 11:27:32,955 INFO N arvores para o RF 286
2019-09-06 11:27:33,120 INFO N arvores para o RF 715
2019-09-06 11:27:33,517 INFO N arvores para o RF 1287
2019-09-06 11:27:34,218 INFO N arvores para o RF 1716
2019-09-06 11:27:35,154 INFO N arvores para o RF 1716
2019-09-06 11:27:36,093 INFO Accuracy RF 
[0.8571428571428571, 0.8571428571428571, 0.8351648351648352, 0.8351648351648352, 0.8461538461538461, 0.8351648351648352, 0.8461538461538461]
2019-09-06 11:27:36,093 INFO Matrix Confusion RF 
[[array([[30, 11],
       [ 4, 46]]), array([[32,  9],
       [ 6, 44]]), array([[32,  9],
       [ 6, 44]]), array([[32,  9],
       [ 5, 45]]), array([[32,  9],
       [ 5, 45]]), array([[31, 10],
       [ 5, 45]]), array([[31, 10],
       [ 5, 45]])], [array([[33,  8],
       [ 5, 45]]), array([[32,  9],
       [ 4, 46]]), array([[31, 10],
       [ 5, 45]]), array([[31, 10],
       [ 5, 45]]), array([[32,  9],
       [ 5, 45]]), array([[31, 10],
       [ 5, 45]]), array([[32,  9],
       [ 5, 45]])]]
2019-09-06 11:27:36,095 INFO N Media Interations = 3
2019-09-06 11:27:36,095 INFO Execucao EF 1
2019-09-06 11:27:36,134 INFO Execucao EF 2
2019-09-06 11:27:36,355 INFO Execucao EF 3
2019-09-06 11:27:37,188 INFO Execucao EF 4
2019-09-06 11:27:39,269 INFO Execucao EF 5
2019-09-06 11:27:43,140 INFO Execucao EF 6
2019-09-06 11:27:48,429 INFO Execucao EF 7
2019-09-06 11:27:53,823 INFO Accuracy EF 
[0.8241758241758241, 0.8681318681318682, 0.8571428571428571, 0.8571428571428571, 0.8571428571428571, 0.8571428571428571, 0.8461538461538461]
2019-09-06 11:27:53,824 INFO Matrix Confusion EF 
[[array([[28, 13],
       [ 3, 47]]), array([[30, 11],
       [ 3, 47]]), array([[33,  8],
       [ 4, 46]]), array([[32,  9],
       [ 4, 46]]), array([[32,  9],
       [ 4, 46]]), array([[32,  9],
       [ 4, 46]]), array([[32,  9],
       [ 5, 45]])], [array([[28, 13],
       [ 3, 47]]), array([[30, 11],
       [ 3, 47]]), array([[33,  8],
       [ 5, 45]]), array([[32,  9],
       [ 4, 46]]), array([[32,  9],
       [ 4, 46]]), array([[32,  9],
       [ 4, 46]]), array([[32,  9],
       [ 5, 45]])], [array([[28, 13],
       [ 3, 47]]), array([[32,  9],
       [ 3, 47]]), array([[33,  8],
       [ 5, 45]]), array([[32,  9],
       [ 4, 46]]), array([[32,  9],
       [ 4, 46]]), array([[32,  9],
       [ 4, 46]]), array([[32,  9],
       [ 5, 45]])]]
2019-09-06 11:27:53,824 INFO N arvores para o RF 13
2019-09-06 11:27:53,833 INFO N arvores para o RF 78
2019-09-06 11:27:53,878 INFO N arvores para o RF 286
2019-09-06 11:27:54,037 INFO N arvores para o RF 715
2019-09-06 11:27:54,428 INFO N arvores para o RF 1287
2019-09-06 11:27:55,132 INFO N arvores para o RF 1716
2019-09-06 11:27:56,080 INFO N arvores para o RF 1716
2019-09-06 11:27:57,026 INFO Accuracy RF 
[0.8241758241758241, 0.8021978021978022, 0.8351648351648352, 0.8351648351648352, 0.8351648351648352, 0.8461538461538461, 0.8461538461538461]
2019-09-06 11:27:57,027 INFO Matrix Confusion RF 
[[array([[30, 11],
       [ 4, 46]]), array([[32,  9],
       [ 6, 44]]), array([[32,  9],
       [ 6, 44]]), array([[32,  9],
       [ 5, 45]]), array([[32,  9],
       [ 5, 45]]), array([[31, 10],
       [ 5, 45]]), array([[31, 10],
       [ 5, 45]])], [array([[33,  8],
       [ 5, 45]]), array([[32,  9],
       [ 4, 46]]), array([[31, 10],
       [ 5, 45]]), array([[31, 10],
       [ 5, 45]]), array([[32,  9],
       [ 5, 45]]), array([[31, 10],
       [ 5, 45]]), array([[32,  9],
       [ 5, 45]])], [array([[31, 10],
       [ 6, 44]]), array([[30, 11],
       [ 7, 43]]), array([[31, 10],
       [ 5, 45]]), array([[31, 10],
       [ 5, 45]]), array([[31, 10],
       [ 5, 45]]), array([[32,  9],
       [ 5, 45]]), array([[32,  9],
       [ 5, 45]])]]
2019-09-06 11:27:57,029 INFO N Media Interations = 4
2019-09-06 11:27:57,029 INFO Execucao EF 1
2019-09-06 11:27:57,072 INFO Execucao EF 2
2019-09-06 11:27:57,303 INFO Execucao EF 3
2019-09-06 11:27:58,159 INFO Execucao EF 4
2019-09-06 11:28:00,359 INFO Execucao EF 5
2019-09-06 11:28:04,425 INFO Execucao EF 6
2019-09-06 11:28:09,945 INFO Execucao EF 7
2019-09-06 11:28:15,595 INFO Accuracy EF 
[0.8241758241758241, 0.8791208791208791, 0.8681318681318682, 0.8571428571428571, 0.8571428571428571, 0.8571428571428571, 0.8461538461538461]
2019-09-06 11:28:15,596 INFO Matrix Confusion EF 
[[array([[28, 13],
       [ 3, 47]]), array([[30, 11],
       [ 3, 47]]), array([[33,  8],
       [ 4, 46]]), array([[32,  9],
       [ 4, 46]]), array([[32,  9],
       [ 4, 46]]), array([[32,  9],
       [ 4, 46]]), array([[32,  9],
       [ 5, 45]])], [array([[28, 13],
       [ 3, 47]]), array([[30, 11],
       [ 3, 47]]), array([[33,  8],
       [ 5, 45]]), array([[32,  9],
       [ 4, 46]]), array([[32,  9],
       [ 4, 46]]), array([[32,  9],
       [ 4, 46]]), array([[32,  9],
       [ 5, 45]])], [array([[28, 13],
       [ 3, 47]]), array([[32,  9],
       [ 3, 47]]), array([[33,  8],
       [ 5, 45]]), array([[32,  9],
       [ 4, 46]]), array([[32,  9],
       [ 4, 46]]), array([[32,  9],
       [ 4, 46]]), array([[32,  9],
       [ 5, 45]])], [array([[28, 13],
       [ 3, 47]]), array([[33,  8],
       [ 3, 47]]), array([[33,  8],
       [ 4, 46]]), array([[32,  9],
       [ 4, 46]]), array([[32,  9],
       [ 4, 46]]), array([[32,  9],
       [ 4, 46]]), array([[32,  9],
       [ 5, 45]])]]
2019-09-06 11:28:15,596 INFO N arvores para o RF 13
2019-09-06 11:28:15,606 INFO N arvores para o RF 78
2019-09-06 11:28:15,652 INFO N arvores para o RF 286
2019-09-06 11:28:15,812 INFO N arvores para o RF 715
2019-09-06 11:28:16,201 INFO N arvores para o RF 1287
2019-09-06 11:28:16,914 INFO N arvores para o RF 1716
2019-09-06 11:28:17,853 INFO N arvores para o RF 1716
2019-09-06 11:28:18,791 INFO Accuracy RF 
[0.8351648351648352, 0.8241758241758241, 0.8461538461538461, 0.8571428571428571, 0.8351648351648352, 0.8351648351648352, 0.8351648351648352]
2019-09-06 11:28:18,792 INFO Matrix Confusion RF 
[[array([[30, 11],
       [ 4, 46]]), array([[32,  9],
       [ 6, 44]]), array([[32,  9],
       [ 6, 44]]), array([[32,  9],
       [ 5, 45]]), array([[32,  9],
       [ 5, 45]]), array([[31, 10],
       [ 5, 45]]), array([[31, 10],
       [ 5, 45]])], [array([[33,  8],
       [ 5, 45]]), array([[32,  9],
       [ 4, 46]]), array([[31, 10],
       [ 5, 45]]), array([[31, 10],
       [ 5, 45]]), array([[32,  9],
       [ 5, 45]]), array([[31, 10],
       [ 5, 45]]), array([[32,  9],
       [ 5, 45]])], [array([[31, 10],
       [ 6, 44]]), array([[30, 11],
       [ 7, 43]]), array([[31, 10],
       [ 5, 45]]), array([[31, 10],
       [ 5, 45]]), array([[31, 10],
       [ 5, 45]]), array([[32,  9],
       [ 5, 45]]), array([[32,  9],
       [ 5, 45]])], [array([[32,  9],
       [ 6, 44]]), array([[31, 10],
       [ 6, 44]]), array([[32,  9],
       [ 5, 45]]), array([[33,  8],
       [ 5, 45]]), array([[31, 10],
       [ 5, 45]]), array([[31, 10],
       [ 5, 45]]), array([[31, 10],
       [ 5, 45]])]]
2019-09-06 11:28:18,793 INFO N Media Interations = 5
2019-09-06 11:28:18,793 INFO Execucao EF 1
2019-09-06 11:28:18,838 INFO Execucao EF 2
2019-09-06 11:28:19,081 INFO Execucao EF 3
2019-09-06 11:28:19,975 INFO Execucao EF 4
2019-09-06 11:28:22,276 INFO Execucao EF 5
2019-09-06 11:28:26,524 INFO Execucao EF 6
2019-09-06 11:28:32,310 INFO Execucao EF 7
2019-09-06 11:28:38,239 INFO Accuracy EF 
[0.8241758241758241, 0.8681318681318682, 0.8571428571428571, 0.8571428571428571, 0.8571428571428571, 0.8571428571428571, 0.8461538461538461]
2019-09-06 11:28:38,240 INFO Matrix Confusion EF 
[[array([[28, 13],
       [ 3, 47]]), array([[30, 11],
       [ 3, 47]]), array([[33,  8],
       [ 4, 46]]), array([[32,  9],
       [ 4, 46]]), array([[32,  9],
       [ 4, 46]]), array([[32,  9],
       [ 4, 46]]), array([[32,  9],
       [ 5, 45]])], [array([[28, 13],
       [ 3, 47]]), array([[30, 11],
       [ 3, 47]]), array([[33,  8],
       [ 5, 45]]), array([[32,  9],
       [ 4, 46]]), array([[32,  9],
       [ 4, 46]]), array([[32,  9],
       [ 4, 46]]), array([[32,  9],
       [ 5, 45]])], [array([[28, 13],
       [ 3, 47]]), array([[32,  9],
       [ 3, 47]]), array([[33,  8],
       [ 5, 45]]), array([[32,  9],
       [ 4, 46]]), array([[32,  9],
       [ 4, 46]]), array([[32,  9],
       [ 4, 46]]), array([[32,  9],
       [ 5, 45]])], [array([[28, 13],
       [ 3, 47]]), array([[33,  8],
       [ 3, 47]]), array([[33,  8],
       [ 4, 46]]), array([[32,  9],
       [ 4, 46]]), array([[32,  9],
       [ 4, 46]]), array([[32,  9],
       [ 4, 46]]), array([[32,  9],
       [ 5, 45]])], [array([[28, 13],
       [ 3, 47]]), array([[32,  9],
       [ 3, 47]]), array([[33,  8],
       [ 5, 45]]), array([[32,  9],
       [ 4, 46]]), array([[32,  9],
       [ 4, 46]]), array([[32,  9],
       [ 4, 46]]), array([[32,  9],
       [ 5, 45]])]]
2019-09-06 11:28:38,240 INFO N arvores para o RF 13
2019-09-06 11:28:38,249 INFO N arvores para o RF 78
2019-09-06 11:28:38,295 INFO N arvores para o RF 286
2019-09-06 11:28:38,454 INFO N arvores para o RF 715
2019-09-06 11:28:38,846 INFO N arvores para o RF 1287
2019-09-06 11:28:39,576 INFO N arvores para o RF 1716
2019-09-06 11:28:40,512 INFO N arvores para o RF 1716
2019-09-06 11:28:41,453 INFO Accuracy RF 
[0.8241758241758241, 0.8571428571428571, 0.8351648351648352, 0.8241758241758241, 0.8351648351648352, 0.8351648351648352, 0.8351648351648352]
2019-09-06 11:28:41,454 INFO Matrix Confusion RF 
[[array([[30, 11],
       [ 4, 46]]), array([[32,  9],
       [ 6, 44]]), array([[32,  9],
       [ 6, 44]]), array([[32,  9],
       [ 5, 45]]), array([[32,  9],
       [ 5, 45]]), array([[31, 10],
       [ 5, 45]]), array([[31, 10],
       [ 5, 45]])], [array([[33,  8],
       [ 5, 45]]), array([[32,  9],
       [ 4, 46]]), array([[31, 10],
       [ 5, 45]]), array([[31, 10],
       [ 5, 45]]), array([[32,  9],
       [ 5, 45]]), array([[31, 10],
       [ 5, 45]]), array([[32,  9],
       [ 5, 45]])], [array([[31, 10],
       [ 6, 44]]), array([[30, 11],
       [ 7, 43]]), array([[31, 10],
       [ 5, 45]]), array([[31, 10],
       [ 5, 45]]), array([[31, 10],
       [ 5, 45]]), array([[32,  9],
       [ 5, 45]]), array([[32,  9],
       [ 5, 45]])], [array([[32,  9],
       [ 6, 44]]), array([[31, 10],
       [ 6, 44]]), array([[32,  9],
       [ 5, 45]]), array([[33,  8],
       [ 5, 45]]), array([[31, 10],
       [ 5, 45]]), array([[31, 10],
       [ 5, 45]]), array([[31, 10],
       [ 5, 45]])], [array([[32,  9],
       [ 7, 43]]), array([[32,  9],
       [ 4, 46]]), array([[32,  9],
       [ 6, 44]]), array([[31, 10],
       [ 6, 44]]), array([[31, 10],
       [ 5, 45]]), array([[31, 10],
       [ 5, 45]]), array([[31, 10],
       [ 5, 45]])]]
