2019-09-06 11:06:06,118 INFO N Media Interations = 1
2019-09-06 11:06:06,118 INFO Execucao EF 1
2019-09-06 11:06:06,154 INFO Execucao EF 2
2019-09-06 11:06:06,351 INFO Execucao EF 3
2019-09-06 11:06:07,098 INFO Execucao EF 4
2019-09-06 11:06:09,033 INFO Execucao EF 5
2019-09-06 11:06:12,589 INFO Execucao EF 6
2019-09-06 11:06:17,402 INFO Execucao EF 7
2019-09-06 11:06:22,432 INFO Accuracy EF 
[0.8461538461538461, 0.8351648351648352, 0.8131868131868132, 0.8021978021978022, 0.8241758241758241, 0.8241758241758241, 0.8021978021978022]
2019-09-06 11:06:22,433 INFO Matrix Confusion EF 
[[array([[31, 10],
       [ 4, 46]]), array([[34,  7],
       [ 8, 42]]), array([[34,  7],
       [10, 40]]), array([[34,  7],
       [11, 39]]), array([[34,  7],
       [ 9, 41]]), array([[33,  8],
       [ 8, 42]]), array([[34,  7],
       [11, 39]])]]
2019-09-06 11:06:22,433 INFO N arvores para o RF 13
2019-09-06 11:06:22,443 INFO N arvores para o RF 78
2019-09-06 11:06:22,489 INFO N arvores para o RF 286
2019-09-06 11:06:22,651 INFO N arvores para o RF 715
2019-09-06 11:06:23,050 INFO N arvores para o RF 1287
2019-09-06 11:06:23,752 INFO N arvores para o RF 1716
2019-09-06 11:06:24,707 INFO N arvores para o RF 1716
2019-09-06 11:06:25,652 INFO Accuracy RF 
[0.8131868131868132, 0.8131868131868132, 0.8351648351648352, 0.8461538461538461, 0.8461538461538461, 0.8351648351648352, 0.8461538461538461]
2019-09-06 11:06:25,653 INFO Matrix Confusion RF 
[[array([[32,  9],
       [ 8, 42]]), array([[34,  7],
       [10, 40]]), array([[34,  7],
       [ 8, 42]]), array([[34,  7],
       [ 7, 43]]), array([[35,  6],
       [ 8, 42]]), array([[35,  6],
       [ 9, 41]]), array([[35,  6],
       [ 8, 42]])]]
2019-09-06 11:06:25,654 INFO N Media Interations = 2
2019-09-06 11:06:25,654 INFO Execucao EF 1
2019-09-06 11:06:25,691 INFO Execucao EF 2
2019-09-06 11:06:25,903 INFO Execucao EF 3
2019-09-06 11:06:26,688 INFO Execucao EF 4
2019-09-06 11:06:28,725 INFO Execucao EF 5
2019-09-06 11:06:32,540 INFO Execucao EF 6
2019-09-06 11:06:37,663 INFO Execucao EF 7
2019-09-06 11:06:42,972 INFO Accuracy EF 
[0.8461538461538461, 0.8351648351648352, 0.8131868131868132, 0.8021978021978022, 0.8241758241758241, 0.8351648351648352, 0.8131868131868132]
2019-09-06 11:06:42,973 INFO Matrix Confusion EF 
[[array([[31, 10],
       [ 4, 46]]), array([[34,  7],
       [ 8, 42]]), array([[34,  7],
       [10, 40]]), array([[34,  7],
       [11, 39]]), array([[34,  7],
       [ 9, 41]]), array([[33,  8],
       [ 8, 42]]), array([[34,  7],
       [11, 39]])], [array([[31, 10],
       [ 4, 46]]), array([[34,  7],
       [ 8, 42]]), array([[34,  7],
       [10, 40]]), array([[34,  7],
       [11, 39]]), array([[34,  7],
       [ 9, 41]]), array([[34,  7],
       [ 8, 42]]), array([[34,  7],
       [10, 40]])]]
2019-09-06 11:06:42,973 INFO N arvores para o RF 13
2019-09-06 11:06:42,982 INFO N arvores para o RF 78
2019-09-06 11:06:43,028 INFO N arvores para o RF 286
2019-09-06 11:06:43,192 INFO N arvores para o RF 715
2019-09-06 11:06:43,585 INFO N arvores para o RF 1287
2019-09-06 11:06:44,319 INFO N arvores para o RF 1716
2019-09-06 11:06:45,273 INFO N arvores para o RF 1716
2019-09-06 11:06:46,218 INFO Accuracy RF 
[0.7912087912087912, 0.8241758241758241, 0.8461538461538461, 0.8571428571428571, 0.8461538461538461, 0.8351648351648352, 0.8351648351648352]
2019-09-06 11:06:46,218 INFO Matrix Confusion RF 
[[array([[32,  9],
       [ 8, 42]]), array([[34,  7],
       [10, 40]]), array([[34,  7],
       [ 8, 42]]), array([[34,  7],
       [ 7, 43]]), array([[35,  6],
       [ 8, 42]]), array([[35,  6],
       [ 9, 41]]), array([[35,  6],
       [ 8, 42]])], [array([[33,  8],
       [11, 39]]), array([[34,  7],
       [ 9, 41]]), array([[35,  6],
       [ 8, 42]]), array([[35,  6],
       [ 7, 43]]), array([[35,  6],
       [ 8, 42]]), array([[34,  7],
       [ 8, 42]]), array([[35,  6],
       [ 9, 41]])]]
2019-09-06 11:06:46,220 INFO N Media Interations = 3
2019-09-06 11:06:46,220 INFO Execucao EF 1
2019-09-06 11:06:46,259 INFO Execucao EF 2
2019-09-06 11:06:46,480 INFO Execucao EF 3
2019-09-06 11:06:47,304 INFO Execucao EF 4
2019-09-06 11:06:49,446 INFO Execucao EF 5
2019-09-06 11:06:53,423 INFO Execucao EF 6
2019-09-06 11:06:58,881 INFO Execucao EF 7
2019-09-06 11:07:04,418 INFO Accuracy EF 
[0.8461538461538461, 0.8351648351648352, 0.8131868131868132, 0.8021978021978022, 0.8241758241758241, 0.8351648351648352, 0.8131868131868132]
2019-09-06 11:07:04,419 INFO Matrix Confusion EF 
[[array([[31, 10],
       [ 4, 46]]), array([[34,  7],
       [ 8, 42]]), array([[34,  7],
       [10, 40]]), array([[34,  7],
       [11, 39]]), array([[34,  7],
       [ 9, 41]]), array([[33,  8],
       [ 8, 42]]), array([[34,  7],
       [11, 39]])], [array([[31, 10],
       [ 4, 46]]), array([[34,  7],
       [ 8, 42]]), array([[34,  7],
       [10, 40]]), array([[34,  7],
       [11, 39]]), array([[34,  7],
       [ 9, 41]]), array([[34,  7],
       [ 8, 42]]), array([[34,  7],
       [10, 40]])], [array([[31, 10],
       [ 4, 46]]), array([[34,  7],
       [ 8, 42]]), array([[34,  7],
       [10, 40]]), array([[34,  7],
       [11, 39]]), array([[34,  7],
       [ 9, 41]]), array([[34,  7],
       [ 8, 42]]), array([[34,  7],
       [10, 40]])]]
2019-09-06 11:07:04,419 INFO N arvores para o RF 13
2019-09-06 11:07:04,429 INFO N arvores para o RF 78
2019-09-06 11:07:04,476 INFO N arvores para o RF 286
2019-09-06 11:07:04,641 INFO N arvores para o RF 715
2019-09-06 11:07:05,048 INFO N arvores para o RF 1287
2019-09-06 11:07:05,752 INFO N arvores para o RF 1716
2019-09-06 11:07:06,727 INFO N arvores para o RF 1716
2019-09-06 11:07:07,672 INFO Accuracy RF 
[0.8131868131868132, 0.8241758241758241, 0.8461538461538461, 0.8461538461538461, 0.8241758241758241, 0.8241758241758241, 0.8241758241758241]
2019-09-06 11:07:07,673 INFO Matrix Confusion RF 
[[array([[32,  9],
       [ 8, 42]]), array([[34,  7],
       [10, 40]]), array([[34,  7],
       [ 8, 42]]), array([[34,  7],
       [ 7, 43]]), array([[35,  6],
       [ 8, 42]]), array([[35,  6],
       [ 9, 41]]), array([[35,  6],
       [ 8, 42]])], [array([[33,  8],
       [11, 39]]), array([[34,  7],
       [ 9, 41]]), array([[35,  6],
       [ 8, 42]]), array([[35,  6],
       [ 7, 43]]), array([[35,  6],
       [ 8, 42]]), array([[34,  7],
       [ 8, 42]]), array([[35,  6],
       [ 9, 41]])], [array([[33,  8],
       [ 9, 41]]), array([[34,  7],
       [ 9, 41]]), array([[34,  7],
       [ 7, 43]]), array([[34,  7],
       [ 7, 43]]), array([[34,  7],
       [ 9, 41]]), array([[34,  7],
       [ 9, 41]]), array([[33,  8],
       [ 8, 42]])]]
2019-09-06 11:07:07,674 INFO N Media Interations = 4
2019-09-06 11:07:07,675 INFO Execucao EF 1
2019-09-06 11:07:07,716 INFO Execucao EF 2
2019-09-06 11:07:07,950 INFO Execucao EF 3
2019-09-06 11:07:08,822 INFO Execucao EF 4
2019-09-06 11:07:11,075 INFO Execucao EF 5
2019-09-06 11:07:15,247 INFO Execucao EF 6
2019-09-06 11:07:20,922 INFO Execucao EF 7
2019-09-06 11:07:26,921 INFO Accuracy EF 
[0.8461538461538461, 0.8351648351648352, 0.8131868131868132, 0.8021978021978022, 0.8241758241758241, 0.8241758241758241, 0.8131868131868132]
2019-09-06 11:07:26,922 INFO Matrix Confusion EF 
[[array([[31, 10],
       [ 4, 46]]), array([[34,  7],
       [ 8, 42]]), array([[34,  7],
       [10, 40]]), array([[34,  7],
       [11, 39]]), array([[34,  7],
       [ 9, 41]]), array([[33,  8],
       [ 8, 42]]), array([[34,  7],
       [11, 39]])], [array([[31, 10],
       [ 4, 46]]), array([[34,  7],
       [ 8, 42]]), array([[34,  7],
       [10, 40]]), array([[34,  7],
       [11, 39]]), array([[34,  7],
       [ 9, 41]]), array([[34,  7],
       [ 8, 42]]), array([[34,  7],
       [10, 40]])], [array([[31, 10],
       [ 4, 46]]), array([[34,  7],
       [ 8, 42]]), array([[34,  7],
       [10, 40]]), array([[34,  7],
       [11, 39]]), array([[34,  7],
       [ 9, 41]]), array([[34,  7],
       [ 8, 42]]), array([[34,  7],
       [10, 40]])], [array([[31, 10],
       [ 4, 46]]), array([[34,  7],
       [ 8, 42]]), array([[34,  7],
       [10, 40]]), array([[34,  7],
       [11, 39]]), array([[34,  7],
       [ 9, 41]]), array([[33,  8],
       [ 8, 42]]), array([[34,  7],
       [10, 40]])]]
2019-09-06 11:07:26,922 INFO N arvores para o RF 13
2019-09-06 11:07:26,932 INFO N arvores para o RF 78
2019-09-06 11:07:26,984 INFO N arvores para o RF 286
2019-09-06 11:07:27,153 INFO N arvores para o RF 715
2019-09-06 11:07:27,550 INFO N arvores para o RF 1287
2019-09-06 11:07:28,286 INFO N arvores para o RF 1716
2019-09-06 11:07:29,259 INFO N arvores para o RF 1716
2019-09-06 11:07:30,200 INFO Accuracy RF 
[0.8241758241758241, 0.8461538461538461, 0.8351648351648352, 0.8351648351648352, 0.8131868131868132, 0.8461538461538461, 0.8241758241758241]
2019-09-06 11:07:30,201 INFO Matrix Confusion RF 
[[array([[32,  9],
       [ 8, 42]]), array([[34,  7],
       [10, 40]]), array([[34,  7],
       [ 8, 42]]), array([[34,  7],
       [ 7, 43]]), array([[35,  6],
       [ 8, 42]]), array([[35,  6],
       [ 9, 41]]), array([[35,  6],
       [ 8, 42]])], [array([[33,  8],
       [11, 39]]), array([[34,  7],
       [ 9, 41]]), array([[35,  6],
       [ 8, 42]]), array([[35,  6],
       [ 7, 43]]), array([[35,  6],
       [ 8, 42]]), array([[34,  7],
       [ 8, 42]]), array([[35,  6],
       [ 9, 41]])], [array([[33,  8],
       [ 9, 41]]), array([[34,  7],
       [ 9, 41]]), array([[34,  7],
       [ 7, 43]]), array([[34,  7],
       [ 7, 43]]), array([[34,  7],
       [ 9, 41]]), array([[34,  7],
       [ 9, 41]]), array([[33,  8],
       [ 8, 42]])], [array([[32,  9],
       [ 7, 43]]), array([[35,  6],
       [ 8, 42]]), array([[35,  6],
       [ 9, 41]]), array([[33,  8],
       [ 7, 43]]), array([[33,  8],
       [ 9, 41]]), array([[34,  7],
       [ 7, 43]]), array([[34,  7],
       [ 9, 41]])]]
2019-09-06 11:07:30,203 INFO N Media Interations = 5
2019-09-06 11:07:30,203 INFO Execucao EF 1
2019-09-06 11:07:30,247 INFO Execucao EF 2
2019-09-06 11:07:30,488 INFO Execucao EF 3
2019-09-06 11:07:31,385 INFO Execucao EF 4
2019-09-06 11:07:33,700 INFO Execucao EF 5
2019-09-06 11:07:38,005 INFO Execucao EF 6
2019-09-06 11:07:43,875 INFO Execucao EF 7
2019-09-06 11:07:49,905 INFO Accuracy EF 
[0.8461538461538461, 0.8351648351648352, 0.8131868131868132, 0.8021978021978022, 0.8241758241758241, 0.8351648351648352, 0.8131868131868132]
2019-09-06 11:07:49,907 INFO Matrix Confusion EF 
[[array([[31, 10],
       [ 4, 46]]), array([[34,  7],
       [ 8, 42]]), array([[34,  7],
       [10, 40]]), array([[34,  7],
       [11, 39]]), array([[34,  7],
       [ 9, 41]]), array([[33,  8],
       [ 8, 42]]), array([[34,  7],
       [11, 39]])], [array([[31, 10],
       [ 4, 46]]), array([[34,  7],
       [ 8, 42]]), array([[34,  7],
       [10, 40]]), array([[34,  7],
       [11, 39]]), array([[34,  7],
       [ 9, 41]]), array([[34,  7],
       [ 8, 42]]), array([[34,  7],
       [10, 40]])], [array([[31, 10],
       [ 4, 46]]), array([[34,  7],
       [ 8, 42]]), array([[34,  7],
       [10, 40]]), array([[34,  7],
       [11, 39]]), array([[34,  7],
       [ 9, 41]]), array([[34,  7],
       [ 8, 42]]), array([[34,  7],
       [10, 40]])], [array([[31, 10],
       [ 4, 46]]), array([[34,  7],
       [ 8, 42]]), array([[34,  7],
       [10, 40]]), array([[34,  7],
       [11, 39]]), array([[34,  7],
       [ 9, 41]]), array([[33,  8],
       [ 8, 42]]), array([[34,  7],
       [10, 40]])], [array([[31, 10],
       [ 4, 46]]), array([[34,  7],
       [ 8, 42]]), array([[34,  7],
       [10, 40]]), array([[34,  7],
       [11, 39]]), array([[34,  7],
       [ 9, 41]]), array([[34,  7],
       [ 8, 42]]), array([[34,  7],
       [10, 40]])]]
2019-09-06 11:07:49,907 INFO N arvores para o RF 13
2019-09-06 11:07:49,916 INFO N arvores para o RF 78
2019-09-06 11:07:49,961 INFO N arvores para o RF 286
2019-09-06 11:07:50,122 INFO N arvores para o RF 715
2019-09-06 11:07:50,539 INFO N arvores para o RF 1287
2019-09-06 11:07:51,257 INFO N arvores para o RF 1716
2019-09-06 11:07:52,214 INFO N arvores para o RF 1716
2019-09-06 11:07:53,163 INFO Accuracy RF 
[0.8131868131868132, 0.8351648351648352, 0.8461538461538461, 0.8571428571428571, 0.8461538461538461, 0.8351648351648352, 0.8461538461538461]
2019-09-06 11:07:53,165 INFO Matrix Confusion RF 
[[array([[32,  9],
       [ 8, 42]]), array([[34,  7],
       [10, 40]]), array([[34,  7],
       [ 8, 42]]), array([[34,  7],
       [ 7, 43]]), array([[35,  6],
       [ 8, 42]]), array([[35,  6],
       [ 9, 41]]), array([[35,  6],
       [ 8, 42]])], [array([[33,  8],
       [11, 39]]), array([[34,  7],
       [ 9, 41]]), array([[35,  6],
       [ 8, 42]]), array([[35,  6],
       [ 7, 43]]), array([[35,  6],
       [ 8, 42]]), array([[34,  7],
       [ 8, 42]]), array([[35,  6],
       [ 9, 41]])], [array([[33,  8],
       [ 9, 41]]), array([[34,  7],
       [ 9, 41]]), array([[34,  7],
       [ 7, 43]]), array([[34,  7],
       [ 7, 43]]), array([[34,  7],
       [ 9, 41]]), array([[34,  7],
       [ 9, 41]]), array([[33,  8],
       [ 8, 42]])], [array([[32,  9],
       [ 7, 43]]), array([[35,  6],
       [ 8, 42]]), array([[35,  6],
       [ 9, 41]]), array([[33,  8],
       [ 7, 43]]), array([[33,  8],
       [ 9, 41]]), array([[34,  7],
       [ 7, 43]]), array([[34,  7],
       [ 9, 41]])], [array([[32,  9],
       [ 8, 42]]), array([[34,  7],
       [ 8, 42]]), array([[35,  6],
       [ 8, 42]]), array([[35,  6],
       [ 7, 43]]), array([[34,  7],
       [ 7, 43]]), array([[35,  6],
       [ 9, 41]]), array([[35,  6],
       [ 8, 42]])]]
