2019-11-11 13:24:33,872 DEBUG Training subset = ['temperatura' ('nausea_no', 'nausea_yes')
 ('dorlombar_no', 'dorlombar_yes')], Timing = 0.006982564926147461, Size (Kb) = 0.0546875
2019-11-11 13:24:33,880 DEBUG Training subset = ['temperatura' ('nausea_no', 'nausea_yes')
 ('urinepushing_no', 'urinepushing_yes')], Timing = 0.006977081298828125, Size (Kb) = 0.0546875
2019-11-11 13:24:33,888 DEBUG Training subset = ['temperatura' ('nausea_no', 'nausea_yes') ('miccao_no', 'miccao_yes')], Timing = 0.008032798767089844, Size (Kb) = 0.0546875
2019-11-11 13:24:33,896 DEBUG Training subset = ['temperatura' ('nausea_no', 'nausea_yes')
 ('queimacao_yes', 'queimacao_no')], Timing = 0.007004261016845703, Size (Kb) = 0.0546875
2019-11-11 13:24:33,904 DEBUG Training subset = ['temperatura' ('nausea_no', 'nausea_yes')
 ('inflamacao_no', 'inflamacao_yes')], Timing = 0.008005619049072266, Size (Kb) = 0.0546875
2019-11-11 13:24:33,912 DEBUG Training subset = ['temperatura' ('dorlombar_no', 'dorlombar_yes')
 ('urinepushing_no', 'urinepushing_yes')], Timing = 0.007985115051269531, Size (Kb) = 0.0546875
2019-11-11 13:24:33,921 DEBUG Training subset = ['temperatura' ('dorlombar_no', 'dorlombar_yes')
 ('miccao_no', 'miccao_yes')], Timing = 0.007004499435424805, Size (Kb) = 0.0546875
2019-11-11 13:24:33,929 DEBUG Training subset = ['temperatura' ('dorlombar_no', 'dorlombar_yes')
 ('queimacao_yes', 'queimacao_no')], Timing = 0.0070035457611083984, Size (Kb) = 0.0546875
2019-11-11 13:24:33,937 DEBUG Training subset = ['temperatura' ('dorlombar_no', 'dorlombar_yes')
 ('inflamacao_no', 'inflamacao_yes')], Timing = 0.007004499435424805, Size (Kb) = 0.0546875
2019-11-11 13:24:33,945 DEBUG Training subset = ['temperatura' ('urinepushing_no', 'urinepushing_yes')
 ('miccao_no', 'miccao_yes')], Timing = 0.007004261016845703, Size (Kb) = 0.0546875
2019-11-11 13:24:33,953 DEBUG Training subset = ['temperatura' ('urinepushing_no', 'urinepushing_yes')
 ('queimacao_yes', 'queimacao_no')], Timing = 0.007004261016845703, Size (Kb) = 0.0546875
2019-11-11 13:24:33,961 DEBUG Training subset = ['temperatura' ('urinepushing_no', 'urinepushing_yes')
 ('inflamacao_no', 'inflamacao_yes')], Timing = 0.0070035457611083984, Size (Kb) = 0.0546875
2019-11-11 13:24:33,969 DEBUG Training subset = ['temperatura' ('miccao_no', 'miccao_yes')
 ('queimacao_yes', 'queimacao_no')], Timing = 0.007005453109741211, Size (Kb) = 0.0546875
2019-11-11 13:24:33,977 DEBUG Training subset = ['temperatura' ('miccao_no', 'miccao_yes')
 ('inflamacao_no', 'inflamacao_yes')], Timing = 0.0070037841796875, Size (Kb) = 0.0546875
2019-11-11 13:24:33,985 DEBUG Training subset = ['temperatura' ('queimacao_yes', 'queimacao_no')
 ('inflamacao_no', 'inflamacao_yes')], Timing = 0.008005142211914062, Size (Kb) = 0.0546875
2019-11-11 13:24:33,993 DEBUG Training subset = [('nausea_no', 'nausea_yes') ('dorlombar_no', 'dorlombar_yes')
 ('urinepushing_no', 'urinepushing_yes')], Timing = 0.008006811141967773, Size (Kb) = 0.0546875
2019-11-11 13:24:34,002 DEBUG Training subset = [('nausea_no', 'nausea_yes') ('dorlombar_no', 'dorlombar_yes')
 ('miccao_no', 'miccao_yes')], Timing = 0.007005453109741211, Size (Kb) = 0.0546875
2019-11-11 13:24:34,009 DEBUG Training subset = [('nausea_no', 'nausea_yes') ('dorlombar_no', 'dorlombar_yes')
 ('queimacao_yes', 'queimacao_no')], Timing = 0.0070037841796875, Size (Kb) = 0.0546875
2019-11-11 13:24:34,018 DEBUG Training subset = [('nausea_no', 'nausea_yes') ('dorlombar_no', 'dorlombar_yes')
 ('inflamacao_no', 'inflamacao_yes')], Timing = 0.007004261016845703, Size (Kb) = 0.0546875
2019-11-11 13:24:34,027 DEBUG Training subset = [('nausea_no', 'nausea_yes') ('urinepushing_no', 'urinepushing_yes')
 ('miccao_no', 'miccao_yes')], Timing = 0.008026599884033203, Size (Kb) = 0.0546875
2019-11-11 13:24:34,035 DEBUG Training subset = [('nausea_no', 'nausea_yes') ('urinepushing_no', 'urinepushing_yes')
 ('queimacao_yes', 'queimacao_no')], Timing = 0.007002592086791992, Size (Kb) = 0.0546875
2019-11-11 13:24:34,045 DEBUG Training subset = [('nausea_no', 'nausea_yes') ('urinepushing_no', 'urinepushing_yes')
 ('inflamacao_no', 'inflamacao_yes')], Timing = 0.009987354278564453, Size (Kb) = 0.0546875
2019-11-11 13:24:34,054 DEBUG Training subset = [('nausea_no', 'nausea_yes') ('miccao_no', 'miccao_yes')
 ('queimacao_yes', 'queimacao_no')], Timing = 0.007004499435424805, Size (Kb) = 0.0546875
2019-11-11 13:24:34,065 DEBUG Training subset = [('nausea_no', 'nausea_yes') ('miccao_no', 'miccao_yes')
 ('inflamacao_no', 'inflamacao_yes')], Timing = 0.01100015640258789, Size (Kb) = 0.0546875
2019-11-11 13:24:34,074 DEBUG Training subset = [('nausea_no', 'nausea_yes') ('queimacao_yes', 'queimacao_no')
 ('inflamacao_no', 'inflamacao_yes')], Timing = 0.00800466537475586, Size (Kb) = 0.0546875
2019-11-11 13:24:34,082 DEBUG Training subset = [('dorlombar_no', 'dorlombar_yes') ('urinepushing_no', 'urinepushing_yes')
 ('miccao_no', 'miccao_yes')], Timing = 0.007004976272583008, Size (Kb) = 0.0546875
2019-11-11 13:24:34,090 DEBUG Training subset = [('dorlombar_no', 'dorlombar_yes') ('urinepushing_no', 'urinepushing_yes')
 ('queimacao_yes', 'queimacao_no')], Timing = 0.007004261016845703, Size (Kb) = 0.0546875
2019-11-11 13:24:34,098 DEBUG Training subset = [('dorlombar_no', 'dorlombar_yes') ('urinepushing_no', 'urinepushing_yes')
 ('inflamacao_no', 'inflamacao_yes')], Timing = 0.007004499435424805, Size (Kb) = 0.0546875
2019-11-11 13:24:34,107 DEBUG Training subset = [('dorlombar_no', 'dorlombar_yes') ('miccao_no', 'miccao_yes')
 ('queimacao_yes', 'queimacao_no')], Timing = 0.007031917572021484, Size (Kb) = 0.0546875
2019-11-11 13:24:34,115 DEBUG Training subset = [('dorlombar_no', 'dorlombar_yes') ('miccao_no', 'miccao_yes')
 ('inflamacao_no', 'inflamacao_yes')], Timing = 0.007007122039794922, Size (Kb) = 0.0546875
2019-11-11 13:24:34,123 DEBUG Training subset = [('dorlombar_no', 'dorlombar_yes') ('queimacao_yes', 'queimacao_no')
 ('inflamacao_no', 'inflamacao_yes')], Timing = 0.0070037841796875, Size (Kb) = 0.0546875
2019-11-11 13:24:34,130 DEBUG Training subset = [('urinepushing_no', 'urinepushing_yes') ('miccao_no', 'miccao_yes')
 ('queimacao_yes', 'queimacao_no')], Timing = 0.007004499435424805, Size (Kb) = 0.0546875
2019-11-11 13:24:34,138 DEBUG Training subset = [('urinepushing_no', 'urinepushing_yes') ('miccao_no', 'miccao_yes')
 ('inflamacao_no', 'inflamacao_yes')], Timing = 0.007004737854003906, Size (Kb) = 0.0546875
2019-11-11 13:24:34,146 DEBUG Training subset = [('urinepushing_no', 'urinepushing_yes') ('queimacao_yes', 'queimacao_no')
 ('inflamacao_no', 'inflamacao_yes')], Timing = 0.007004499435424805, Size (Kb) = 0.0546875
2019-11-11 13:24:34,154 DEBUG Training subset = [('miccao_no', 'miccao_yes') ('queimacao_yes', 'queimacao_no')
 ('inflamacao_no', 'inflamacao_yes')], Timing = 0.007004976272583008, Size (Kb) = 0.0546875
