2019-11-11 16:25:32,229 DEBUG Training subset = ['temperatura' ('nausea_no', 'nausea_yes')
 ('dorlombar_no', 'dorlombar_yes')], Timing = 0.008006095886230469, Size (Kb) = 0.0546875
2019-11-11 16:25:32,238 DEBUG Training subset = ['temperatura' ('nausea_no', 'nausea_yes')
 ('urinepushing_no', 'urinepushing_yes')], Timing = 0.008006095886230469, Size (Kb) = 0.0546875
2019-11-11 16:25:32,248 DEBUG Training subset = ['temperatura' ('nausea_no', 'nausea_yes') ('miccao_no', 'miccao_yes')], Timing = 0.009006500244140625, Size (Kb) = 0.0546875
2019-11-11 16:25:32,256 DEBUG Training subset = ['temperatura' ('nausea_no', 'nausea_yes')
 ('queimacao_yes', 'queimacao_no')], Timing = 0.008005857467651367, Size (Kb) = 0.0546875
2019-11-11 16:25:32,265 DEBUG Training subset = ['temperatura' ('nausea_no', 'nausea_yes')
 ('inflamacao_no', 'inflamacao_yes')], Timing = 0.008005857467651367, Size (Kb) = 0.0546875
2019-11-11 16:25:32,274 DEBUG Training subset = ['temperatura' ('dorlombar_no', 'dorlombar_yes')
 ('urinepushing_no', 'urinepushing_yes')], Timing = 0.0070040225982666016, Size (Kb) = 0.0546875
2019-11-11 16:25:32,286 DEBUG Training subset = ['temperatura' ('dorlombar_no', 'dorlombar_yes')
 ('miccao_no', 'miccao_yes')], Timing = 0.012033462524414062, Size (Kb) = 0.0546875
2019-11-11 16:25:32,296 DEBUG Training subset = ['temperatura' ('dorlombar_no', 'dorlombar_yes')
 ('queimacao_yes', 'queimacao_no')], Timing = 0.008003711700439453, Size (Kb) = 0.0546875
2019-11-11 16:25:32,304 DEBUG Training subset = ['temperatura' ('dorlombar_no', 'dorlombar_yes')
 ('inflamacao_no', 'inflamacao_yes')], Timing = 0.008012533187866211, Size (Kb) = 0.0546875
2019-11-11 16:25:32,315 DEBUG Training subset = ['temperatura' ('urinepushing_no', 'urinepushing_yes')
 ('miccao_no', 'miccao_yes')], Timing = 0.008998870849609375, Size (Kb) = 0.0546875
2019-11-11 16:25:32,323 DEBUG Training subset = ['temperatura' ('urinepushing_no', 'urinepushing_yes')
 ('queimacao_yes', 'queimacao_no')], Timing = 0.00797891616821289, Size (Kb) = 0.0546875
2019-11-11 16:25:32,332 DEBUG Training subset = ['temperatura' ('urinepushing_no', 'urinepushing_yes')
 ('inflamacao_no', 'inflamacao_yes')], Timing = 0.007004499435424805, Size (Kb) = 0.0546875
2019-11-11 16:25:32,340 DEBUG Training subset = ['temperatura' ('miccao_no', 'miccao_yes')
 ('queimacao_yes', 'queimacao_no')], Timing = 0.008012056350708008, Size (Kb) = 0.0546875
2019-11-11 16:25:32,348 DEBUG Training subset = ['temperatura' ('miccao_no', 'miccao_yes')
 ('inflamacao_no', 'inflamacao_yes')], Timing = 0.007004737854003906, Size (Kb) = 0.0546875
2019-11-11 16:25:32,357 DEBUG Training subset = ['temperatura' ('queimacao_yes', 'queimacao_no')
 ('inflamacao_no', 'inflamacao_yes')], Timing = 0.0070040225982666016, Size (Kb) = 0.0546875
2019-11-11 16:25:32,365 DEBUG Training subset = [('nausea_no', 'nausea_yes') ('dorlombar_no', 'dorlombar_yes')
 ('urinepushing_no', 'urinepushing_yes')], Timing = 0.0070037841796875, Size (Kb) = 0.0546875
2019-11-11 16:25:32,373 DEBUG Training subset = [('nausea_no', 'nausea_yes') ('dorlombar_no', 'dorlombar_yes')
 ('miccao_no', 'miccao_yes')], Timing = 0.007004261016845703, Size (Kb) = 0.0546875
2019-11-11 16:25:32,381 DEBUG Training subset = [('nausea_no', 'nausea_yes') ('dorlombar_no', 'dorlombar_yes')
 ('queimacao_yes', 'queimacao_no')], Timing = 0.008006095886230469, Size (Kb) = 0.0546875
2019-11-11 16:25:32,389 DEBUG Training subset = [('nausea_no', 'nausea_yes') ('dorlombar_no', 'dorlombar_yes')
 ('inflamacao_no', 'inflamacao_yes')], Timing = 0.008005619049072266, Size (Kb) = 0.0546875
2019-11-11 16:25:32,397 DEBUG Training subset = [('nausea_no', 'nausea_yes') ('urinepushing_no', 'urinepushing_yes')
 ('miccao_no', 'miccao_yes')], Timing = 0.007004261016845703, Size (Kb) = 0.0546875
2019-11-11 16:25:32,405 DEBUG Training subset = [('nausea_no', 'nausea_yes') ('urinepushing_no', 'urinepushing_yes')
 ('queimacao_yes', 'queimacao_no')], Timing = 0.007004737854003906, Size (Kb) = 0.0546875
2019-11-11 16:25:32,413 DEBUG Training subset = [('nausea_no', 'nausea_yes') ('urinepushing_no', 'urinepushing_yes')
 ('inflamacao_no', 'inflamacao_yes')], Timing = 0.007004737854003906, Size (Kb) = 0.0546875
2019-11-11 16:25:32,422 DEBUG Training subset = [('nausea_no', 'nausea_yes') ('miccao_no', 'miccao_yes')
 ('queimacao_yes', 'queimacao_no')], Timing = 0.008033275604248047, Size (Kb) = 0.0546875
2019-11-11 16:25:32,434 DEBUG Training subset = [('nausea_no', 'nausea_yes') ('miccao_no', 'miccao_yes')
 ('inflamacao_no', 'inflamacao_yes')], Timing = 0.01098012924194336, Size (Kb) = 0.0546875
2019-11-11 16:25:32,444 DEBUG Training subset = [('nausea_no', 'nausea_yes') ('queimacao_yes', 'queimacao_no')
 ('inflamacao_no', 'inflamacao_yes')], Timing = 0.008007526397705078, Size (Kb) = 0.0546875
2019-11-11 16:25:32,451 DEBUG Training subset = [('dorlombar_no', 'dorlombar_yes') ('urinepushing_no', 'urinepushing_yes')
 ('miccao_no', 'miccao_yes')], Timing = 0.007004737854003906, Size (Kb) = 0.0546875
2019-11-11 16:25:32,459 DEBUG Training subset = [('dorlombar_no', 'dorlombar_yes') ('urinepushing_no', 'urinepushing_yes')
 ('queimacao_yes', 'queimacao_no')], Timing = 0.0070040225982666016, Size (Kb) = 0.0546875
2019-11-11 16:25:32,467 DEBUG Training subset = [('dorlombar_no', 'dorlombar_yes') ('urinepushing_no', 'urinepushing_yes')
 ('inflamacao_no', 'inflamacao_yes')], Timing = 0.0070040225982666016, Size (Kb) = 0.0546875
2019-11-11 16:25:32,476 DEBUG Training subset = [('dorlombar_no', 'dorlombar_yes') ('miccao_no', 'miccao_yes')
 ('queimacao_yes', 'queimacao_no')], Timing = 0.0070340633392333984, Size (Kb) = 0.0546875
2019-11-11 16:25:32,483 DEBUG Training subset = [('dorlombar_no', 'dorlombar_yes') ('miccao_no', 'miccao_yes')
 ('inflamacao_no', 'inflamacao_yes')], Timing = 0.007003068923950195, Size (Kb) = 0.0546875
2019-11-11 16:25:32,491 DEBUG Training subset = [('dorlombar_no', 'dorlombar_yes') ('queimacao_yes', 'queimacao_no')
 ('inflamacao_no', 'inflamacao_yes')], Timing = 0.006979227066040039, Size (Kb) = 0.0546875
2019-11-11 16:25:32,500 DEBUG Training subset = [('urinepushing_no', 'urinepushing_yes') ('miccao_no', 'miccao_yes')
 ('queimacao_yes', 'queimacao_no')], Timing = 0.007010936737060547, Size (Kb) = 0.0546875
2019-11-11 16:25:32,508 DEBUG Training subset = [('urinepushing_no', 'urinepushing_yes') ('miccao_no', 'miccao_yes')
 ('inflamacao_no', 'inflamacao_yes')], Timing = 0.008005619049072266, Size (Kb) = 0.0546875
2019-11-11 16:25:32,517 DEBUG Training subset = [('urinepushing_no', 'urinepushing_yes') ('queimacao_yes', 'queimacao_no')
 ('inflamacao_no', 'inflamacao_yes')], Timing = 0.008005619049072266, Size (Kb) = 0.0546875
2019-11-11 16:25:32,525 DEBUG Training subset = [('miccao_no', 'miccao_yes') ('queimacao_yes', 'queimacao_no')
 ('inflamacao_no', 'inflamacao_yes')], Timing = 0.008005857467651367, Size (Kb) = 0.0546875
2019-11-11 16:26:45,824 DEBUG Size predict = (36, 13), N estimators = 35
2019-11-11 16:26:45,839 DEBUG Block Limit = (0, 36)
2019-11-11 16:26:45,848 DEBUG Subset predict = ['temperatura' ('nausea_no', 'nausea_yes')
 ('dorlombar_no', 'dorlombar_yes')]
2019-11-11 16:26:45,860 DEBUG Subset predict = ['temperatura' ('nausea_no', 'nausea_yes')
 ('urinepushing_no', 'urinepushing_yes')]
2019-11-11 16:26:45,878 DEBUG Subset predict = ['temperatura' ('nausea_no', 'nausea_yes') ('miccao_no', 'miccao_yes')]
2019-11-11 16:26:45,892 DEBUG Subset predict = ['temperatura' ('nausea_no', 'nausea_yes')
 ('queimacao_yes', 'queimacao_no')]
2019-11-11 16:26:45,902 DEBUG Subset predict = ['temperatura' ('nausea_no', 'nausea_yes')
 ('inflamacao_no', 'inflamacao_yes')]
2019-11-11 16:26:45,908 DEBUG Subset predict = ['temperatura' ('dorlombar_no', 'dorlombar_yes')
 ('urinepushing_no', 'urinepushing_yes')]
2019-11-11 16:26:45,915 DEBUG Subset predict = ['temperatura' ('dorlombar_no', 'dorlombar_yes')
 ('miccao_no', 'miccao_yes')]
2019-11-11 16:26:45,921 DEBUG Subset predict = ['temperatura' ('dorlombar_no', 'dorlombar_yes')
 ('queimacao_yes', 'queimacao_no')]
2019-11-11 16:26:45,927 DEBUG Subset predict = ['temperatura' ('dorlombar_no', 'dorlombar_yes')
 ('inflamacao_no', 'inflamacao_yes')]
2019-11-11 16:26:45,933 DEBUG Subset predict = ['temperatura' ('urinepushing_no', 'urinepushing_yes')
 ('miccao_no', 'miccao_yes')]
2019-11-11 16:26:45,940 DEBUG Subset predict = ['temperatura' ('urinepushing_no', 'urinepushing_yes')
 ('queimacao_yes', 'queimacao_no')]
2019-11-11 16:26:45,946 DEBUG Subset predict = ['temperatura' ('urinepushing_no', 'urinepushing_yes')
 ('inflamacao_no', 'inflamacao_yes')]
2019-11-11 16:26:45,952 DEBUG Subset predict = ['temperatura' ('miccao_no', 'miccao_yes')
 ('queimacao_yes', 'queimacao_no')]
2019-11-11 16:26:45,958 DEBUG Subset predict = ['temperatura' ('miccao_no', 'miccao_yes')
 ('inflamacao_no', 'inflamacao_yes')]
2019-11-11 16:26:45,964 DEBUG Subset predict = ['temperatura' ('queimacao_yes', 'queimacao_no')
 ('inflamacao_no', 'inflamacao_yes')]
2019-11-11 16:26:45,970 DEBUG Subset predict = [('nausea_no', 'nausea_yes') ('dorlombar_no', 'dorlombar_yes')
 ('urinepushing_no', 'urinepushing_yes')]
2019-11-11 16:26:45,977 DEBUG Subset predict = [('nausea_no', 'nausea_yes') ('dorlombar_no', 'dorlombar_yes')
 ('miccao_no', 'miccao_yes')]
2019-11-11 16:26:45,983 DEBUG Subset predict = [('nausea_no', 'nausea_yes') ('dorlombar_no', 'dorlombar_yes')
 ('queimacao_yes', 'queimacao_no')]
2019-11-11 16:26:45,989 DEBUG Subset predict = [('nausea_no', 'nausea_yes') ('dorlombar_no', 'dorlombar_yes')
 ('inflamacao_no', 'inflamacao_yes')]
2019-11-11 16:26:45,996 DEBUG Subset predict = [('nausea_no', 'nausea_yes') ('urinepushing_no', 'urinepushing_yes')
 ('miccao_no', 'miccao_yes')]
2019-11-11 16:26:46,002 DEBUG Subset predict = [('nausea_no', 'nausea_yes') ('urinepushing_no', 'urinepushing_yes')
 ('queimacao_yes', 'queimacao_no')]
2019-11-11 16:26:46,008 DEBUG Subset predict = [('nausea_no', 'nausea_yes') ('urinepushing_no', 'urinepushing_yes')
 ('inflamacao_no', 'inflamacao_yes')]
2019-11-11 16:26:46,014 DEBUG Subset predict = [('nausea_no', 'nausea_yes') ('miccao_no', 'miccao_yes')
 ('queimacao_yes', 'queimacao_no')]
2019-11-11 16:26:46,020 DEBUG Subset predict = [('nausea_no', 'nausea_yes') ('miccao_no', 'miccao_yes')
 ('inflamacao_no', 'inflamacao_yes')]
2019-11-11 16:26:46,026 DEBUG Subset predict = [('nausea_no', 'nausea_yes') ('queimacao_yes', 'queimacao_no')
 ('inflamacao_no', 'inflamacao_yes')]
2019-11-11 16:26:46,032 DEBUG Subset predict = [('dorlombar_no', 'dorlombar_yes') ('urinepushing_no', 'urinepushing_yes')
 ('miccao_no', 'miccao_yes')]
2019-11-11 16:26:46,038 DEBUG Subset predict = [('dorlombar_no', 'dorlombar_yes') ('urinepushing_no', 'urinepushing_yes')
 ('queimacao_yes', 'queimacao_no')]
2019-11-11 16:26:46,044 DEBUG Subset predict = [('dorlombar_no', 'dorlombar_yes') ('urinepushing_no', 'urinepushing_yes')
 ('inflamacao_no', 'inflamacao_yes')]
2019-11-11 16:26:46,073 DEBUG Subset predict = [('dorlombar_no', 'dorlombar_yes') ('miccao_no', 'miccao_yes')
 ('queimacao_yes', 'queimacao_no')]
2019-11-11 16:26:46,080 DEBUG Subset predict = [('dorlombar_no', 'dorlombar_yes') ('miccao_no', 'miccao_yes')
 ('inflamacao_no', 'inflamacao_yes')]
2019-11-11 16:26:46,087 DEBUG Subset predict = [('dorlombar_no', 'dorlombar_yes') ('queimacao_yes', 'queimacao_no')
 ('inflamacao_no', 'inflamacao_yes')]
2019-11-11 16:26:46,097 DEBUG Subset predict = [('urinepushing_no', 'urinepushing_yes') ('miccao_no', 'miccao_yes')
 ('queimacao_yes', 'queimacao_no')]
2019-11-11 16:26:46,106 DEBUG Subset predict = [('urinepushing_no', 'urinepushing_yes') ('miccao_no', 'miccao_yes')
 ('inflamacao_no', 'inflamacao_yes')]
2019-11-11 16:26:46,115 DEBUG Subset predict = [('urinepushing_no', 'urinepushing_yes') ('queimacao_yes', 'queimacao_no')
 ('inflamacao_no', 'inflamacao_yes')]
2019-11-11 16:26:46,123 DEBUG Subset predict = [('miccao_no', 'miccao_yes') ('queimacao_yes', 'queimacao_no')
 ('inflamacao_no', 'inflamacao_yes')]
2019-11-11 16:26:46,139 DEBUG Shape One = (35, 36)
2019-11-11 16:26:46,140 DEBUG Shape Two = (36, 35)
2019-11-11 16:26:46,142 DEBUG Block predict 
[[0 0 0 ... 0 1 1]
 [0 1 0 ... 0 0 1]
 [1 1 1 ... 0 0 0]
 ...
 [1 1 1 ... 0 1 1]
 [0 0 0 ... 0 1 1]
 [0 0 0 ... 0 0 0]]
2019-11-11 16:26:46,144 DEBUG Block voting data 
[0, 0, 1, 0, 0, 0, 0, 0, 0, 1, 0, 1, 1, 0, 0, 1, 0, 0, 0, 1, 1, 1, 0, 1, 1, 0, 0, 1, 1, 1, 1, 0, 0, 1, 0, 0]
2019-11-11 16:26:46,145 DEBUG Block voting len 36
