2019-11-11 13:28:57,982 DEBUG Training subset = ['temperatura' ('nausea_no', 'nausea_yes')
 ('dorlombar_no', 'dorlombar_yes')], Timing = 0.00800633430480957, Size (Kb) = 0.0546875
2019-11-11 13:28:57,991 DEBUG Training subset = ['temperatura' ('nausea_no', 'nausea_yes')
 ('urinepushing_no', 'urinepushing_yes')], Timing = 0.007005453109741211, Size (Kb) = 0.0546875
2019-11-11 13:28:57,999 DEBUG Training subset = ['temperatura' ('nausea_no', 'nausea_yes') ('miccao_no', 'miccao_yes')], Timing = 0.007004261016845703, Size (Kb) = 0.0546875
2019-11-11 13:28:58,007 DEBUG Training subset = ['temperatura' ('nausea_no', 'nausea_yes')
 ('queimacao_yes', 'queimacao_no')], Timing = 0.008006095886230469, Size (Kb) = 0.0546875
2019-11-11 13:28:58,015 DEBUG Training subset = ['temperatura' ('nausea_no', 'nausea_yes')
 ('inflamacao_no', 'inflamacao_yes')], Timing = 0.00800633430480957, Size (Kb) = 0.0546875
2019-11-11 13:28:58,023 DEBUG Training subset = ['temperatura' ('dorlombar_no', 'dorlombar_yes')
 ('urinepushing_no', 'urinepushing_yes')], Timing = 0.008004426956176758, Size (Kb) = 0.0546875
2019-11-11 13:28:58,031 DEBUG Training subset = ['temperatura' ('dorlombar_no', 'dorlombar_yes')
 ('miccao_no', 'miccao_yes')], Timing = 0.008006095886230469, Size (Kb) = 0.0546875
2019-11-11 13:28:58,039 DEBUG Training subset = ['temperatura' ('dorlombar_no', 'dorlombar_yes')
 ('queimacao_yes', 'queimacao_no')], Timing = 0.0070037841796875, Size (Kb) = 0.0546875
2019-11-11 13:28:58,049 DEBUG Training subset = ['temperatura' ('dorlombar_no', 'dorlombar_yes')
 ('inflamacao_no', 'inflamacao_yes')], Timing = 0.009999513626098633, Size (Kb) = 0.0546875
2019-11-11 13:28:58,060 DEBUG Training subset = ['temperatura' ('urinepushing_no', 'urinepushing_yes')
 ('miccao_no', 'miccao_yes')], Timing = 0.010007381439208984, Size (Kb) = 0.0546875
2019-11-11 13:28:58,074 DEBUG Training subset = ['temperatura' ('urinepushing_no', 'urinepushing_yes')
 ('queimacao_yes', 'queimacao_no')], Timing = 0.012018203735351562, Size (Kb) = 0.0546875
2019-11-11 13:28:58,083 DEBUG Training subset = ['temperatura' ('urinepushing_no', 'urinepushing_yes')
 ('inflamacao_no', 'inflamacao_yes')], Timing = 0.008006572723388672, Size (Kb) = 0.0546875
2019-11-11 13:28:58,091 DEBUG Training subset = ['temperatura' ('miccao_no', 'miccao_yes')
 ('queimacao_yes', 'queimacao_no')], Timing = 0.008005142211914062, Size (Kb) = 0.0546875
2019-11-11 13:28:58,100 DEBUG Training subset = ['temperatura' ('miccao_no', 'miccao_yes')
 ('inflamacao_no', 'inflamacao_yes')], Timing = 0.008028745651245117, Size (Kb) = 0.0546875
2019-11-11 13:28:58,109 DEBUG Training subset = ['temperatura' ('queimacao_yes', 'queimacao_no')
 ('inflamacao_no', 'inflamacao_yes')], Timing = 0.007985591888427734, Size (Kb) = 0.0546875
2019-11-11 13:28:58,118 DEBUG Training subset = [('nausea_no', 'nausea_yes') ('dorlombar_no', 'dorlombar_yes')
 ('urinepushing_no', 'urinepushing_yes')], Timing = 0.009005069732666016, Size (Kb) = 0.0546875
2019-11-11 13:28:58,127 DEBUG Training subset = [('nausea_no', 'nausea_yes') ('dorlombar_no', 'dorlombar_yes')
 ('miccao_no', 'miccao_yes')], Timing = 0.008006095886230469, Size (Kb) = 0.0546875
2019-11-11 13:28:58,135 DEBUG Training subset = [('nausea_no', 'nausea_yes') ('dorlombar_no', 'dorlombar_yes')
 ('queimacao_yes', 'queimacao_no')], Timing = 0.00799870491027832, Size (Kb) = 0.0546875
2019-11-11 13:28:58,143 DEBUG Training subset = [('nausea_no', 'nausea_yes') ('dorlombar_no', 'dorlombar_yes')
 ('inflamacao_no', 'inflamacao_yes')], Timing = 0.007005929946899414, Size (Kb) = 0.0546875
2019-11-11 13:28:58,151 DEBUG Training subset = [('nausea_no', 'nausea_yes') ('urinepushing_no', 'urinepushing_yes')
 ('miccao_no', 'miccao_yes')], Timing = 0.0070056915283203125, Size (Kb) = 0.0546875
2019-11-11 13:28:58,159 DEBUG Training subset = [('nausea_no', 'nausea_yes') ('urinepushing_no', 'urinepushing_yes')
 ('queimacao_yes', 'queimacao_no')], Timing = 0.007005214691162109, Size (Kb) = 0.0546875
2019-11-11 13:28:58,167 DEBUG Training subset = [('nausea_no', 'nausea_yes') ('urinepushing_no', 'urinepushing_yes')
 ('inflamacao_no', 'inflamacao_yes')], Timing = 0.007005214691162109, Size (Kb) = 0.0546875
2019-11-11 13:28:58,175 DEBUG Training subset = [('nausea_no', 'nausea_yes') ('miccao_no', 'miccao_yes')
 ('queimacao_yes', 'queimacao_no')], Timing = 0.007005929946899414, Size (Kb) = 0.0546875
2019-11-11 13:28:58,183 DEBUG Training subset = [('nausea_no', 'nausea_yes') ('miccao_no', 'miccao_yes')
 ('inflamacao_no', 'inflamacao_yes')], Timing = 0.007005453109741211, Size (Kb) = 0.0546875
2019-11-11 13:28:58,191 DEBUG Training subset = [('nausea_no', 'nausea_yes') ('queimacao_yes', 'queimacao_no')
 ('inflamacao_no', 'inflamacao_yes')], Timing = 0.007006645202636719, Size (Kb) = 0.0546875
2019-11-11 13:28:58,200 DEBUG Training subset = [('dorlombar_no', 'dorlombar_yes') ('urinepushing_no', 'urinepushing_yes')
 ('miccao_no', 'miccao_yes')], Timing = 0.007003307342529297, Size (Kb) = 0.0546875
2019-11-11 13:28:58,207 DEBUG Training subset = [('dorlombar_no', 'dorlombar_yes') ('urinepushing_no', 'urinepushing_yes')
 ('queimacao_yes', 'queimacao_no')], Timing = 0.007004737854003906, Size (Kb) = 0.0546875
2019-11-11 13:28:58,215 DEBUG Training subset = [('dorlombar_no', 'dorlombar_yes') ('urinepushing_no', 'urinepushing_yes')
 ('inflamacao_no', 'inflamacao_yes')], Timing = 0.007030963897705078, Size (Kb) = 0.0546875
2019-11-11 13:28:58,223 DEBUG Training subset = [('dorlombar_no', 'dorlombar_yes') ('miccao_no', 'miccao_yes')
 ('queimacao_yes', 'queimacao_no')], Timing = 0.007004976272583008, Size (Kb) = 0.0546875
2019-11-11 13:28:58,231 DEBUG Training subset = [('dorlombar_no', 'dorlombar_yes') ('miccao_no', 'miccao_yes')
 ('inflamacao_no', 'inflamacao_yes')], Timing = 0.0070037841796875, Size (Kb) = 0.0546875
2019-11-11 13:28:58,239 DEBUG Training subset = [('dorlombar_no', 'dorlombar_yes') ('queimacao_yes', 'queimacao_no')
 ('inflamacao_no', 'inflamacao_yes')], Timing = 0.008006095886230469, Size (Kb) = 0.0546875
2019-11-11 13:28:58,247 DEBUG Training subset = [('urinepushing_no', 'urinepushing_yes') ('miccao_no', 'miccao_yes')
 ('queimacao_yes', 'queimacao_no')], Timing = 0.007004976272583008, Size (Kb) = 0.0546875
2019-11-11 13:28:58,255 DEBUG Training subset = [('urinepushing_no', 'urinepushing_yes') ('miccao_no', 'miccao_yes')
 ('inflamacao_no', 'inflamacao_yes')], Timing = 0.007004737854003906, Size (Kb) = 0.0546875
2019-11-11 13:28:58,263 DEBUG Training subset = [('urinepushing_no', 'urinepushing_yes') ('queimacao_yes', 'queimacao_no')
 ('inflamacao_no', 'inflamacao_yes')], Timing = 0.007985591888427734, Size (Kb) = 0.0546875
2019-11-11 13:28:58,273 DEBUG Training subset = [('miccao_no', 'miccao_yes') ('queimacao_yes', 'queimacao_no')
 ('inflamacao_no', 'inflamacao_yes')], Timing = 0.007985353469848633, Size (Kb) = 0.0546875
