2019-11-11 14:49:33,106 DEBUG Training subset = ['temperatura' ('nausea_no', 'nausea_yes')
 ('dorlombar_no', 'dorlombar_yes')], Timing = 0.008004903793334961, Size (Kb) = 0.0546875
2019-11-11 14:49:33,117 DEBUG Training subset = ['temperatura' ('nausea_no', 'nausea_yes')
 ('urinepushing_no', 'urinepushing_yes')], Timing = 0.009999513626098633, Size (Kb) = 0.0546875
2019-11-11 14:49:33,127 DEBUG Training subset = ['temperatura' ('nausea_no', 'nausea_yes') ('miccao_no', 'miccao_yes')], Timing = 0.009034156799316406, Size (Kb) = 0.0546875
2019-11-11 14:49:33,137 DEBUG Training subset = ['temperatura' ('nausea_no', 'nausea_yes')
 ('queimacao_yes', 'queimacao_no')], Timing = 0.009986639022827148, Size (Kb) = 0.0546875
2019-11-11 14:49:33,145 DEBUG Training subset = ['temperatura' ('nausea_no', 'nausea_yes')
 ('inflamacao_no', 'inflamacao_yes')], Timing = 0.008005857467651367, Size (Kb) = 0.0546875
2019-11-11 14:49:33,153 DEBUG Training subset = ['temperatura' ('dorlombar_no', 'dorlombar_yes')
 ('urinepushing_no', 'urinepushing_yes')], Timing = 0.008025169372558594, Size (Kb) = 0.0546875
2019-11-11 14:49:33,162 DEBUG Training subset = ['temperatura' ('dorlombar_no', 'dorlombar_yes')
 ('miccao_no', 'miccao_yes')], Timing = 0.00698399543762207, Size (Kb) = 0.0546875
2019-11-11 14:49:33,170 DEBUG Training subset = ['temperatura' ('dorlombar_no', 'dorlombar_yes')
 ('queimacao_yes', 'queimacao_no')], Timing = 0.007004976272583008, Size (Kb) = 0.0546875
2019-11-11 14:49:33,178 DEBUG Training subset = ['temperatura' ('dorlombar_no', 'dorlombar_yes')
 ('inflamacao_no', 'inflamacao_yes')], Timing = 0.008005857467651367, Size (Kb) = 0.0546875
2019-11-11 14:49:33,186 DEBUG Training subset = ['temperatura' ('urinepushing_no', 'urinepushing_yes')
 ('miccao_no', 'miccao_yes')], Timing = 0.008005142211914062, Size (Kb) = 0.0546875
2019-11-11 14:49:33,197 DEBUG Training subset = ['temperatura' ('urinepushing_no', 'urinepushing_yes')
 ('queimacao_yes', 'queimacao_no')], Timing = 0.009985208511352539, Size (Kb) = 0.0546875
2019-11-11 14:49:33,206 DEBUG Training subset = ['temperatura' ('urinepushing_no', 'urinepushing_yes')
 ('inflamacao_no', 'inflamacao_yes')], Timing = 0.00802755355834961, Size (Kb) = 0.0546875
2019-11-11 14:49:33,214 DEBUG Training subset = ['temperatura' ('miccao_no', 'miccao_yes')
 ('queimacao_yes', 'queimacao_no')], Timing = 0.007004261016845703, Size (Kb) = 0.0546875
2019-11-11 14:49:33,225 DEBUG Training subset = ['temperatura' ('miccao_no', 'miccao_yes')
 ('inflamacao_no', 'inflamacao_yes')], Timing = 0.01100301742553711, Size (Kb) = 0.0546875
2019-11-11 14:49:33,238 DEBUG Training subset = ['temperatura' ('queimacao_yes', 'queimacao_no')
 ('inflamacao_no', 'inflamacao_yes')], Timing = 0.012008428573608398, Size (Kb) = 0.0546875
2019-11-11 14:49:33,251 DEBUG Training subset = [('nausea_no', 'nausea_yes') ('dorlombar_no', 'dorlombar_yes')
 ('urinepushing_no', 'urinepushing_yes')], Timing = 0.011006832122802734, Size (Kb) = 0.0546875
2019-11-11 14:49:33,263 DEBUG Training subset = [('nausea_no', 'nausea_yes') ('dorlombar_no', 'dorlombar_yes')
 ('miccao_no', 'miccao_yes')], Timing = 0.012008428573608398, Size (Kb) = 0.0546875
2019-11-11 14:49:33,276 DEBUG Training subset = [('nausea_no', 'nausea_yes') ('dorlombar_no', 'dorlombar_yes')
 ('queimacao_yes', 'queimacao_no')], Timing = 0.012008190155029297, Size (Kb) = 0.0546875
2019-11-11 14:49:33,290 DEBUG Training subset = [('nausea_no', 'nausea_yes') ('dorlombar_no', 'dorlombar_yes')
 ('inflamacao_no', 'inflamacao_yes')], Timing = 0.013010501861572266, Size (Kb) = 0.0546875
2019-11-11 14:49:33,302 DEBUG Training subset = [('nausea_no', 'nausea_yes') ('urinepushing_no', 'urinepushing_yes')
 ('miccao_no', 'miccao_yes')], Timing = 0.01100921630859375, Size (Kb) = 0.0546875
2019-11-11 14:49:33,314 DEBUG Training subset = [('nausea_no', 'nausea_yes') ('urinepushing_no', 'urinepushing_yes')
 ('queimacao_yes', 'queimacao_no')], Timing = 0.011007547378540039, Size (Kb) = 0.0546875
2019-11-11 14:49:33,327 DEBUG Training subset = [('nausea_no', 'nausea_yes') ('urinepushing_no', 'urinepushing_yes')
 ('inflamacao_no', 'inflamacao_yes')], Timing = 0.012010574340820312, Size (Kb) = 0.0546875
2019-11-11 14:49:33,341 DEBUG Training subset = [('nausea_no', 'nausea_yes') ('miccao_no', 'miccao_yes')
 ('queimacao_yes', 'queimacao_no')], Timing = 0.013008832931518555, Size (Kb) = 0.0546875
2019-11-11 14:49:33,355 DEBUG Training subset = [('nausea_no', 'nausea_yes') ('miccao_no', 'miccao_yes')
 ('inflamacao_no', 'inflamacao_yes')], Timing = 0.012008428573608398, Size (Kb) = 0.0546875
2019-11-11 14:49:33,363 DEBUG Training subset = [('nausea_no', 'nausea_yes') ('queimacao_yes', 'queimacao_no')
 ('inflamacao_no', 'inflamacao_yes')], Timing = 0.008003950119018555, Size (Kb) = 0.0546875
2019-11-11 14:49:33,376 DEBUG Training subset = [('dorlombar_no', 'dorlombar_yes') ('urinepushing_no', 'urinepushing_yes')
 ('miccao_no', 'miccao_yes')], Timing = 0.01098179817199707, Size (Kb) = 0.0546875
2019-11-11 14:49:33,389 DEBUG Training subset = [('dorlombar_no', 'dorlombar_yes') ('urinepushing_no', 'urinepushing_yes')
 ('queimacao_yes', 'queimacao_no')], Timing = 0.013010740280151367, Size (Kb) = 0.0546875
2019-11-11 14:49:33,401 DEBUG Training subset = [('dorlombar_no', 'dorlombar_yes') ('urinepushing_no', 'urinepushing_yes')
 ('inflamacao_no', 'inflamacao_yes')], Timing = 0.011032342910766602, Size (Kb) = 0.0546875
2019-11-11 14:49:33,409 DEBUG Training subset = [('dorlombar_no', 'dorlombar_yes') ('miccao_no', 'miccao_yes')
 ('queimacao_yes', 'queimacao_no')], Timing = 0.007985115051269531, Size (Kb) = 0.0546875
2019-11-11 14:49:33,418 DEBUG Training subset = [('dorlombar_no', 'dorlombar_yes') ('miccao_no', 'miccao_yes')
 ('inflamacao_no', 'inflamacao_yes')], Timing = 0.007029294967651367, Size (Kb) = 0.0546875
2019-11-11 14:49:33,428 DEBUG Training subset = [('dorlombar_no', 'dorlombar_yes') ('queimacao_yes', 'queimacao_no')
 ('inflamacao_no', 'inflamacao_yes')], Timing = 0.009006023406982422, Size (Kb) = 0.0546875
2019-11-11 14:49:33,437 DEBUG Training subset = [('urinepushing_no', 'urinepushing_yes') ('miccao_no', 'miccao_yes')
 ('queimacao_yes', 'queimacao_no')], Timing = 0.008003950119018555, Size (Kb) = 0.0546875
2019-11-11 14:49:33,448 DEBUG Training subset = [('urinepushing_no', 'urinepushing_yes') ('miccao_no', 'miccao_yes')
 ('inflamacao_no', 'inflamacao_yes')], Timing = 0.01100921630859375, Size (Kb) = 0.0546875
2019-11-11 14:49:33,458 DEBUG Training subset = [('urinepushing_no', 'urinepushing_yes') ('queimacao_yes', 'queimacao_no')
 ('inflamacao_no', 'inflamacao_yes')], Timing = 0.008033275604248047, Size (Kb) = 0.0546875
2019-11-11 14:49:33,469 DEBUG Training subset = [('miccao_no', 'miccao_yes') ('queimacao_yes', 'queimacao_no')
 ('inflamacao_no', 'inflamacao_yes')], Timing = 0.010007381439208984, Size (Kb) = 0.0546875
