2019-08-31 12:16:07,745 INFO N Media Interations = 1
2019-08-31 12:16:07,745 INFO Execucao EF 1
2019-08-31 12:16:07,785 INFO Acuracia = 0.7912087912087912
2019-08-31 12:16:07,785 INFO Matriz de confusao 
[[30 11]
 [ 8 42]]
2019-08-31 12:16:07,785 INFO Execucao EF 2
2019-08-31 12:16:08,022 INFO Acuracia = 0.8351648351648352
2019-08-31 12:16:08,022 INFO Matriz de confusao 
[[34  7]
 [ 8 42]]
2019-08-31 12:16:08,022 INFO Execucao EF 3
2019-08-31 12:16:08,837 INFO Acuracia = 0.8571428571428571
2019-08-31 12:16:08,837 INFO Matriz de confusao 
[[36  5]
 [ 8 42]]
2019-08-31 12:16:08,838 INFO Execucao EF 4
2019-08-31 12:16:10,958 INFO Acuracia = 0.8241758241758241
2019-08-31 12:16:10,958 INFO Matriz de confusao 
[[34  7]
 [ 9 41]]
2019-08-31 12:16:10,959 INFO Execucao EF 5
2019-08-31 12:16:14,979 INFO Acuracia = 0.8241758241758241
2019-08-31 12:16:14,979 INFO Matriz de confusao 
[[33  8]
 [ 8 42]]
2019-08-31 12:16:14,980 INFO Execucao EF 6
2019-08-31 12:16:20,273 INFO Acuracia = 0.8241758241758241
2019-08-31 12:16:20,273 INFO Matriz de confusao 
[[32  9]
 [ 7 43]]
2019-08-31 12:16:20,274 INFO Execucao EF 7
2019-08-31 12:16:25,931 INFO Acuracia = 0.8351648351648352
2019-08-31 12:16:25,932 INFO Matriz de confusao 
[[32  9]
 [ 6 44]]
2019-08-31 12:16:25,933 INFO Accuracy EF 
[0.7912087912087912, 0.8351648351648352, 0.8571428571428571, 0.8241758241758241, 0.8241758241758241, 0.8241758241758241, 0.8351648351648352]
2019-08-31 12:16:25,933 INFO Matrix Confusion EF 
[[array([[30, 11],
       [ 8, 42]]), array([[34,  7],
       [ 8, 42]]), array([[36,  5],
       [ 8, 42]]), array([[34,  7],
       [ 9, 41]]), array([[33,  8],
       [ 8, 42]]), array([[32,  9],
       [ 7, 43]]), array([[32,  9],
       [ 6, 44]])]]
2019-08-31 12:16:25,933 INFO N arvores para o RF 13
2019-08-31 12:16:25,943 INFO Acuracia = 0.8021978021978022
2019-08-31 12:16:25,944 INFO Matriz de confusao 
[[34  7]
 [11 39]]
2019-08-31 12:16:25,944 INFO N arvores para o RF 78
2019-08-31 12:16:25,992 INFO Acuracia = 0.8461538461538461
2019-08-31 12:16:25,992 INFO Matriz de confusao 
[[35  6]
 [ 8 42]]
2019-08-31 12:16:25,992 INFO N arvores para o RF 286
2019-08-31 12:16:26,162 INFO Acuracia = 0.8571428571428571
2019-08-31 12:16:26,162 INFO Matriz de confusao 
[[35  6]
 [ 7 43]]
2019-08-31 12:16:26,162 INFO N arvores para o RF 715
2019-08-31 12:16:26,582 INFO Acuracia = 0.8571428571428571
2019-08-31 12:16:26,582 INFO Matriz de confusao 
[[35  6]
 [ 7 43]]
2019-08-31 12:16:26,582 INFO N arvores para o RF 1287
2019-08-31 12:16:27,328 INFO Acuracia = 0.8461538461538461
2019-08-31 12:16:27,328 INFO Matriz de confusao 
[[35  6]
 [ 8 42]]
2019-08-31 12:16:27,329 INFO N arvores para o RF 1716
2019-08-31 12:16:28,346 INFO Acuracia = 0.8351648351648352
2019-08-31 12:16:28,346 INFO Matriz de confusao 
[[34  7]
 [ 8 42]]
2019-08-31 12:16:28,347 INFO N arvores para o RF 1716
2019-08-31 12:16:29,358 INFO Acuracia = 0.8571428571428571
2019-08-31 12:16:29,359 INFO Matriz de confusao 
[[35  6]
 [ 7 43]]
2019-08-31 12:16:29,360 INFO Accuracy RF 
[0.8021978021978022, 0.8461538461538461, 0.8571428571428571, 0.8571428571428571, 0.8461538461538461, 0.8351648351648352, 0.8571428571428571]
2019-08-31 12:16:29,360 INFO Matrix Confusion RF 
[[array([[34,  7],
       [11, 39]]), array([[35,  6],
       [ 8, 42]]), array([[35,  6],
       [ 7, 43]]), array([[35,  6],
       [ 7, 43]]), array([[35,  6],
       [ 8, 42]]), array([[34,  7],
       [ 8, 42]]), array([[35,  6],
       [ 7, 43]])]]
2019-08-31 12:16:29,361 INFO N Media Interations = 2
2019-08-31 12:16:29,361 INFO Execucao EF 1
2019-08-31 12:16:29,399 INFO Acuracia = 0.7912087912087912
2019-08-31 12:16:29,399 INFO Matriz de confusao 
[[30 11]
 [ 8 42]]
2019-08-31 12:16:29,399 INFO Execucao EF 2
2019-08-31 12:16:29,618 INFO Acuracia = 0.8351648351648352
2019-08-31 12:16:29,618 INFO Matriz de confusao 
[[34  7]
 [ 8 42]]
2019-08-31 12:16:29,618 INFO Execucao EF 3
2019-08-31 12:16:30,430 INFO Acuracia = 0.8571428571428571
2019-08-31 12:16:30,430 INFO Matriz de confusao 
[[36  5]
 [ 8 42]]
2019-08-31 12:16:30,430 INFO Execucao EF 4
2019-08-31 12:16:32,529 INFO Acuracia = 0.8241758241758241
2019-08-31 12:16:32,529 INFO Matriz de confusao 
[[34  7]
 [ 9 41]]
2019-08-31 12:16:32,529 INFO Execucao EF 5
2019-08-31 12:16:36,428 INFO Acuracia = 0.8241758241758241
2019-08-31 12:16:36,428 INFO Matriz de confusao 
[[32  9]
 [ 7 43]]
2019-08-31 12:16:36,429 INFO Execucao EF 6
2019-08-31 12:16:41,735 INFO Acuracia = 0.8241758241758241
2019-08-31 12:16:41,735 INFO Matriz de confusao 
[[32  9]
 [ 7 43]]
2019-08-31 12:16:41,737 INFO Execucao EF 7
2019-08-31 12:16:47,212 INFO Acuracia = 0.8351648351648352
2019-08-31 12:16:47,212 INFO Matriz de confusao 
[[32  9]
 [ 6 44]]
2019-08-31 12:16:47,213 INFO Accuracy EF 
[0.7912087912087912, 0.8351648351648352, 0.8571428571428571, 0.8241758241758241, 0.8241758241758241, 0.8241758241758241, 0.8351648351648352]
2019-08-31 12:16:47,213 INFO Matrix Confusion EF 
[[array([[30, 11],
       [ 8, 42]]), array([[34,  7],
       [ 8, 42]]), array([[36,  5],
       [ 8, 42]]), array([[34,  7],
       [ 9, 41]]), array([[33,  8],
       [ 8, 42]]), array([[32,  9],
       [ 7, 43]]), array([[32,  9],
       [ 6, 44]])], [array([[30, 11],
       [ 8, 42]]), array([[34,  7],
       [ 8, 42]]), array([[36,  5],
       [ 8, 42]]), array([[34,  7],
       [ 9, 41]]), array([[32,  9],
       [ 7, 43]]), array([[32,  9],
       [ 7, 43]]), array([[32,  9],
       [ 6, 44]])]]
2019-08-31 12:16:47,213 INFO N arvores para o RF 13
2019-08-31 12:16:47,223 INFO Acuracia = 0.8131868131868132
2019-08-31 12:16:47,223 INFO Matriz de confusao 
[[32  9]
 [ 8 42]]
2019-08-31 12:16:47,223 INFO N arvores para o RF 78
2019-08-31 12:16:47,270 INFO Acuracia = 0.8351648351648352
2019-08-31 12:16:47,270 INFO Matriz de confusao 
[[33  8]
 [ 7 43]]
2019-08-31 12:16:47,270 INFO N arvores para o RF 286
2019-08-31 12:16:47,435 INFO Acuracia = 0.8791208791208791
2019-08-31 12:16:47,435 INFO Matriz de confusao 
[[36  5]
 [ 6 44]]
2019-08-31 12:16:47,436 INFO N arvores para o RF 715
2019-08-31 12:16:47,862 INFO Acuracia = 0.8351648351648352
2019-08-31 12:16:47,862 INFO Matriz de confusao 
[[35  6]
 [ 9 41]]
2019-08-31 12:16:47,863 INFO N arvores para o RF 1287
2019-08-31 12:16:48,595 INFO Acuracia = 0.8571428571428571
2019-08-31 12:16:48,595 INFO Matriz de confusao 
[[34  7]
 [ 6 44]]
2019-08-31 12:16:48,596 INFO N arvores para o RF 1716
2019-08-31 12:16:49,563 INFO Acuracia = 0.8461538461538461
2019-08-31 12:16:49,564 INFO Matriz de confusao 
[[34  7]
 [ 7 43]]
2019-08-31 12:16:49,565 INFO N arvores para o RF 1716
2019-08-31 12:16:50,536 INFO Acuracia = 0.8461538461538461
2019-08-31 12:16:50,536 INFO Matriz de confusao 
[[35  6]
 [ 8 42]]
2019-08-31 12:16:50,537 INFO Accuracy RF 
[0.8131868131868132, 0.8351648351648352, 0.8791208791208791, 0.8351648351648352, 0.8571428571428571, 0.8461538461538461, 0.8461538461538461]
2019-08-31 12:16:50,538 INFO Matrix Confusion RF 
[[array([[34,  7],
       [11, 39]]), array([[35,  6],
       [ 8, 42]]), array([[35,  6],
       [ 7, 43]]), array([[35,  6],
       [ 7, 43]]), array([[35,  6],
       [ 8, 42]]), array([[34,  7],
       [ 8, 42]]), array([[35,  6],
       [ 7, 43]])], [array([[32,  9],
       [ 8, 42]]), array([[33,  8],
       [ 7, 43]]), array([[36,  5],
       [ 6, 44]]), array([[35,  6],
       [ 9, 41]]), array([[34,  7],
       [ 6, 44]]), array([[34,  7],
       [ 7, 43]]), array([[35,  6],
       [ 8, 42]])]]
2019-08-31 12:16:50,539 INFO N Media Interations = 3
2019-08-31 12:16:50,539 INFO Execucao EF 1
2019-08-31 12:16:50,581 INFO Acuracia = 0.7912087912087912
2019-08-31 12:16:50,582 INFO Matriz de confusao 
[[30 11]
 [ 8 42]]
2019-08-31 12:16:50,582 INFO Execucao EF 2
2019-08-31 12:16:50,810 INFO Acuracia = 0.8351648351648352
2019-08-31 12:16:50,810 INFO Matriz de confusao 
[[34  7]
 [ 8 42]]
2019-08-31 12:16:50,810 INFO Execucao EF 3
2019-08-31 12:16:51,665 INFO Acuracia = 0.8461538461538461
2019-08-31 12:16:51,665 INFO Matriz de confusao 
[[35  6]
 [ 8 42]]
2019-08-31 12:16:51,665 INFO Execucao EF 4
2019-08-31 12:16:53,970 INFO Acuracia = 0.8351648351648352
2019-08-31 12:16:53,970 INFO Matriz de confusao 
[[35  6]
 [ 9 41]]
2019-08-31 12:16:53,971 INFO Execucao EF 5
2019-08-31 12:16:58,078 INFO Acuracia = 0.8351648351648352
2019-08-31 12:16:58,078 INFO Matriz de confusao 
[[33  8]
 [ 7 43]]
2019-08-31 12:16:58,079 INFO Execucao EF 6
2019-08-31 12:17:03,686 INFO Acuracia = 0.8241758241758241
2019-08-31 12:17:03,686 INFO Matriz de confusao 
[[32  9]
 [ 7 43]]
2019-08-31 12:17:03,687 INFO Execucao EF 7
2019-08-31 12:17:09,409 INFO Acuracia = 0.8351648351648352
2019-08-31 12:17:09,409 INFO Matriz de confusao 
[[32  9]
 [ 6 44]]
2019-08-31 12:17:09,410 INFO Accuracy EF 
[0.7912087912087912, 0.8351648351648352, 0.8461538461538461, 0.8351648351648352, 0.8351648351648352, 0.8241758241758241, 0.8351648351648352]
2019-08-31 12:17:09,411 INFO Matrix Confusion EF 
[[array([[30, 11],
       [ 8, 42]]), array([[34,  7],
       [ 8, 42]]), array([[36,  5],
       [ 8, 42]]), array([[34,  7],
       [ 9, 41]]), array([[33,  8],
       [ 8, 42]]), array([[32,  9],
       [ 7, 43]]), array([[32,  9],
       [ 6, 44]])], [array([[30, 11],
       [ 8, 42]]), array([[34,  7],
       [ 8, 42]]), array([[36,  5],
       [ 8, 42]]), array([[34,  7],
       [ 9, 41]]), array([[32,  9],
       [ 7, 43]]), array([[32,  9],
       [ 7, 43]]), array([[32,  9],
       [ 6, 44]])], [array([[30, 11],
       [ 8, 42]]), array([[34,  7],
       [ 8, 42]]), array([[35,  6],
       [ 8, 42]]), array([[35,  6],
       [ 9, 41]]), array([[33,  8],
       [ 7, 43]]), array([[32,  9],
       [ 7, 43]]), array([[32,  9],
       [ 6, 44]])]]
2019-08-31 12:17:09,411 INFO N arvores para o RF 13
2019-08-31 12:17:09,422 INFO Acuracia = 0.8461538461538461
2019-08-31 12:17:09,422 INFO Matriz de confusao 
[[34  7]
 [ 7 43]]
2019-08-31 12:17:09,422 INFO N arvores para o RF 78
2019-08-31 12:17:09,469 INFO Acuracia = 0.8241758241758241
2019-08-31 12:17:09,469 INFO Matriz de confusao 
[[34  7]
 [ 9 41]]
2019-08-31 12:17:09,469 INFO N arvores para o RF 286
2019-08-31 12:17:09,636 INFO Acuracia = 0.8571428571428571
2019-08-31 12:17:09,636 INFO Matriz de confusao 
[[35  6]
 [ 7 43]]
2019-08-31 12:17:09,636 INFO N arvores para o RF 715
2019-08-31 12:17:10,060 INFO Acuracia = 0.8461538461538461
2019-08-31 12:17:10,060 INFO Matriz de confusao 
[[34  7]
 [ 7 43]]
2019-08-31 12:17:10,061 INFO N arvores para o RF 1287
2019-08-31 12:17:10,810 INFO Acuracia = 0.8461538461538461
2019-08-31 12:17:10,811 INFO Matriz de confusao 
[[34  7]
 [ 7 43]]
2019-08-31 12:17:10,812 INFO N arvores para o RF 1716
2019-08-31 12:17:11,793 INFO Acuracia = 0.8461538461538461
2019-08-31 12:17:11,794 INFO Matriz de confusao 
[[34  7]
 [ 7 43]]
2019-08-31 12:17:11,795 INFO N arvores para o RF 1716
2019-08-31 12:17:12,755 INFO Acuracia = 0.8681318681318682
2019-08-31 12:17:12,755 INFO Matriz de confusao 
[[36  5]
 [ 7 43]]
2019-08-31 12:17:12,756 INFO Accuracy RF 
[0.8461538461538461, 0.8241758241758241, 0.8571428571428571, 0.8461538461538461, 0.8461538461538461, 0.8461538461538461, 0.8681318681318682]
2019-08-31 12:17:12,757 INFO Matrix Confusion RF 
[[array([[34,  7],
       [11, 39]]), array([[35,  6],
       [ 8, 42]]), array([[35,  6],
       [ 7, 43]]), array([[35,  6],
       [ 7, 43]]), array([[35,  6],
       [ 8, 42]]), array([[34,  7],
       [ 8, 42]]), array([[35,  6],
       [ 7, 43]])], [array([[32,  9],
       [ 8, 42]]), array([[33,  8],
       [ 7, 43]]), array([[36,  5],
       [ 6, 44]]), array([[35,  6],
       [ 9, 41]]), array([[34,  7],
       [ 6, 44]]), array([[34,  7],
       [ 7, 43]]), array([[35,  6],
       [ 8, 42]])], [array([[34,  7],
       [ 7, 43]]), array([[34,  7],
       [ 9, 41]]), array([[35,  6],
       [ 7, 43]]), array([[34,  7],
       [ 7, 43]]), array([[34,  7],
       [ 7, 43]]), array([[34,  7],
       [ 7, 43]]), array([[36,  5],
       [ 7, 43]])]]
2019-08-31 12:17:12,759 INFO N Media Interations = 4
2019-08-31 12:17:12,759 INFO Execucao EF 1
2019-08-31 12:17:12,802 INFO Acuracia = 0.7912087912087912
2019-08-31 12:17:12,802 INFO Matriz de confusao 
[[30 11]
 [ 8 42]]
2019-08-31 12:17:12,802 INFO Execucao EF 2
2019-08-31 12:17:13,043 INFO Acuracia = 0.8351648351648352
2019-08-31 12:17:13,043 INFO Matriz de confusao 
[[34  7]
 [ 8 42]]
2019-08-31 12:17:13,044 INFO Execucao EF 3
2019-08-31 12:17:13,977 INFO Acuracia = 0.8571428571428571
2019-08-31 12:17:13,978 INFO Matriz de confusao 
[[36  5]
 [ 8 42]]
2019-08-31 12:17:13,978 INFO Execucao EF 4
2019-08-31 12:17:16,451 INFO Acuracia = 0.8351648351648352
2019-08-31 12:17:16,452 INFO Matriz de confusao 
[[35  6]
 [ 9 41]]
2019-08-31 12:17:16,452 INFO Execucao EF 5
2019-08-31 12:17:20,975 INFO Acuracia = 0.8351648351648352
2019-08-31 12:17:20,975 INFO Matriz de confusao 
[[33  8]
 [ 7 43]]
2019-08-31 12:17:20,976 INFO Execucao EF 6
2019-08-31 12:17:26,887 INFO Acuracia = 0.8241758241758241
2019-08-31 12:17:26,887 INFO Matriz de confusao 
[[32  9]
 [ 7 43]]
2019-08-31 12:17:26,888 INFO Execucao EF 7
2019-08-31 12:17:32,902 INFO Acuracia = 0.8351648351648352
2019-08-31 12:17:32,902 INFO Matriz de confusao 
[[32  9]
 [ 6 44]]
2019-08-31 12:17:32,903 INFO Accuracy EF 
[0.7912087912087912, 0.8351648351648352, 0.8571428571428571, 0.8351648351648352, 0.8351648351648352, 0.8241758241758241, 0.8351648351648352]
2019-08-31 12:17:32,904 INFO Matrix Confusion EF 
[[array([[30, 11],
       [ 8, 42]]), array([[34,  7],
       [ 8, 42]]), array([[36,  5],
       [ 8, 42]]), array([[34,  7],
       [ 9, 41]]), array([[33,  8],
       [ 8, 42]]), array([[32,  9],
       [ 7, 43]]), array([[32,  9],
       [ 6, 44]])], [array([[30, 11],
       [ 8, 42]]), array([[34,  7],
       [ 8, 42]]), array([[36,  5],
       [ 8, 42]]), array([[34,  7],
       [ 9, 41]]), array([[32,  9],
       [ 7, 43]]), array([[32,  9],
       [ 7, 43]]), array([[32,  9],
       [ 6, 44]])], [array([[30, 11],
       [ 8, 42]]), array([[34,  7],
       [ 8, 42]]), array([[35,  6],
       [ 8, 42]]), array([[35,  6],
       [ 9, 41]]), array([[33,  8],
       [ 7, 43]]), array([[32,  9],
       [ 7, 43]]), array([[32,  9],
       [ 6, 44]])], [array([[30, 11],
       [ 8, 42]]), array([[34,  7],
       [ 8, 42]]), array([[36,  5],
       [ 8, 42]]), array([[35,  6],
       [ 9, 41]]), array([[33,  8],
       [ 7, 43]]), array([[32,  9],
       [ 7, 43]]), array([[32,  9],
       [ 6, 44]])]]
2019-08-31 12:17:32,904 INFO N arvores para o RF 13
2019-08-31 12:17:32,915 INFO Acuracia = 0.8461538461538461
2019-08-31 12:17:32,915 INFO Matriz de confusao 
[[35  6]
 [ 8 42]]
2019-08-31 12:17:32,915 INFO N arvores para o RF 78
2019-08-31 12:17:32,961 INFO Acuracia = 0.8351648351648352
2019-08-31 12:17:32,961 INFO Matriz de confusao 
[[34  7]
 [ 8 42]]
2019-08-31 12:17:32,961 INFO N arvores para o RF 286
2019-08-31 12:17:33,124 INFO Acuracia = 0.8461538461538461
2019-08-31 12:17:33,124 INFO Matriz de confusao 
[[33  8]
 [ 6 44]]
2019-08-31 12:17:33,124 INFO N arvores para o RF 715
2019-08-31 12:17:33,528 INFO Acuracia = 0.8461538461538461
2019-08-31 12:17:33,528 INFO Matriz de confusao 
[[35  6]
 [ 8 42]]
2019-08-31 12:17:33,528 INFO N arvores para o RF 1287
2019-08-31 12:17:34,292 INFO Acuracia = 0.8461538461538461
2019-08-31 12:17:34,292 INFO Matriz de confusao 
[[35  6]
 [ 8 42]]
2019-08-31 12:17:34,293 INFO N arvores para o RF 1716
2019-08-31 12:17:35,257 INFO Acuracia = 0.8461538461538461
2019-08-31 12:17:35,257 INFO Matriz de confusao 
[[34  7]
 [ 7 43]]
2019-08-31 12:17:35,259 INFO N arvores para o RF 1716
2019-08-31 12:17:36,231 INFO Acuracia = 0.8461538461538461
2019-08-31 12:17:36,231 INFO Matriz de confusao 
[[34  7]
 [ 7 43]]
2019-08-31 12:17:36,232 INFO Accuracy RF 
[0.8461538461538461, 0.8351648351648352, 0.8461538461538461, 0.8461538461538461, 0.8461538461538461, 0.8461538461538461, 0.8461538461538461]
2019-08-31 12:17:36,233 INFO Matrix Confusion RF 
[[array([[34,  7],
       [11, 39]]), array([[35,  6],
       [ 8, 42]]), array([[35,  6],
       [ 7, 43]]), array([[35,  6],
       [ 7, 43]]), array([[35,  6],
       [ 8, 42]]), array([[34,  7],
       [ 8, 42]]), array([[35,  6],
       [ 7, 43]])], [array([[32,  9],
       [ 8, 42]]), array([[33,  8],
       [ 7, 43]]), array([[36,  5],
       [ 6, 44]]), array([[35,  6],
       [ 9, 41]]), array([[34,  7],
       [ 6, 44]]), array([[34,  7],
       [ 7, 43]]), array([[35,  6],
       [ 8, 42]])], [array([[34,  7],
       [ 7, 43]]), array([[34,  7],
       [ 9, 41]]), array([[35,  6],
       [ 7, 43]]), array([[34,  7],
       [ 7, 43]]), array([[34,  7],
       [ 7, 43]]), array([[34,  7],
       [ 7, 43]]), array([[36,  5],
       [ 7, 43]])], [array([[35,  6],
       [ 8, 42]]), array([[34,  7],
       [ 8, 42]]), array([[33,  8],
       [ 6, 44]]), array([[35,  6],
       [ 8, 42]]), array([[35,  6],
       [ 8, 42]]), array([[34,  7],
       [ 7, 43]]), array([[34,  7],
       [ 7, 43]])]]
2019-08-31 12:17:36,235 INFO N Media Interations = 5
2019-08-31 12:17:36,235 INFO Execucao EF 1
2019-08-31 12:17:36,282 INFO Acuracia = 0.7912087912087912
2019-08-31 12:17:36,282 INFO Matriz de confusao 
[[30 11]
 [ 8 42]]
2019-08-31 12:17:36,282 INFO Execucao EF 2
2019-08-31 12:17:36,536 INFO Acuracia = 0.8461538461538461
2019-08-31 12:17:36,536 INFO Matriz de confusao 
[[34  7]
 [ 7 43]]
2019-08-31 12:17:36,536 INFO Execucao EF 3
2019-08-31 12:17:37,481 INFO Acuracia = 0.8571428571428571
2019-08-31 12:17:37,481 INFO Matriz de confusao 
[[36  5]
 [ 8 42]]
2019-08-31 12:17:37,481 INFO Execucao EF 4
2019-08-31 12:17:39,935 INFO Acuracia = 0.8241758241758241
2019-08-31 12:17:39,935 INFO Matriz de confusao 
[[34  7]
 [ 9 41]]
2019-08-31 12:17:39,935 INFO Execucao EF 5
2019-08-31 12:17:44,509 INFO Acuracia = 0.8131868131868132
2019-08-31 12:17:44,509 INFO Matriz de confusao 
[[32  9]
 [ 8 42]]
2019-08-31 12:17:44,510 INFO Execucao EF 6
2019-08-31 12:17:50,855 INFO Acuracia = 0.8241758241758241
2019-08-31 12:17:50,855 INFO Matriz de confusao 
[[32  9]
 [ 7 43]]
2019-08-31 12:17:50,856 INFO Execucao EF 7
2019-08-31 12:17:57,392 INFO Acuracia = 0.8351648351648352
2019-08-31 12:17:57,392 INFO Matriz de confusao 
[[32  9]
 [ 6 44]]
2019-08-31 12:17:57,393 INFO Accuracy EF 
[0.7912087912087912, 0.8461538461538461, 0.8571428571428571, 0.8241758241758241, 0.8131868131868132, 0.8241758241758241, 0.8351648351648352]
2019-08-31 12:17:57,394 INFO Matrix Confusion EF 
[[array([[30, 11],
       [ 8, 42]]), array([[34,  7],
       [ 8, 42]]), array([[36,  5],
       [ 8, 42]]), array([[34,  7],
       [ 9, 41]]), array([[33,  8],
       [ 8, 42]]), array([[32,  9],
       [ 7, 43]]), array([[32,  9],
       [ 6, 44]])], [array([[30, 11],
       [ 8, 42]]), array([[34,  7],
       [ 8, 42]]), array([[36,  5],
       [ 8, 42]]), array([[34,  7],
       [ 9, 41]]), array([[32,  9],
       [ 7, 43]]), array([[32,  9],
       [ 7, 43]]), array([[32,  9],
       [ 6, 44]])], [array([[30, 11],
       [ 8, 42]]), array([[34,  7],
       [ 8, 42]]), array([[35,  6],
       [ 8, 42]]), array([[35,  6],
       [ 9, 41]]), array([[33,  8],
       [ 7, 43]]), array([[32,  9],
       [ 7, 43]]), array([[32,  9],
       [ 6, 44]])], [array([[30, 11],
       [ 8, 42]]), array([[34,  7],
       [ 8, 42]]), array([[36,  5],
       [ 8, 42]]), array([[35,  6],
       [ 9, 41]]), array([[33,  8],
       [ 7, 43]]), array([[32,  9],
       [ 7, 43]]), array([[32,  9],
       [ 6, 44]])], [array([[30, 11],
       [ 8, 42]]), array([[34,  7],
       [ 7, 43]]), array([[36,  5],
       [ 8, 42]]), array([[34,  7],
       [ 9, 41]]), array([[32,  9],
       [ 8, 42]]), array([[32,  9],
       [ 7, 43]]), array([[32,  9],
       [ 6, 44]])]]
2019-08-31 12:17:57,395 INFO N arvores para o RF 13
2019-08-31 12:17:57,404 INFO Acuracia = 0.7912087912087912
2019-08-31 12:17:57,404 INFO Matriz de confusao 
[[33  8]
 [11 39]]
2019-08-31 12:17:57,404 INFO N arvores para o RF 78
2019-08-31 12:17:57,451 INFO Acuracia = 0.8571428571428571
2019-08-31 12:17:57,451 INFO Matriz de confusao 
[[36  5]
 [ 8 42]]
2019-08-31 12:17:57,451 INFO N arvores para o RF 286
2019-08-31 12:17:57,614 INFO Acuracia = 0.8571428571428571
2019-08-31 12:17:57,615 INFO Matriz de confusao 
[[35  6]
 [ 7 43]]
2019-08-31 12:17:57,615 INFO N arvores para o RF 715
2019-08-31 12:17:58,035 INFO Acuracia = 0.8681318681318682
2019-08-31 12:17:58,035 INFO Matriz de confusao 
[[35  6]
 [ 6 44]]
2019-08-31 12:17:58,036 INFO N arvores para o RF 1287
2019-08-31 12:17:58,777 INFO Acuracia = 0.8571428571428571
2019-08-31 12:17:58,777 INFO Matriz de confusao 
[[34  7]
 [ 6 44]]
2019-08-31 12:17:58,778 INFO N arvores para o RF 1716
2019-08-31 12:17:59,746 INFO Acuracia = 0.8461538461538461
2019-08-31 12:17:59,746 INFO Matriz de confusao 
[[34  7]
 [ 7 43]]
2019-08-31 12:17:59,747 INFO N arvores para o RF 1716
2019-08-31 12:18:00,722 INFO Acuracia = 0.8571428571428571
2019-08-31 12:18:00,722 INFO Matriz de confusao 
[[35  6]
 [ 7 43]]
2019-08-31 12:18:00,724 INFO Accuracy RF 
[0.7912087912087912, 0.8571428571428571, 0.8571428571428571, 0.8681318681318682, 0.8571428571428571, 0.8461538461538461, 0.8571428571428571]
2019-08-31 12:18:00,725 INFO Matrix Confusion RF 
[[array([[34,  7],
       [11, 39]]), array([[35,  6],
       [ 8, 42]]), array([[35,  6],
       [ 7, 43]]), array([[35,  6],
       [ 7, 43]]), array([[35,  6],
       [ 8, 42]]), array([[34,  7],
       [ 8, 42]]), array([[35,  6],
       [ 7, 43]])], [array([[32,  9],
       [ 8, 42]]), array([[33,  8],
       [ 7, 43]]), array([[36,  5],
       [ 6, 44]]), array([[35,  6],
       [ 9, 41]]), array([[34,  7],
       [ 6, 44]]), array([[34,  7],
       [ 7, 43]]), array([[35,  6],
       [ 8, 42]])], [array([[34,  7],
       [ 7, 43]]), array([[34,  7],
       [ 9, 41]]), array([[35,  6],
       [ 7, 43]]), array([[34,  7],
       [ 7, 43]]), array([[34,  7],
       [ 7, 43]]), array([[34,  7],
       [ 7, 43]]), array([[36,  5],
       [ 7, 43]])], [array([[35,  6],
       [ 8, 42]]), array([[34,  7],
       [ 8, 42]]), array([[33,  8],
       [ 6, 44]]), array([[35,  6],
       [ 8, 42]]), array([[35,  6],
       [ 8, 42]]), array([[34,  7],
       [ 7, 43]]), array([[34,  7],
       [ 7, 43]])], [array([[33,  8],
       [11, 39]]), array([[36,  5],
       [ 8, 42]]), array([[35,  6],
       [ 7, 43]]), array([[35,  6],
       [ 6, 44]]), array([[34,  7],
       [ 6, 44]]), array([[34,  7],
       [ 7, 43]]), array([[35,  6],
       [ 7, 43]])]]
