2019-08-31 12:10:45,611 INFO N Media Interations = 1
2019-08-31 12:10:45,611 INFO Execucao EF 1
2019-08-31 12:10:45,647 INFO Acuracia = 0.8241758241758241
2019-08-31 12:10:45,647 INFO Matriz de confusao 
[[28 13]
 [ 3 47]]
2019-08-31 12:10:45,647 INFO Execucao EF 2
2019-08-31 12:10:45,847 INFO Acuracia = 0.8351648351648352
2019-08-31 12:10:45,847 INFO Matriz de confusao 
[[29 12]
 [ 3 47]]
2019-08-31 12:10:45,847 INFO Execucao EF 3
2019-08-31 12:10:46,592 INFO Acuracia = 0.8681318681318682
2019-08-31 12:10:46,592 INFO Matriz de confusao 
[[33  8]
 [ 4 46]]
2019-08-31 12:10:46,593 INFO Execucao EF 4
2019-08-31 12:10:48,581 INFO Acuracia = 0.8571428571428571
2019-08-31 12:10:48,581 INFO Matriz de confusao 
[[32  9]
 [ 4 46]]
2019-08-31 12:10:48,581 INFO Execucao EF 5
2019-08-31 12:10:52,506 INFO Acuracia = 0.8571428571428571
2019-08-31 12:10:52,506 INFO Matriz de confusao 
[[32  9]
 [ 4 46]]
2019-08-31 12:10:52,508 INFO Execucao EF 6
2019-08-31 12:10:57,603 INFO Acuracia = 0.8571428571428571
2019-08-31 12:10:57,604 INFO Matriz de confusao 
[[32  9]
 [ 4 46]]
2019-08-31 12:10:57,605 INFO Execucao EF 7
2019-08-31 12:11:02,944 INFO Acuracia = 0.8461538461538461
2019-08-31 12:11:02,944 INFO Matriz de confusao 
[[32  9]
 [ 5 45]]
2019-08-31 12:11:02,945 INFO Accuracy EF 
[0.8241758241758241, 0.8351648351648352, 0.8681318681318682, 0.8571428571428571, 0.8571428571428571, 0.8571428571428571, 0.8461538461538461]
2019-08-31 12:11:02,946 INFO Matrix Confusion EF 
[[array([[28, 13],
       [ 3, 47]]), array([[29, 12],
       [ 3, 47]]), array([[33,  8],
       [ 4, 46]]), array([[32,  9],
       [ 4, 46]]), array([[32,  9],
       [ 4, 46]]), array([[32,  9],
       [ 4, 46]]), array([[32,  9],
       [ 5, 45]])]]
2019-08-31 12:11:02,946 INFO N arvores para o RF 13
2019-08-31 12:11:02,956 INFO Acuracia = 0.8461538461538461
2019-08-31 12:11:02,956 INFO Matriz de confusao 
[[32  9]
 [ 5 45]]
2019-08-31 12:11:02,956 INFO N arvores para o RF 78
2019-08-31 12:11:03,003 INFO Acuracia = 0.8571428571428571
2019-08-31 12:11:03,003 INFO Matriz de confusao 
[[32  9]
 [ 4 46]]
2019-08-31 12:11:03,003 INFO N arvores para o RF 286
2019-08-31 12:11:03,167 INFO Acuracia = 0.8461538461538461
2019-08-31 12:11:03,167 INFO Matriz de confusao 
[[32  9]
 [ 5 45]]
2019-08-31 12:11:03,167 INFO N arvores para o RF 715
2019-08-31 12:11:03,574 INFO Acuracia = 0.8571428571428571
2019-08-31 12:11:03,574 INFO Matriz de confusao 
[[33  8]
 [ 5 45]]
2019-08-31 12:11:03,575 INFO N arvores para o RF 1287
2019-08-31 12:11:04,321 INFO Acuracia = 0.8351648351648352
2019-08-31 12:11:04,322 INFO Matriz de confusao 
[[31 10]
 [ 5 45]]
2019-08-31 12:11:04,323 INFO N arvores para o RF 1716
2019-08-31 12:11:05,300 INFO Acuracia = 0.8351648351648352
2019-08-31 12:11:05,300 INFO Matriz de confusao 
[[31 10]
 [ 5 45]]
2019-08-31 12:11:05,302 INFO N arvores para o RF 1716
2019-08-31 12:11:06,271 INFO Acuracia = 0.8461538461538461
2019-08-31 12:11:06,271 INFO Matriz de confusao 
[[32  9]
 [ 5 45]]
2019-08-31 12:11:06,272 INFO Accuracy RF 
[0.8461538461538461, 0.8571428571428571, 0.8461538461538461, 0.8571428571428571, 0.8351648351648352, 0.8351648351648352, 0.8461538461538461]
2019-08-31 12:11:06,273 INFO Matrix Confusion RF 
[[array([[32,  9],
       [ 5, 45]]), array([[32,  9],
       [ 4, 46]]), array([[32,  9],
       [ 5, 45]]), array([[33,  8],
       [ 5, 45]]), array([[31, 10],
       [ 5, 45]]), array([[31, 10],
       [ 5, 45]]), array([[32,  9],
       [ 5, 45]])]]
2019-08-31 12:11:06,274 INFO N Media Interations = 2
2019-08-31 12:11:06,274 INFO Execucao EF 1
2019-08-31 12:11:06,315 INFO Acuracia = 0.8241758241758241
2019-08-31 12:11:06,315 INFO Matriz de confusao 
[[28 13]
 [ 3 47]]
2019-08-31 12:11:06,315 INFO Execucao EF 2
2019-08-31 12:11:06,557 INFO Acuracia = 0.8351648351648352
2019-08-31 12:11:06,557 INFO Matriz de confusao 
[[29 12]
 [ 3 47]]
2019-08-31 12:11:06,557 INFO Execucao EF 3
2019-08-31 12:11:07,481 INFO Acuracia = 0.8681318681318682
2019-08-31 12:11:07,482 INFO Matriz de confusao 
[[33  8]
 [ 4 46]]
2019-08-31 12:11:07,482 INFO Execucao EF 4
2019-08-31 12:11:09,818 INFO Acuracia = 0.8571428571428571
2019-08-31 12:11:09,819 INFO Matriz de confusao 
[[32  9]
 [ 4 46]]
2019-08-31 12:11:09,820 INFO Execucao EF 5
2019-08-31 12:11:13,940 INFO Acuracia = 0.8571428571428571
2019-08-31 12:11:13,940 INFO Matriz de confusao 
[[32  9]
 [ 4 46]]
2019-08-31 12:11:13,941 INFO Execucao EF 6
2019-08-31 12:11:19,723 INFO Acuracia = 0.8571428571428571
2019-08-31 12:11:19,723 INFO Matriz de confusao 
[[32  9]
 [ 4 46]]
2019-08-31 12:11:19,725 INFO Execucao EF 7
2019-08-31 12:11:25,481 INFO Acuracia = 0.8461538461538461
2019-08-31 12:11:25,481 INFO Matriz de confusao 
[[32  9]
 [ 5 45]]
2019-08-31 12:11:25,482 INFO Accuracy EF 
[0.8241758241758241, 0.8351648351648352, 0.8681318681318682, 0.8571428571428571, 0.8571428571428571, 0.8571428571428571, 0.8461538461538461]
2019-08-31 12:11:25,483 INFO Matrix Confusion EF 
[[array([[28, 13],
       [ 3, 47]]), array([[29, 12],
       [ 3, 47]]), array([[33,  8],
       [ 4, 46]]), array([[32,  9],
       [ 4, 46]]), array([[32,  9],
       [ 4, 46]]), array([[32,  9],
       [ 4, 46]]), array([[32,  9],
       [ 5, 45]])], [array([[28, 13],
       [ 3, 47]]), array([[29, 12],
       [ 3, 47]]), array([[33,  8],
       [ 4, 46]]), array([[32,  9],
       [ 4, 46]]), array([[32,  9],
       [ 4, 46]]), array([[32,  9],
       [ 4, 46]]), array([[32,  9],
       [ 5, 45]])]]
2019-08-31 12:11:25,483 INFO N arvores para o RF 13
2019-08-31 12:11:25,492 INFO Acuracia = 0.8021978021978022
2019-08-31 12:11:25,492 INFO Matriz de confusao 
[[33  8]
 [10 40]]
2019-08-31 12:11:25,492 INFO N arvores para o RF 78
2019-08-31 12:11:25,539 INFO Acuracia = 0.8241758241758241
2019-08-31 12:11:25,539 INFO Matriz de confusao 
[[32  9]
 [ 7 43]]
2019-08-31 12:11:25,539 INFO N arvores para o RF 286
2019-08-31 12:11:25,708 INFO Acuracia = 0.8461538461538461
2019-08-31 12:11:25,708 INFO Matriz de confusao 
[[32  9]
 [ 5 45]]
2019-08-31 12:11:25,709 INFO N arvores para o RF 715
2019-08-31 12:11:26,121 INFO Acuracia = 0.8351648351648352
2019-08-31 12:11:26,121 INFO Matriz de confusao 
[[31 10]
 [ 5 45]]
2019-08-31 12:11:26,121 INFO N arvores para o RF 1287
2019-08-31 12:11:26,835 INFO Acuracia = 0.8351648351648352
2019-08-31 12:11:26,835 INFO Matriz de confusao 
[[31 10]
 [ 5 45]]
2019-08-31 12:11:26,835 INFO N arvores para o RF 1716
2019-08-31 12:11:27,784 INFO Acuracia = 0.8351648351648352
2019-08-31 12:11:27,784 INFO Matriz de confusao 
[[31 10]
 [ 5 45]]
2019-08-31 12:11:27,785 INFO N arvores para o RF 1716
2019-08-31 12:11:28,741 INFO Acuracia = 0.8351648351648352
2019-08-31 12:11:28,741 INFO Matriz de confusao 
[[31 10]
 [ 5 45]]
2019-08-31 12:11:28,742 INFO Accuracy RF 
[0.8021978021978022, 0.8241758241758241, 0.8461538461538461, 0.8351648351648352, 0.8351648351648352, 0.8351648351648352, 0.8351648351648352]
2019-08-31 12:11:28,742 INFO Matrix Confusion RF 
[[array([[32,  9],
       [ 5, 45]]), array([[32,  9],
       [ 4, 46]]), array([[32,  9],
       [ 5, 45]]), array([[33,  8],
       [ 5, 45]]), array([[31, 10],
       [ 5, 45]]), array([[31, 10],
       [ 5, 45]]), array([[32,  9],
       [ 5, 45]])], [array([[33,  8],
       [10, 40]]), array([[32,  9],
       [ 7, 43]]), array([[32,  9],
       [ 5, 45]]), array([[31, 10],
       [ 5, 45]]), array([[31, 10],
       [ 5, 45]]), array([[31, 10],
       [ 5, 45]]), array([[31, 10],
       [ 5, 45]])]]
2019-08-31 12:11:28,744 INFO N Media Interations = 3
2019-08-31 12:11:28,744 INFO Execucao EF 1
2019-08-31 12:11:28,784 INFO Acuracia = 0.8241758241758241
2019-08-31 12:11:28,784 INFO Matriz de confusao 
[[28 13]
 [ 3 47]]
2019-08-31 12:11:28,784 INFO Execucao EF 2
2019-08-31 12:11:29,006 INFO Acuracia = 0.8241758241758241
2019-08-31 12:11:29,006 INFO Matriz de confusao 
[[28 13]
 [ 3 47]]
2019-08-31 12:11:29,006 INFO Execucao EF 3
2019-08-31 12:11:29,848 INFO Acuracia = 0.8681318681318682
2019-08-31 12:11:29,848 INFO Matriz de confusao 
[[33  8]
 [ 4 46]]
2019-08-31 12:11:29,849 INFO Execucao EF 4
2019-08-31 12:11:32,019 INFO Acuracia = 0.8681318681318682
2019-08-31 12:11:32,019 INFO Matriz de confusao 
[[33  8]
 [ 4 46]]
2019-08-31 12:11:32,020 INFO Execucao EF 5
2019-08-31 12:11:35,985 INFO Acuracia = 0.8571428571428571
2019-08-31 12:11:35,985 INFO Matriz de confusao 
[[32  9]
 [ 4 46]]
2019-08-31 12:11:35,985 INFO Execucao EF 6
2019-08-31 12:11:41,389 INFO Acuracia = 0.8571428571428571
2019-08-31 12:11:41,390 INFO Matriz de confusao 
[[32  9]
 [ 4 46]]
2019-08-31 12:11:41,390 INFO Execucao EF 7
2019-08-31 12:11:46,923 INFO Acuracia = 0.8461538461538461
2019-08-31 12:11:46,923 INFO Matriz de confusao 
[[32  9]
 [ 5 45]]
2019-08-31 12:11:46,924 INFO Accuracy EF 
[0.8241758241758241, 0.8241758241758241, 0.8681318681318682, 0.8681318681318682, 0.8571428571428571, 0.8571428571428571, 0.8461538461538461]
2019-08-31 12:11:46,925 INFO Matrix Confusion EF 
[[array([[28, 13],
       [ 3, 47]]), array([[29, 12],
       [ 3, 47]]), array([[33,  8],
       [ 4, 46]]), array([[32,  9],
       [ 4, 46]]), array([[32,  9],
       [ 4, 46]]), array([[32,  9],
       [ 4, 46]]), array([[32,  9],
       [ 5, 45]])], [array([[28, 13],
       [ 3, 47]]), array([[29, 12],
       [ 3, 47]]), array([[33,  8],
       [ 4, 46]]), array([[32,  9],
       [ 4, 46]]), array([[32,  9],
       [ 4, 46]]), array([[32,  9],
       [ 4, 46]]), array([[32,  9],
       [ 5, 45]])], [array([[28, 13],
       [ 3, 47]]), array([[28, 13],
       [ 3, 47]]), array([[33,  8],
       [ 4, 46]]), array([[33,  8],
       [ 4, 46]]), array([[32,  9],
       [ 4, 46]]), array([[32,  9],
       [ 4, 46]]), array([[32,  9],
       [ 5, 45]])]]
2019-08-31 12:11:46,925 INFO N arvores para o RF 13
2019-08-31 12:11:46,935 INFO Acuracia = 0.8351648351648352
2019-08-31 12:11:46,935 INFO Matriz de confusao 
[[29 12]
 [ 3 47]]
2019-08-31 12:11:46,935 INFO N arvores para o RF 78
2019-08-31 12:11:46,980 INFO Acuracia = 0.8461538461538461
2019-08-31 12:11:46,980 INFO Matriz de confusao 
[[31 10]
 [ 4 46]]
2019-08-31 12:11:46,981 INFO N arvores para o RF 286
2019-08-31 12:11:47,139 INFO Acuracia = 0.8571428571428571
2019-08-31 12:11:47,140 INFO Matriz de confusao 
[[32  9]
 [ 4 46]]
2019-08-31 12:11:47,140 INFO N arvores para o RF 715
2019-08-31 12:11:47,537 INFO Acuracia = 0.8351648351648352
2019-08-31 12:11:47,537 INFO Matriz de confusao 
[[31 10]
 [ 5 45]]
2019-08-31 12:11:47,537 INFO N arvores para o RF 1287
2019-08-31 12:11:48,261 INFO Acuracia = 0.8351648351648352
2019-08-31 12:11:48,261 INFO Matriz de confusao 
[[31 10]
 [ 5 45]]
2019-08-31 12:11:48,262 INFO N arvores para o RF 1716
2019-08-31 12:11:49,212 INFO Acuracia = 0.8351648351648352
2019-08-31 12:11:49,212 INFO Matriz de confusao 
[[31 10]
 [ 5 45]]
2019-08-31 12:11:49,213 INFO N arvores para o RF 1716
2019-08-31 12:11:50,168 INFO Acuracia = 0.8571428571428571
2019-08-31 12:11:50,168 INFO Matriz de confusao 
[[33  8]
 [ 5 45]]
2019-08-31 12:11:50,169 INFO Accuracy RF 
[0.8351648351648352, 0.8461538461538461, 0.8571428571428571, 0.8351648351648352, 0.8351648351648352, 0.8351648351648352, 0.8571428571428571]
2019-08-31 12:11:50,170 INFO Matrix Confusion RF 
[[array([[32,  9],
       [ 5, 45]]), array([[32,  9],
       [ 4, 46]]), array([[32,  9],
       [ 5, 45]]), array([[33,  8],
       [ 5, 45]]), array([[31, 10],
       [ 5, 45]]), array([[31, 10],
       [ 5, 45]]), array([[32,  9],
       [ 5, 45]])], [array([[33,  8],
       [10, 40]]), array([[32,  9],
       [ 7, 43]]), array([[32,  9],
       [ 5, 45]]), array([[31, 10],
       [ 5, 45]]), array([[31, 10],
       [ 5, 45]]), array([[31, 10],
       [ 5, 45]]), array([[31, 10],
       [ 5, 45]])], [array([[29, 12],
       [ 3, 47]]), array([[31, 10],
       [ 4, 46]]), array([[32,  9],
       [ 4, 46]]), array([[31, 10],
       [ 5, 45]]), array([[31, 10],
       [ 5, 45]]), array([[31, 10],
       [ 5, 45]]), array([[33,  8],
       [ 5, 45]])]]
2019-08-31 12:11:50,171 INFO N Media Interations = 4
2019-08-31 12:11:50,171 INFO Execucao EF 1
2019-08-31 12:11:50,214 INFO Acuracia = 0.8241758241758241
2019-08-31 12:11:50,215 INFO Matriz de confusao 
[[28 13]
 [ 3 47]]
2019-08-31 12:11:50,215 INFO Execucao EF 2
2019-08-31 12:11:50,446 INFO Acuracia = 0.8461538461538461
2019-08-31 12:11:50,447 INFO Matriz de confusao 
[[30 11]
 [ 3 47]]
2019-08-31 12:11:50,447 INFO Execucao EF 3
2019-08-31 12:11:51,313 INFO Acuracia = 0.8571428571428571
2019-08-31 12:11:51,313 INFO Matriz de confusao 
[[32  9]
 [ 4 46]]
2019-08-31 12:11:51,313 INFO Execucao EF 4
2019-08-31 12:11:53,541 INFO Acuracia = 0.8571428571428571
2019-08-31 12:11:53,542 INFO Matriz de confusao 
[[32  9]
 [ 4 46]]
2019-08-31 12:11:53,542 INFO Execucao EF 5
2019-08-31 12:11:57,674 INFO Acuracia = 0.8571428571428571
2019-08-31 12:11:57,674 INFO Matriz de confusao 
[[32  9]
 [ 4 46]]
2019-08-31 12:11:57,674 INFO Execucao EF 6
2019-08-31 12:12:03,335 INFO Acuracia = 0.8571428571428571
2019-08-31 12:12:03,336 INFO Matriz de confusao 
[[32  9]
 [ 4 46]]
2019-08-31 12:12:03,336 INFO Execucao EF 7
2019-08-31 12:12:09,116 INFO Acuracia = 0.8461538461538461
2019-08-31 12:12:09,116 INFO Matriz de confusao 
[[32  9]
 [ 5 45]]
2019-08-31 12:12:09,117 INFO Accuracy EF 
[0.8241758241758241, 0.8461538461538461, 0.8571428571428571, 0.8571428571428571, 0.8571428571428571, 0.8571428571428571, 0.8461538461538461]
2019-08-31 12:12:09,118 INFO Matrix Confusion EF 
[[array([[28, 13],
       [ 3, 47]]), array([[29, 12],
       [ 3, 47]]), array([[33,  8],
       [ 4, 46]]), array([[32,  9],
       [ 4, 46]]), array([[32,  9],
       [ 4, 46]]), array([[32,  9],
       [ 4, 46]]), array([[32,  9],
       [ 5, 45]])], [array([[28, 13],
       [ 3, 47]]), array([[29, 12],
       [ 3, 47]]), array([[33,  8],
       [ 4, 46]]), array([[32,  9],
       [ 4, 46]]), array([[32,  9],
       [ 4, 46]]), array([[32,  9],
       [ 4, 46]]), array([[32,  9],
       [ 5, 45]])], [array([[28, 13],
       [ 3, 47]]), array([[28, 13],
       [ 3, 47]]), array([[33,  8],
       [ 4, 46]]), array([[33,  8],
       [ 4, 46]]), array([[32,  9],
       [ 4, 46]]), array([[32,  9],
       [ 4, 46]]), array([[32,  9],
       [ 5, 45]])], [array([[28, 13],
       [ 3, 47]]), array([[30, 11],
       [ 3, 47]]), array([[32,  9],
       [ 4, 46]]), array([[32,  9],
       [ 4, 46]]), array([[32,  9],
       [ 4, 46]]), array([[32,  9],
       [ 4, 46]]), array([[32,  9],
       [ 5, 45]])]]
2019-08-31 12:12:09,118 INFO N arvores para o RF 13
2019-08-31 12:12:09,127 INFO Acuracia = 0.8021978021978022
2019-08-31 12:12:09,127 INFO Matriz de confusao 
[[31 10]
 [ 8 42]]
2019-08-31 12:12:09,127 INFO N arvores para o RF 78
2019-08-31 12:12:09,172 INFO Acuracia = 0.8351648351648352
2019-08-31 12:12:09,173 INFO Matriz de confusao 
[[32  9]
 [ 6 44]]
2019-08-31 12:12:09,173 INFO N arvores para o RF 286
2019-08-31 12:12:09,332 INFO Acuracia = 0.8241758241758241
2019-08-31 12:12:09,332 INFO Matriz de confusao 
[[31 10]
 [ 6 44]]
2019-08-31 12:12:09,333 INFO N arvores para o RF 715
2019-08-31 12:12:09,726 INFO Acuracia = 0.8351648351648352
2019-08-31 12:12:09,727 INFO Matriz de confusao 
[[31 10]
 [ 5 45]]
2019-08-31 12:12:09,727 INFO N arvores para o RF 1287
2019-08-31 12:12:10,462 INFO Acuracia = 0.8461538461538461
2019-08-31 12:12:10,462 INFO Matriz de confusao 
[[32  9]
 [ 5 45]]
2019-08-31 12:12:10,463 INFO N arvores para o RF 1716
2019-08-31 12:12:11,394 INFO Acuracia = 0.8351648351648352
2019-08-31 12:12:11,395 INFO Matriz de confusao 
[[31 10]
 [ 5 45]]
2019-08-31 12:12:11,395 INFO N arvores para o RF 1716
2019-08-31 12:12:12,335 INFO Acuracia = 0.8351648351648352
2019-08-31 12:12:12,335 INFO Matriz de confusao 
[[31 10]
 [ 5 45]]
2019-08-31 12:12:12,335 INFO Accuracy RF 
[0.8021978021978022, 0.8351648351648352, 0.8241758241758241, 0.8351648351648352, 0.8461538461538461, 0.8351648351648352, 0.8351648351648352]
2019-08-31 12:12:12,337 INFO Matrix Confusion RF 
[[array([[32,  9],
       [ 5, 45]]), array([[32,  9],
       [ 4, 46]]), array([[32,  9],
       [ 5, 45]]), array([[33,  8],
       [ 5, 45]]), array([[31, 10],
       [ 5, 45]]), array([[31, 10],
       [ 5, 45]]), array([[32,  9],
       [ 5, 45]])], [array([[33,  8],
       [10, 40]]), array([[32,  9],
       [ 7, 43]]), array([[32,  9],
       [ 5, 45]]), array([[31, 10],
       [ 5, 45]]), array([[31, 10],
       [ 5, 45]]), array([[31, 10],
       [ 5, 45]]), array([[31, 10],
       [ 5, 45]])], [array([[29, 12],
       [ 3, 47]]), array([[31, 10],
       [ 4, 46]]), array([[32,  9],
       [ 4, 46]]), array([[31, 10],
       [ 5, 45]]), array([[31, 10],
       [ 5, 45]]), array([[31, 10],
       [ 5, 45]]), array([[33,  8],
       [ 5, 45]])], [array([[31, 10],
       [ 8, 42]]), array([[32,  9],
       [ 6, 44]]), array([[31, 10],
       [ 6, 44]]), array([[31, 10],
       [ 5, 45]]), array([[32,  9],
       [ 5, 45]]), array([[31, 10],
       [ 5, 45]]), array([[31, 10],
       [ 5, 45]])]]
2019-08-31 12:12:12,338 INFO N Media Interations = 5
2019-08-31 12:12:12,338 INFO Execucao EF 1
2019-08-31 12:12:12,383 INFO Acuracia = 0.8241758241758241
2019-08-31 12:12:12,383 INFO Matriz de confusao 
[[28 13]
 [ 3 47]]
2019-08-31 12:12:12,383 INFO Execucao EF 2
2019-08-31 12:12:12,628 INFO Acuracia = 0.8461538461538461
2019-08-31 12:12:12,628 INFO Matriz de confusao 
[[30 11]
 [ 3 47]]
2019-08-31 12:12:12,628 INFO Execucao EF 3
2019-08-31 12:12:13,540 INFO Acuracia = 0.8681318681318682
2019-08-31 12:12:13,540 INFO Matriz de confusao 
[[33  8]
 [ 4 46]]
2019-08-31 12:12:13,541 INFO Execucao EF 4
2019-08-31 12:12:15,920 INFO Acuracia = 0.8571428571428571
2019-08-31 12:12:15,920 INFO Matriz de confusao 
[[32  9]
 [ 4 46]]
2019-08-31 12:12:15,921 INFO Execucao EF 5
2019-08-31 12:12:20,270 INFO Acuracia = 0.8571428571428571
2019-08-31 12:12:20,270 INFO Matriz de confusao 
[[32  9]
 [ 4 46]]
2019-08-31 12:12:20,271 INFO Execucao EF 6
2019-08-31 12:12:26,325 INFO Acuracia = 0.8571428571428571
2019-08-31 12:12:26,325 INFO Matriz de confusao 
[[32  9]
 [ 4 46]]
2019-08-31 12:12:26,326 INFO Execucao EF 7
2019-08-31 12:12:32,390 INFO Acuracia = 0.8461538461538461
2019-08-31 12:12:32,390 INFO Matriz de confusao 
[[32  9]
 [ 5 45]]
2019-08-31 12:12:32,391 INFO Accuracy EF 
[0.8241758241758241, 0.8461538461538461, 0.8681318681318682, 0.8571428571428571, 0.8571428571428571, 0.8571428571428571, 0.8461538461538461]
2019-08-31 12:12:32,392 INFO Matrix Confusion EF 
[[array([[28, 13],
       [ 3, 47]]), array([[29, 12],
       [ 3, 47]]), array([[33,  8],
       [ 4, 46]]), array([[32,  9],
       [ 4, 46]]), array([[32,  9],
       [ 4, 46]]), array([[32,  9],
       [ 4, 46]]), array([[32,  9],
       [ 5, 45]])], [array([[28, 13],
       [ 3, 47]]), array([[29, 12],
       [ 3, 47]]), array([[33,  8],
       [ 4, 46]]), array([[32,  9],
       [ 4, 46]]), array([[32,  9],
       [ 4, 46]]), array([[32,  9],
       [ 4, 46]]), array([[32,  9],
       [ 5, 45]])], [array([[28, 13],
       [ 3, 47]]), array([[28, 13],
       [ 3, 47]]), array([[33,  8],
       [ 4, 46]]), array([[33,  8],
       [ 4, 46]]), array([[32,  9],
       [ 4, 46]]), array([[32,  9],
       [ 4, 46]]), array([[32,  9],
       [ 5, 45]])], [array([[28, 13],
       [ 3, 47]]), array([[30, 11],
       [ 3, 47]]), array([[32,  9],
       [ 4, 46]]), array([[32,  9],
       [ 4, 46]]), array([[32,  9],
       [ 4, 46]]), array([[32,  9],
       [ 4, 46]]), array([[32,  9],
       [ 5, 45]])], [array([[28, 13],
       [ 3, 47]]), array([[30, 11],
       [ 3, 47]]), array([[33,  8],
       [ 4, 46]]), array([[32,  9],
       [ 4, 46]]), array([[32,  9],
       [ 4, 46]]), array([[32,  9],
       [ 4, 46]]), array([[32,  9],
       [ 5, 45]])]]
2019-08-31 12:12:32,392 INFO N arvores para o RF 13
2019-08-31 12:12:32,402 INFO Acuracia = 0.8571428571428571
2019-08-31 12:12:32,402 INFO Matriz de confusao 
[[33  8]
 [ 5 45]]
2019-08-31 12:12:32,402 INFO N arvores para o RF 78
2019-08-31 12:12:32,448 INFO Acuracia = 0.8461538461538461
2019-08-31 12:12:32,448 INFO Matriz de confusao 
[[33  8]
 [ 6 44]]
2019-08-31 12:12:32,448 INFO N arvores para o RF 286
2019-08-31 12:12:32,610 INFO Acuracia = 0.8351648351648352
2019-08-31 12:12:32,610 INFO Matriz de confusao 
[[32  9]
 [ 6 44]]
2019-08-31 12:12:32,610 INFO N arvores para o RF 715
2019-08-31 12:12:33,004 INFO Acuracia = 0.8461538461538461
2019-08-31 12:12:33,004 INFO Matriz de confusao 
[[32  9]
 [ 5 45]]
2019-08-31 12:12:33,004 INFO N arvores para o RF 1287
2019-08-31 12:12:33,710 INFO Acuracia = 0.8351648351648352
2019-08-31 12:12:33,710 INFO Matriz de confusao 
[[31 10]
 [ 5 45]]
2019-08-31 12:12:33,711 INFO N arvores para o RF 1716
2019-08-31 12:12:34,679 INFO Acuracia = 0.8351648351648352
2019-08-31 12:12:34,679 INFO Matriz de confusao 
[[31 10]
 [ 5 45]]
2019-08-31 12:12:34,680 INFO N arvores para o RF 1716
2019-08-31 12:12:35,620 INFO Acuracia = 0.8351648351648352
2019-08-31 12:12:35,620 INFO Matriz de confusao 
[[31 10]
 [ 5 45]]
2019-08-31 12:12:35,621 INFO Accuracy RF 
[0.8571428571428571, 0.8461538461538461, 0.8351648351648352, 0.8461538461538461, 0.8351648351648352, 0.8351648351648352, 0.8351648351648352]
2019-08-31 12:12:35,622 INFO Matrix Confusion RF 
[[array([[32,  9],
       [ 5, 45]]), array([[32,  9],
       [ 4, 46]]), array([[32,  9],
       [ 5, 45]]), array([[33,  8],
       [ 5, 45]]), array([[31, 10],
       [ 5, 45]]), array([[31, 10],
       [ 5, 45]]), array([[32,  9],
       [ 5, 45]])], [array([[33,  8],
       [10, 40]]), array([[32,  9],
       [ 7, 43]]), array([[32,  9],
       [ 5, 45]]), array([[31, 10],
       [ 5, 45]]), array([[31, 10],
       [ 5, 45]]), array([[31, 10],
       [ 5, 45]]), array([[31, 10],
       [ 5, 45]])], [array([[29, 12],
       [ 3, 47]]), array([[31, 10],
       [ 4, 46]]), array([[32,  9],
       [ 4, 46]]), array([[31, 10],
       [ 5, 45]]), array([[31, 10],
       [ 5, 45]]), array([[31, 10],
       [ 5, 45]]), array([[33,  8],
       [ 5, 45]])], [array([[31, 10],
       [ 8, 42]]), array([[32,  9],
       [ 6, 44]]), array([[31, 10],
       [ 6, 44]]), array([[31, 10],
       [ 5, 45]]), array([[32,  9],
       [ 5, 45]]), array([[31, 10],
       [ 5, 45]]), array([[31, 10],
       [ 5, 45]])], [array([[33,  8],
       [ 5, 45]]), array([[33,  8],
       [ 6, 44]]), array([[32,  9],
       [ 6, 44]]), array([[32,  9],
       [ 5, 45]]), array([[31, 10],
       [ 5, 45]]), array([[31, 10],
       [ 5, 45]]), array([[31, 10],
       [ 5, 45]])]]
