2019-08-31 11:57:28,828 INFO N Media Interations = 1
2019-08-31 11:57:28,828 INFO Execucao EF 1
2019-08-31 11:57:28,866 INFO Acuracia = 0.8131868131868132
2019-08-31 11:57:28,866 INFO Matriz de confusao 
[[32  9]
 [ 8 42]]
2019-08-31 11:57:28,866 INFO Execucao EF 2
2019-08-31 11:57:29,080 INFO Acuracia = 0.8131868131868132
2019-08-31 11:57:29,080 INFO Matriz de confusao 
[[34  7]
 [10 40]]
2019-08-31 11:57:29,081 INFO Execucao EF 3
2019-08-31 11:57:29,851 INFO Acuracia = 0.8461538461538461
2019-08-31 11:57:29,851 INFO Matriz de confusao 
[[36  5]
 [ 9 41]]
2019-08-31 11:57:29,851 INFO Execucao EF 4
2019-08-31 11:57:31,890 INFO Acuracia = 0.8131868131868132
2019-08-31 11:57:31,890 INFO Matriz de confusao 
[[35  6]
 [11 39]]
2019-08-31 11:57:31,891 INFO Execucao EF 5
2019-08-31 11:57:35,857 INFO Acuracia = 0.8131868131868132
2019-08-31 11:57:35,857 INFO Matriz de confusao 
[[34  7]
 [10 40]]
2019-08-31 11:57:35,858 INFO Execucao EF 6
2019-08-31 11:57:40,993 INFO Acuracia = 0.8131868131868132
2019-08-31 11:57:40,993 INFO Matriz de confusao 
[[33  8]
 [ 9 41]]
2019-08-31 11:57:40,994 INFO Execucao EF 7
2019-08-31 11:57:46,275 INFO Acuracia = 0.8021978021978022
2019-08-31 11:57:46,276 INFO Matriz de confusao 
[[33  8]
 [10 40]]
2019-08-31 11:57:46,276 INFO Accuracy EF 
[0.8131868131868132, 0.8131868131868132, 0.8461538461538461, 0.8131868131868132, 0.8131868131868132, 0.8131868131868132, 0.8021978021978022]
2019-08-31 11:57:46,277 INFO Matrix Confusion EF 
[[array([[32,  9],
       [ 8, 42]]), array([[34,  7],
       [10, 40]]), array([[36,  5],
       [ 9, 41]]), array([[35,  6],
       [11, 39]]), array([[34,  7],
       [10, 40]]), array([[33,  8],
       [ 9, 41]]), array([[33,  8],
       [10, 40]])]]
2019-08-31 11:57:46,277 INFO N arvores para o RF 13
2019-08-31 11:57:46,287 INFO Acuracia = 0.8131868131868132
2019-08-31 11:57:46,287 INFO Matriz de confusao 
[[32  9]
 [ 8 42]]
2019-08-31 11:57:46,287 INFO N arvores para o RF 78
2019-08-31 11:57:46,334 INFO Acuracia = 0.8351648351648352
2019-08-31 11:57:46,334 INFO Matriz de confusao 
[[35  6]
 [ 9 41]]
2019-08-31 11:57:46,334 INFO N arvores para o RF 286
2019-08-31 11:57:46,500 INFO Acuracia = 0.8461538461538461
2019-08-31 11:57:46,500 INFO Matriz de confusao 
[[36  5]
 [ 9 41]]
2019-08-31 11:57:46,501 INFO N arvores para o RF 715
2019-08-31 11:57:46,914 INFO Acuracia = 0.8681318681318682
2019-08-31 11:57:46,915 INFO Matriz de confusao 
[[36  5]
 [ 7 43]]
2019-08-31 11:57:46,915 INFO N arvores para o RF 1287
2019-08-31 11:57:47,659 INFO Acuracia = 0.8681318681318682
2019-08-31 11:57:47,659 INFO Matriz de confusao 
[[37  4]
 [ 8 42]]
2019-08-31 11:57:47,661 INFO N arvores para o RF 1716
2019-08-31 11:57:48,637 INFO Acuracia = 0.8461538461538461
2019-08-31 11:57:48,638 INFO Matriz de confusao 
[[36  5]
 [ 9 41]]
2019-08-31 11:57:48,639 INFO N arvores para o RF 1716
2019-08-31 11:57:49,620 INFO Acuracia = 0.8571428571428571
2019-08-31 11:57:49,620 INFO Matriz de confusao 
[[37  4]
 [ 9 41]]
2019-08-31 11:57:49,622 INFO Accuracy RF 
[0.8131868131868132, 0.8351648351648352, 0.8461538461538461, 0.8681318681318682, 0.8681318681318682, 0.8461538461538461, 0.8571428571428571]
2019-08-31 11:57:49,622 INFO Matrix Confusion RF 
[[array([[32,  9],
       [ 8, 42]]), array([[35,  6],
       [ 9, 41]]), array([[36,  5],
       [ 9, 41]]), array([[36,  5],
       [ 7, 43]]), array([[37,  4],
       [ 8, 42]]), array([[36,  5],
       [ 9, 41]]), array([[37,  4],
       [ 9, 41]])]]
2019-08-31 11:57:49,624 INFO N Media Interations = 2
2019-08-31 11:57:49,624 INFO Execucao EF 1
2019-08-31 11:57:49,664 INFO Acuracia = 0.8131868131868132
2019-08-31 11:57:49,664 INFO Matriz de confusao 
[[32  9]
 [ 8 42]]
2019-08-31 11:57:49,664 INFO Execucao EF 2
2019-08-31 11:57:49,886 INFO Acuracia = 0.8131868131868132
2019-08-31 11:57:49,886 INFO Matriz de confusao 
[[34  7]
 [10 40]]
2019-08-31 11:57:49,886 INFO Execucao EF 3
2019-08-31 11:57:50,724 INFO Acuracia = 0.8351648351648352
2019-08-31 11:57:50,724 INFO Matriz de confusao 
[[36  5]
 [10 40]]
2019-08-31 11:57:50,725 INFO Execucao EF 4
2019-08-31 11:57:52,875 INFO Acuracia = 0.8131868131868132
2019-08-31 11:57:52,875 INFO Matriz de confusao 
[[35  6]
 [11 39]]
2019-08-31 11:57:52,876 INFO Execucao EF 5
2019-08-31 11:57:56,908 INFO Acuracia = 0.8021978021978022
2019-08-31 11:57:56,908 INFO Matriz de confusao 
[[33  8]
 [10 40]]
2019-08-31 11:57:56,909 INFO Execucao EF 6
2019-08-31 11:58:02,658 INFO Acuracia = 0.8131868131868132
2019-08-31 11:58:02,658 INFO Matriz de confusao 
[[33  8]
 [ 9 41]]
2019-08-31 11:58:02,659 INFO Execucao EF 7
2019-08-31 11:58:08,424 INFO Acuracia = 0.7912087912087912
2019-08-31 11:58:08,424 INFO Matriz de confusao 
[[33  8]
 [11 39]]
2019-08-31 11:58:08,425 INFO Accuracy EF 
[0.8131868131868132, 0.8131868131868132, 0.8351648351648352, 0.8131868131868132, 0.8021978021978022, 0.8131868131868132, 0.7912087912087912]
2019-08-31 11:58:08,426 INFO Matrix Confusion EF 
[[array([[32,  9],
       [ 8, 42]]), array([[34,  7],
       [10, 40]]), array([[36,  5],
       [ 9, 41]]), array([[35,  6],
       [11, 39]]), array([[34,  7],
       [10, 40]]), array([[33,  8],
       [ 9, 41]]), array([[33,  8],
       [10, 40]])], [array([[32,  9],
       [ 8, 42]]), array([[34,  7],
       [10, 40]]), array([[36,  5],
       [10, 40]]), array([[35,  6],
       [11, 39]]), array([[33,  8],
       [10, 40]]), array([[33,  8],
       [ 9, 41]]), array([[33,  8],
       [11, 39]])]]
2019-08-31 11:58:08,426 INFO N arvores para o RF 13
2019-08-31 11:58:08,436 INFO Acuracia = 0.8351648351648352
2019-08-31 11:58:08,436 INFO Matriz de confusao 
[[34  7]
 [ 8 42]]
2019-08-31 11:58:08,436 INFO N arvores para o RF 78
2019-08-31 11:58:08,483 INFO Acuracia = 0.8131868131868132
2019-08-31 11:58:08,483 INFO Matriz de confusao 
[[32  9]
 [ 8 42]]
2019-08-31 11:58:08,483 INFO N arvores para o RF 286
2019-08-31 11:58:08,648 INFO Acuracia = 0.8241758241758241
2019-08-31 11:58:08,648 INFO Matriz de confusao 
[[35  6]
 [10 40]]
2019-08-31 11:58:08,648 INFO N arvores para o RF 715
2019-08-31 11:58:09,062 INFO Acuracia = 0.8351648351648352
2019-08-31 11:58:09,062 INFO Matriz de confusao 
[[36  5]
 [10 40]]
2019-08-31 11:58:09,063 INFO N arvores para o RF 1287
2019-08-31 11:58:09,796 INFO Acuracia = 0.8461538461538461
2019-08-31 11:58:09,796 INFO Matriz de confusao 
[[36  5]
 [ 9 41]]
2019-08-31 11:58:09,796 INFO N arvores para o RF 1716
2019-08-31 11:58:10,763 INFO Acuracia = 0.8461538461538461
2019-08-31 11:58:10,763 INFO Matriz de confusao 
[[36  5]
 [ 9 41]]
2019-08-31 11:58:10,764 INFO N arvores para o RF 1716
2019-08-31 11:58:11,739 INFO Acuracia = 0.8461538461538461
2019-08-31 11:58:11,739 INFO Matriz de confusao 
[[35  6]
 [ 8 42]]
2019-08-31 11:58:11,741 INFO Accuracy RF 
[0.8351648351648352, 0.8131868131868132, 0.8241758241758241, 0.8351648351648352, 0.8461538461538461, 0.8461538461538461, 0.8461538461538461]
2019-08-31 11:58:11,741 INFO Matrix Confusion RF 
[[array([[32,  9],
       [ 8, 42]]), array([[35,  6],
       [ 9, 41]]), array([[36,  5],
       [ 9, 41]]), array([[36,  5],
       [ 7, 43]]), array([[37,  4],
       [ 8, 42]]), array([[36,  5],
       [ 9, 41]]), array([[37,  4],
       [ 9, 41]])], [array([[34,  7],
       [ 8, 42]]), array([[32,  9],
       [ 8, 42]]), array([[35,  6],
       [10, 40]]), array([[36,  5],
       [10, 40]]), array([[36,  5],
       [ 9, 41]]), array([[36,  5],
       [ 9, 41]]), array([[35,  6],
       [ 8, 42]])]]
2019-08-31 11:58:11,743 INFO N Media Interations = 3
2019-08-31 11:58:11,743 INFO Execucao EF 1
2019-08-31 11:58:11,785 INFO Acuracia = 0.8131868131868132
2019-08-31 11:58:11,785 INFO Matriz de confusao 
[[32  9]
 [ 8 42]]
2019-08-31 11:58:11,785 INFO Execucao EF 2
2019-08-31 11:58:12,020 INFO Acuracia = 0.8131868131868132
2019-08-31 11:58:12,020 INFO Matriz de confusao 
[[34  7]
 [10 40]]
2019-08-31 11:58:12,021 INFO Execucao EF 3
2019-08-31 11:58:12,896 INFO Acuracia = 0.8461538461538461
2019-08-31 11:58:12,896 INFO Matriz de confusao 
[[36  5]
 [ 9 41]]
2019-08-31 11:58:12,896 INFO Execucao EF 4
2019-08-31 11:58:15,172 INFO Acuracia = 0.8241758241758241
2019-08-31 11:58:15,172 INFO Matriz de confusao 
[[36  5]
 [11 39]]
2019-08-31 11:58:15,172 INFO Execucao EF 5
2019-08-31 11:58:19,400 INFO Acuracia = 0.8131868131868132
2019-08-31 11:58:19,400 INFO Matriz de confusao 
[[34  7]
 [10 40]]
2019-08-31 11:58:19,401 INFO Execucao EF 6
2019-08-31 11:58:25,237 INFO Acuracia = 0.8131868131868132
2019-08-31 11:58:25,237 INFO Matriz de confusao 
[[33  8]
 [ 9 41]]
2019-08-31 11:58:25,238 INFO Execucao EF 7
2019-08-31 11:58:31,105 INFO Acuracia = 0.7912087912087912
2019-08-31 11:58:31,105 INFO Matriz de confusao 
[[33  8]
 [11 39]]
2019-08-31 11:58:31,106 INFO Accuracy EF 
[0.8131868131868132, 0.8131868131868132, 0.8461538461538461, 0.8241758241758241, 0.8131868131868132, 0.8131868131868132, 0.7912087912087912]
2019-08-31 11:58:31,107 INFO Matrix Confusion EF 
[[array([[32,  9],
       [ 8, 42]]), array([[34,  7],
       [10, 40]]), array([[36,  5],
       [ 9, 41]]), array([[35,  6],
       [11, 39]]), array([[34,  7],
       [10, 40]]), array([[33,  8],
       [ 9, 41]]), array([[33,  8],
       [10, 40]])], [array([[32,  9],
       [ 8, 42]]), array([[34,  7],
       [10, 40]]), array([[36,  5],
       [10, 40]]), array([[35,  6],
       [11, 39]]), array([[33,  8],
       [10, 40]]), array([[33,  8],
       [ 9, 41]]), array([[33,  8],
       [11, 39]])], [array([[32,  9],
       [ 8, 42]]), array([[34,  7],
       [10, 40]]), array([[36,  5],
       [ 9, 41]]), array([[36,  5],
       [11, 39]]), array([[34,  7],
       [10, 40]]), array([[33,  8],
       [ 9, 41]]), array([[33,  8],
       [11, 39]])]]
2019-08-31 11:58:31,107 INFO N arvores para o RF 13
2019-08-31 11:58:31,117 INFO Acuracia = 0.8241758241758241
2019-08-31 11:58:31,117 INFO Matriz de confusao 
[[33  8]
 [ 8 42]]
2019-08-31 11:58:31,117 INFO N arvores para o RF 78
2019-08-31 11:58:31,165 INFO Acuracia = 0.8131868131868132
2019-08-31 11:58:31,165 INFO Matriz de confusao 
[[34  7]
 [10 40]]
2019-08-31 11:58:31,165 INFO N arvores para o RF 286
2019-08-31 11:58:31,333 INFO Acuracia = 0.8461538461538461
2019-08-31 11:58:31,333 INFO Matriz de confusao 
[[37  4]
 [10 40]]
2019-08-31 11:58:31,333 INFO N arvores para o RF 715
2019-08-31 11:58:31,749 INFO Acuracia = 0.8461538461538461
2019-08-31 11:58:31,749 INFO Matriz de confusao 
[[37  4]
 [10 40]]
2019-08-31 11:58:31,749 INFO N arvores para o RF 1287
2019-08-31 11:58:32,478 INFO Acuracia = 0.8571428571428571
2019-08-31 11:58:32,478 INFO Matriz de confusao 
[[37  4]
 [ 9 41]]
2019-08-31 11:58:32,479 INFO N arvores para o RF 1716
2019-08-31 11:58:33,468 INFO Acuracia = 0.8571428571428571
2019-08-31 11:58:33,468 INFO Matriz de confusao 
[[35  6]
 [ 7 43]]
2019-08-31 11:58:33,470 INFO N arvores para o RF 1716
2019-08-31 11:58:34,432 INFO Acuracia = 0.8571428571428571
2019-08-31 11:58:34,432 INFO Matriz de confusao 
[[37  4]
 [ 9 41]]
2019-08-31 11:58:34,434 INFO Accuracy RF 
[0.8241758241758241, 0.8131868131868132, 0.8461538461538461, 0.8461538461538461, 0.8571428571428571, 0.8571428571428571, 0.8571428571428571]
2019-08-31 11:58:34,435 INFO Matrix Confusion RF 
[[array([[32,  9],
       [ 8, 42]]), array([[35,  6],
       [ 9, 41]]), array([[36,  5],
       [ 9, 41]]), array([[36,  5],
       [ 7, 43]]), array([[37,  4],
       [ 8, 42]]), array([[36,  5],
       [ 9, 41]]), array([[37,  4],
       [ 9, 41]])], [array([[34,  7],
       [ 8, 42]]), array([[32,  9],
       [ 8, 42]]), array([[35,  6],
       [10, 40]]), array([[36,  5],
       [10, 40]]), array([[36,  5],
       [ 9, 41]]), array([[36,  5],
       [ 9, 41]]), array([[35,  6],
       [ 8, 42]])], [array([[33,  8],
       [ 8, 42]]), array([[34,  7],
       [10, 40]]), array([[37,  4],
       [10, 40]]), array([[37,  4],
       [10, 40]]), array([[37,  4],
       [ 9, 41]]), array([[35,  6],
       [ 7, 43]]), array([[37,  4],
       [ 9, 41]])]]
2019-08-31 11:58:34,436 INFO N Media Interations = 4
2019-08-31 11:58:34,436 INFO Execucao EF 1
2019-08-31 11:58:34,482 INFO Acuracia = 0.8131868131868132
2019-08-31 11:58:34,482 INFO Matriz de confusao 
[[32  9]
 [ 8 42]]
2019-08-31 11:58:34,482 INFO Execucao EF 2
2019-08-31 11:58:34,728 INFO Acuracia = 0.8131868131868132
2019-08-31 11:58:34,728 INFO Matriz de confusao 
[[34  7]
 [10 40]]
2019-08-31 11:58:34,728 INFO Execucao EF 3
2019-08-31 11:58:35,646 INFO Acuracia = 0.8461538461538461
2019-08-31 11:58:35,646 INFO Matriz de confusao 
[[36  5]
 [ 9 41]]
2019-08-31 11:58:35,647 INFO Execucao EF 4
2019-08-31 11:58:38,060 INFO Acuracia = 0.8241758241758241
2019-08-31 11:58:38,060 INFO Matriz de confusao 
[[36  5]
 [11 39]]
2019-08-31 11:58:38,061 INFO Execucao EF 5
2019-08-31 11:58:42,585 INFO Acuracia = 0.8131868131868132
2019-08-31 11:58:42,585 INFO Matriz de confusao 
[[34  7]
 [10 40]]
2019-08-31 11:58:42,586 INFO Execucao EF 6
2019-08-31 11:58:48,598 INFO Acuracia = 0.8131868131868132
2019-08-31 11:58:48,598 INFO Matriz de confusao 
[[33  8]
 [ 9 41]]
2019-08-31 11:58:48,600 INFO Execucao EF 7
2019-08-31 11:58:54,813 INFO Acuracia = 0.7912087912087912
2019-08-31 11:58:54,813 INFO Matriz de confusao 
[[33  8]
 [11 39]]
2019-08-31 11:58:54,814 INFO Accuracy EF 
[0.8131868131868132, 0.8131868131868132, 0.8461538461538461, 0.8241758241758241, 0.8131868131868132, 0.8131868131868132, 0.7912087912087912]
2019-08-31 11:58:54,815 INFO Matrix Confusion EF 
[[array([[32,  9],
       [ 8, 42]]), array([[34,  7],
       [10, 40]]), array([[36,  5],
       [ 9, 41]]), array([[35,  6],
       [11, 39]]), array([[34,  7],
       [10, 40]]), array([[33,  8],
       [ 9, 41]]), array([[33,  8],
       [10, 40]])], [array([[32,  9],
       [ 8, 42]]), array([[34,  7],
       [10, 40]]), array([[36,  5],
       [10, 40]]), array([[35,  6],
       [11, 39]]), array([[33,  8],
       [10, 40]]), array([[33,  8],
       [ 9, 41]]), array([[33,  8],
       [11, 39]])], [array([[32,  9],
       [ 8, 42]]), array([[34,  7],
       [10, 40]]), array([[36,  5],
       [ 9, 41]]), array([[36,  5],
       [11, 39]]), array([[34,  7],
       [10, 40]]), array([[33,  8],
       [ 9, 41]]), array([[33,  8],
       [11, 39]])], [array([[32,  9],
       [ 8, 42]]), array([[34,  7],
       [10, 40]]), array([[36,  5],
       [ 9, 41]]), array([[36,  5],
       [11, 39]]), array([[34,  7],
       [10, 40]]), array([[33,  8],
       [ 9, 41]]), array([[33,  8],
       [11, 39]])]]
2019-08-31 11:58:54,815 INFO N arvores para o RF 13
2019-08-31 11:58:54,826 INFO Acuracia = 0.8021978021978022
2019-08-31 11:58:54,826 INFO Matriz de confusao 
[[33  8]
 [10 40]]
2019-08-31 11:58:54,826 INFO N arvores para o RF 78
2019-08-31 11:58:54,874 INFO Acuracia = 0.8791208791208791
2019-08-31 11:58:54,874 INFO Matriz de confusao 
[[36  5]
 [ 6 44]]
2019-08-31 11:58:54,874 INFO N arvores para o RF 286
2019-08-31 11:58:55,042 INFO Acuracia = 0.8571428571428571
2019-08-31 11:58:55,042 INFO Matriz de confusao 
[[36  5]
 [ 8 42]]
2019-08-31 11:58:55,043 INFO N arvores para o RF 715
2019-08-31 11:58:55,458 INFO Acuracia = 0.8461538461538461
2019-08-31 11:58:55,458 INFO Matriz de confusao 
[[35  6]
 [ 8 42]]
2019-08-31 11:58:55,458 INFO N arvores para o RF 1287
2019-08-31 11:58:56,206 INFO Acuracia = 0.8461538461538461
2019-08-31 11:58:56,206 INFO Matriz de confusao 
[[36  5]
 [ 9 41]]
2019-08-31 11:58:56,207 INFO N arvores para o RF 1716
2019-08-31 11:58:57,189 INFO Acuracia = 0.8791208791208791
2019-08-31 11:58:57,189 INFO Matriz de confusao 
[[37  4]
 [ 7 43]]
2019-08-31 11:58:57,190 INFO N arvores para o RF 1716
2019-08-31 11:58:58,172 INFO Acuracia = 0.8681318681318682
2019-08-31 11:58:58,172 INFO Matriz de confusao 
[[37  4]
 [ 8 42]]
2019-08-31 11:58:58,173 INFO Accuracy RF 
[0.8021978021978022, 0.8791208791208791, 0.8571428571428571, 0.8461538461538461, 0.8461538461538461, 0.8791208791208791, 0.8681318681318682]
2019-08-31 11:58:58,174 INFO Matrix Confusion RF 
[[array([[32,  9],
       [ 8, 42]]), array([[35,  6],
       [ 9, 41]]), array([[36,  5],
       [ 9, 41]]), array([[36,  5],
       [ 7, 43]]), array([[37,  4],
       [ 8, 42]]), array([[36,  5],
       [ 9, 41]]), array([[37,  4],
       [ 9, 41]])], [array([[34,  7],
       [ 8, 42]]), array([[32,  9],
       [ 8, 42]]), array([[35,  6],
       [10, 40]]), array([[36,  5],
       [10, 40]]), array([[36,  5],
       [ 9, 41]]), array([[36,  5],
       [ 9, 41]]), array([[35,  6],
       [ 8, 42]])], [array([[33,  8],
       [ 8, 42]]), array([[34,  7],
       [10, 40]]), array([[37,  4],
       [10, 40]]), array([[37,  4],
       [10, 40]]), array([[37,  4],
       [ 9, 41]]), array([[35,  6],
       [ 7, 43]]), array([[37,  4],
       [ 9, 41]])], [array([[33,  8],
       [10, 40]]), array([[36,  5],
       [ 6, 44]]), array([[36,  5],
       [ 8, 42]]), array([[35,  6],
       [ 8, 42]]), array([[36,  5],
       [ 9, 41]]), array([[37,  4],
       [ 7, 43]]), array([[37,  4],
       [ 8, 42]])]]
2019-08-31 11:58:58,176 INFO N Media Interations = 5
2019-08-31 11:58:58,176 INFO Execucao EF 1
2019-08-31 11:58:58,224 INFO Acuracia = 0.8131868131868132
2019-08-31 11:58:58,224 INFO Matriz de confusao 
[[32  9]
 [ 8 42]]
2019-08-31 11:58:58,224 INFO Execucao EF 2
2019-08-31 11:58:58,483 INFO Acuracia = 0.8131868131868132
2019-08-31 11:58:58,483 INFO Matriz de confusao 
[[34  7]
 [10 40]]
2019-08-31 11:58:58,483 INFO Execucao EF 3
2019-08-31 11:58:59,444 INFO Acuracia = 0.8351648351648352
2019-08-31 11:58:59,445 INFO Matriz de confusao 
[[36  5]
 [10 40]]
2019-08-31 11:58:59,445 INFO Execucao EF 4
2019-08-31 11:59:01,935 INFO Acuracia = 0.8131868131868132
2019-08-31 11:59:01,935 INFO Matriz de confusao 
[[35  6]
 [11 39]]
2019-08-31 11:59:01,936 INFO Execucao EF 5
2019-08-31 11:59:06,564 INFO Acuracia = 0.8131868131868132
2019-08-31 11:59:06,564 INFO Matriz de confusao 
[[34  7]
 [10 40]]
2019-08-31 11:59:06,565 INFO Execucao EF 6
2019-08-31 11:59:12,891 INFO Acuracia = 0.8021978021978022
2019-08-31 11:59:12,891 INFO Matriz de confusao 
[[33  8]
 [10 40]]
2019-08-31 11:59:12,892 INFO Execucao EF 7
2019-08-31 11:59:19,356 INFO Acuracia = 0.7912087912087912
2019-08-31 11:59:19,356 INFO Matriz de confusao 
[[33  8]
 [11 39]]
2019-08-31 11:59:19,357 INFO Accuracy EF 
[0.8131868131868132, 0.8131868131868132, 0.8351648351648352, 0.8131868131868132, 0.8131868131868132, 0.8021978021978022, 0.7912087912087912]
2019-08-31 11:59:19,358 INFO Matrix Confusion EF 
[[array([[32,  9],
       [ 8, 42]]), array([[34,  7],
       [10, 40]]), array([[36,  5],
       [ 9, 41]]), array([[35,  6],
       [11, 39]]), array([[34,  7],
       [10, 40]]), array([[33,  8],
       [ 9, 41]]), array([[33,  8],
       [10, 40]])], [array([[32,  9],
       [ 8, 42]]), array([[34,  7],
       [10, 40]]), array([[36,  5],
       [10, 40]]), array([[35,  6],
       [11, 39]]), array([[33,  8],
       [10, 40]]), array([[33,  8],
       [ 9, 41]]), array([[33,  8],
       [11, 39]])], [array([[32,  9],
       [ 8, 42]]), array([[34,  7],
       [10, 40]]), array([[36,  5],
       [ 9, 41]]), array([[36,  5],
       [11, 39]]), array([[34,  7],
       [10, 40]]), array([[33,  8],
       [ 9, 41]]), array([[33,  8],
       [11, 39]])], [array([[32,  9],
       [ 8, 42]]), array([[34,  7],
       [10, 40]]), array([[36,  5],
       [ 9, 41]]), array([[36,  5],
       [11, 39]]), array([[34,  7],
       [10, 40]]), array([[33,  8],
       [ 9, 41]]), array([[33,  8],
       [11, 39]])], [array([[32,  9],
       [ 8, 42]]), array([[34,  7],
       [10, 40]]), array([[36,  5],
       [10, 40]]), array([[35,  6],
       [11, 39]]), array([[34,  7],
       [10, 40]]), array([[33,  8],
       [10, 40]]), array([[33,  8],
       [11, 39]])]]
2019-08-31 11:59:19,358 INFO N arvores para o RF 13
2019-08-31 11:59:19,368 INFO Acuracia = 0.7912087912087912
2019-08-31 11:59:19,369 INFO Matriz de confusao 
[[36  5]
 [14 36]]
2019-08-31 11:59:19,369 INFO N arvores para o RF 78
2019-08-31 11:59:19,415 INFO Acuracia = 0.8461538461538461
2019-08-31 11:59:19,416 INFO Matriz de confusao 
[[36  5]
 [ 9 41]]
2019-08-31 11:59:19,416 INFO N arvores para o RF 286
2019-08-31 11:59:19,582 INFO Acuracia = 0.8571428571428571
2019-08-31 11:59:19,582 INFO Matriz de confusao 
[[37  4]
 [ 9 41]]
2019-08-31 11:59:19,582 INFO N arvores para o RF 715
2019-08-31 11:59:19,990 INFO Acuracia = 0.8461538461538461
2019-08-31 11:59:19,990 INFO Matriz de confusao 
[[36  5]
 [ 9 41]]
2019-08-31 11:59:19,991 INFO N arvores para o RF 1287
2019-08-31 11:59:20,719 INFO Acuracia = 0.8571428571428571
2019-08-31 11:59:20,719 INFO Matriz de confusao 
[[37  4]
 [ 9 41]]
2019-08-31 11:59:20,720 INFO N arvores para o RF 1716
2019-08-31 11:59:21,715 INFO Acuracia = 0.8791208791208791
2019-08-31 11:59:21,715 INFO Matriz de confusao 
[[37  4]
 [ 7 43]]
2019-08-31 11:59:21,716 INFO N arvores para o RF 1716
2019-08-31 11:59:22,694 INFO Acuracia = 0.8571428571428571
2019-08-31 11:59:22,694 INFO Matriz de confusao 
[[37  4]
 [ 9 41]]
2019-08-31 11:59:22,695 INFO Accuracy RF 
[0.7912087912087912, 0.8461538461538461, 0.8571428571428571, 0.8461538461538461, 0.8571428571428571, 0.8791208791208791, 0.8571428571428571]
2019-08-31 11:59:22,696 INFO Matrix Confusion RF 
[[array([[32,  9],
       [ 8, 42]]), array([[35,  6],
       [ 9, 41]]), array([[36,  5],
       [ 9, 41]]), array([[36,  5],
       [ 7, 43]]), array([[37,  4],
       [ 8, 42]]), array([[36,  5],
       [ 9, 41]]), array([[37,  4],
       [ 9, 41]])], [array([[34,  7],
       [ 8, 42]]), array([[32,  9],
       [ 8, 42]]), array([[35,  6],
       [10, 40]]), array([[36,  5],
       [10, 40]]), array([[36,  5],
       [ 9, 41]]), array([[36,  5],
       [ 9, 41]]), array([[35,  6],
       [ 8, 42]])], [array([[33,  8],
       [ 8, 42]]), array([[34,  7],
       [10, 40]]), array([[37,  4],
       [10, 40]]), array([[37,  4],
       [10, 40]]), array([[37,  4],
       [ 9, 41]]), array([[35,  6],
       [ 7, 43]]), array([[37,  4],
       [ 9, 41]])], [array([[33,  8],
       [10, 40]]), array([[36,  5],
       [ 6, 44]]), array([[36,  5],
       [ 8, 42]]), array([[35,  6],
       [ 8, 42]]), array([[36,  5],
       [ 9, 41]]), array([[37,  4],
       [ 7, 43]]), array([[37,  4],
       [ 8, 42]])], [array([[36,  5],
       [14, 36]]), array([[36,  5],
       [ 9, 41]]), array([[37,  4],
       [ 9, 41]]), array([[36,  5],
       [ 9, 41]]), array([[37,  4],
       [ 9, 41]]), array([[37,  4],
       [ 7, 43]]), array([[37,  4],
       [ 9, 41]])]]
