2019-08-30 16:57:10,076 INFO N Media Interations = 1
2019-08-30 16:57:10,076 INFO Execucao EF 1
2019-08-30 16:57:10,113 INFO Acuracia = 0.8461538461538461
2019-08-30 16:57:10,113 INFO Matriz de confusao 
[[31 10]
 [ 4 46]]
2019-08-30 16:57:10,113 INFO Execucao EF 2
2019-08-30 16:57:10,310 INFO Acuracia = 0.8461538461538461
2019-08-30 16:57:10,310 INFO Matriz de confusao 
[[34  7]
 [ 7 43]]
2019-08-30 16:57:10,310 INFO Execucao EF 3
2019-08-30 16:57:11,027 INFO Acuracia = 0.8131868131868132
2019-08-30 16:57:11,027 INFO Matriz de confusao 
[[34  7]
 [10 40]]
2019-08-30 16:57:11,027 INFO Execucao EF 4
2019-08-30 16:57:12,868 INFO Acuracia = 0.8021978021978022
2019-08-30 16:57:12,868 INFO Matriz de confusao 
[[34  7]
 [11 39]]
2019-08-30 16:57:12,868 INFO Execucao EF 5
2019-08-30 16:57:16,300 INFO Acuracia = 0.8241758241758241
2019-08-30 16:57:16,300 INFO Matriz de confusao 
[[34  7]
 [ 9 41]]
2019-08-30 16:57:16,300 INFO Execucao EF 6
2019-08-30 16:57:20,967 INFO Acuracia = 0.8351648351648352
2019-08-30 16:57:20,967 INFO Matriz de confusao 
[[34  7]
 [ 8 42]]
2019-08-30 16:57:20,968 INFO Execucao EF 7
2019-08-30 16:57:25,766 INFO Acuracia = 0.8131868131868132
2019-08-30 16:57:25,767 INFO Matriz de confusao 
[[34  7]
 [10 40]]
2019-08-30 16:57:25,767 INFO Accuracy EF 
[0.8461538461538461, 0.8461538461538461, 0.8131868131868132, 0.8021978021978022, 0.8241758241758241, 0.8351648351648352, 0.8131868131868132]
2019-08-30 16:57:25,768 INFO Matrix Confusion EF 
[[array([[31, 10],
       [ 4, 46]]), array([[34,  7],
       [ 7, 43]]), array([[34,  7],
       [10, 40]]), array([[34,  7],
       [11, 39]]), array([[34,  7],
       [ 9, 41]]), array([[34,  7],
       [ 8, 42]]), array([[34,  7],
       [10, 40]])]]
2019-08-30 16:57:25,768 INFO N arvores para o RF 13
2019-08-30 16:57:25,777 INFO Acuracia = 0.8021978021978022
2019-08-30 16:57:25,777 INFO Matriz de confusao 
[[31 10]
 [ 8 42]]
2019-08-30 16:57:25,777 INFO N arvores para o RF 78
2019-08-30 16:57:25,822 INFO Acuracia = 0.8571428571428571
2019-08-30 16:57:25,822 INFO Matriz de confusao 
[[35  6]
 [ 7 43]]
2019-08-30 16:57:25,822 INFO N arvores para o RF 286
2019-08-30 16:57:25,978 INFO Acuracia = 0.8241758241758241
2019-08-30 16:57:25,979 INFO Matriz de confusao 
[[34  7]
 [ 9 41]]
2019-08-30 16:57:25,979 INFO N arvores para o RF 715
2019-08-30 16:57:26,362 INFO Acuracia = 0.8681318681318682
2019-08-30 16:57:26,362 INFO Matriz de confusao 
[[35  6]
 [ 6 44]]
2019-08-30 16:57:26,362 INFO N arvores para o RF 1287
2019-08-30 16:57:27,049 INFO Acuracia = 0.8241758241758241
2019-08-30 16:57:27,049 INFO Matriz de confusao 
[[34  7]
 [ 9 41]]
2019-08-30 16:57:27,050 INFO N arvores para o RF 1716
2019-08-30 16:57:27,963 INFO Acuracia = 0.8461538461538461
2019-08-30 16:57:27,964 INFO Matriz de confusao 
[[35  6]
 [ 8 42]]
2019-08-30 16:57:27,964 INFO N arvores para o RF 1716
2019-08-30 16:57:28,877 INFO Acuracia = 0.8351648351648352
2019-08-30 16:57:28,877 INFO Matriz de confusao 
[[35  6]
 [ 9 41]]
2019-08-30 16:57:28,878 INFO Accuracy RF 
[0.8021978021978022, 0.8571428571428571, 0.8241758241758241, 0.8681318681318682, 0.8241758241758241, 0.8461538461538461, 0.8351648351648352]
2019-08-30 16:57:28,878 INFO Matrix Confusion RF 
[[array([[31, 10],
       [ 8, 42]]), array([[35,  6],
       [ 7, 43]]), array([[34,  7],
       [ 9, 41]]), array([[35,  6],
       [ 6, 44]]), array([[34,  7],
       [ 9, 41]]), array([[35,  6],
       [ 8, 42]]), array([[35,  6],
       [ 9, 41]])]]
2019-08-30 16:57:28,880 INFO N Media Interations = 2
2019-08-30 16:57:28,880 INFO Execucao EF 1
2019-08-30 16:57:28,918 INFO Acuracia = 0.8461538461538461
2019-08-30 16:57:28,919 INFO Matriz de confusao 
[[31 10]
 [ 4 46]]
2019-08-30 16:57:28,919 INFO Execucao EF 2
2019-08-30 16:57:29,126 INFO Acuracia = 0.8461538461538461
2019-08-30 16:57:29,126 INFO Matriz de confusao 
[[34  7]
 [ 7 43]]
2019-08-30 16:57:29,126 INFO Execucao EF 3
2019-08-30 16:57:29,892 INFO Acuracia = 0.8131868131868132
2019-08-30 16:57:29,892 INFO Matriz de confusao 
[[34  7]
 [10 40]]
2019-08-30 16:57:29,892 INFO Execucao EF 4
2019-08-30 16:57:31,873 INFO Acuracia = 0.8021978021978022
2019-08-30 16:57:31,873 INFO Matriz de confusao 
[[34  7]
 [11 39]]
2019-08-30 16:57:31,874 INFO Execucao EF 5
2019-08-30 16:57:35,618 INFO Acuracia = 0.8241758241758241
2019-08-30 16:57:35,618 INFO Matriz de confusao 
[[34  7]
 [ 9 41]]
2019-08-30 16:57:35,619 INFO Execucao EF 6
2019-08-30 16:57:40,683 INFO Acuracia = 0.8351648351648352
2019-08-30 16:57:40,683 INFO Matriz de confusao 
[[34  7]
 [ 8 42]]
2019-08-30 16:57:40,684 INFO Execucao EF 7
2019-08-30 16:57:45,890 INFO Acuracia = 0.8131868131868132
2019-08-30 16:57:45,890 INFO Matriz de confusao 
[[34  7]
 [10 40]]
2019-08-30 16:57:45,891 INFO Accuracy EF 
[0.8461538461538461, 0.8461538461538461, 0.8131868131868132, 0.8021978021978022, 0.8241758241758241, 0.8351648351648352, 0.8131868131868132]
2019-08-30 16:57:45,892 INFO Matrix Confusion EF 
[[array([[31, 10],
       [ 4, 46]]), array([[34,  7],
       [ 7, 43]]), array([[34,  7],
       [10, 40]]), array([[34,  7],
       [11, 39]]), array([[34,  7],
       [ 9, 41]]), array([[34,  7],
       [ 8, 42]]), array([[34,  7],
       [10, 40]])], [array([[31, 10],
       [ 4, 46]]), array([[34,  7],
       [ 7, 43]]), array([[34,  7],
       [10, 40]]), array([[34,  7],
       [11, 39]]), array([[34,  7],
       [ 9, 41]]), array([[34,  7],
       [ 8, 42]]), array([[34,  7],
       [10, 40]])]]
2019-08-30 16:57:45,892 INFO N arvores para o RF 13
2019-08-30 16:57:45,902 INFO Acuracia = 0.8351648351648352
2019-08-30 16:57:45,902 INFO Matriz de confusao 
[[32  9]
 [ 6 44]]
2019-08-30 16:57:45,902 INFO N arvores para o RF 78
2019-08-30 16:57:45,948 INFO Acuracia = 0.8241758241758241
2019-08-30 16:57:45,948 INFO Matriz de confusao 
[[34  7]
 [ 9 41]]
2019-08-30 16:57:45,948 INFO N arvores para o RF 286
2019-08-30 16:57:46,110 INFO Acuracia = 0.8241758241758241
2019-08-30 16:57:46,111 INFO Matriz de confusao 
[[34  7]
 [ 9 41]]
2019-08-30 16:57:46,111 INFO N arvores para o RF 715
2019-08-30 16:57:46,507 INFO Acuracia = 0.8351648351648352
2019-08-30 16:57:46,507 INFO Matriz de confusao 
[[35  6]
 [ 9 41]]
2019-08-30 16:57:46,507 INFO N arvores para o RF 1287
2019-08-30 16:57:47,207 INFO Acuracia = 0.8351648351648352
2019-08-30 16:57:47,207 INFO Matriz de confusao 
[[34  7]
 [ 8 42]]
2019-08-30 16:57:47,207 INFO N arvores para o RF 1716
2019-08-30 16:57:48,126 INFO Acuracia = 0.8461538461538461
2019-08-30 16:57:48,126 INFO Matriz de confusao 
[[35  6]
 [ 8 42]]
2019-08-30 16:57:48,127 INFO N arvores para o RF 1716
2019-08-30 16:57:49,054 INFO Acuracia = 0.8461538461538461
2019-08-30 16:57:49,054 INFO Matriz de confusao 
[[34  7]
 [ 7 43]]
2019-08-30 16:57:49,055 INFO Accuracy RF 
[0.8351648351648352, 0.8241758241758241, 0.8241758241758241, 0.8351648351648352, 0.8351648351648352, 0.8461538461538461, 0.8461538461538461]
2019-08-30 16:57:49,056 INFO Matrix Confusion RF 
[[array([[31, 10],
       [ 8, 42]]), array([[35,  6],
       [ 7, 43]]), array([[34,  7],
       [ 9, 41]]), array([[35,  6],
       [ 6, 44]]), array([[34,  7],
       [ 9, 41]]), array([[35,  6],
       [ 8, 42]]), array([[35,  6],
       [ 9, 41]])], [array([[32,  9],
       [ 6, 44]]), array([[34,  7],
       [ 9, 41]]), array([[34,  7],
       [ 9, 41]]), array([[35,  6],
       [ 9, 41]]), array([[34,  7],
       [ 8, 42]]), array([[35,  6],
       [ 8, 42]]), array([[34,  7],
       [ 7, 43]])]]
2019-08-30 16:57:49,057 INFO N Media Interations = 3
2019-08-30 16:57:49,057 INFO Execucao EF 1
2019-08-30 16:57:49,098 INFO Acuracia = 0.8461538461538461
2019-08-30 16:57:49,098 INFO Matriz de confusao 
[[31 10]
 [ 4 46]]
2019-08-30 16:57:49,098 INFO Execucao EF 2
2019-08-30 16:57:49,318 INFO Acuracia = 0.8461538461538461
2019-08-30 16:57:49,318 INFO Matriz de confusao 
[[34  7]
 [ 7 43]]
2019-08-30 16:57:49,318 INFO Execucao EF 3
2019-08-30 16:57:50,144 INFO Acuracia = 0.8131868131868132
2019-08-30 16:57:50,144 INFO Matriz de confusao 
[[34  7]
 [10 40]]
2019-08-30 16:57:50,144 INFO Execucao EF 4
2019-08-30 16:57:52,239 INFO Acuracia = 0.8021978021978022
2019-08-30 16:57:52,239 INFO Matriz de confusao 
[[34  7]
 [11 39]]
2019-08-30 16:57:52,240 INFO Execucao EF 5
2019-08-30 16:57:56,141 INFO Acuracia = 0.8241758241758241
2019-08-30 16:57:56,141 INFO Matriz de confusao 
[[34  7]
 [ 9 41]]
2019-08-30 16:57:56,142 INFO Execucao EF 6
2019-08-30 16:58:01,461 INFO Acuracia = 0.8351648351648352
2019-08-30 16:58:01,461 INFO Matriz de confusao 
[[34  7]
 [ 8 42]]
2019-08-30 16:58:01,462 INFO Execucao EF 7
2019-08-30 16:58:06,841 INFO Acuracia = 0.8131868131868132
2019-08-30 16:58:06,841 INFO Matriz de confusao 
[[34  7]
 [10 40]]
2019-08-30 16:58:06,842 INFO Accuracy EF 
[0.8461538461538461, 0.8461538461538461, 0.8131868131868132, 0.8021978021978022, 0.8241758241758241, 0.8351648351648352, 0.8131868131868132]
2019-08-30 16:58:06,843 INFO Matrix Confusion EF 
[[array([[31, 10],
       [ 4, 46]]), array([[34,  7],
       [ 7, 43]]), array([[34,  7],
       [10, 40]]), array([[34,  7],
       [11, 39]]), array([[34,  7],
       [ 9, 41]]), array([[34,  7],
       [ 8, 42]]), array([[34,  7],
       [10, 40]])], [array([[31, 10],
       [ 4, 46]]), array([[34,  7],
       [ 7, 43]]), array([[34,  7],
       [10, 40]]), array([[34,  7],
       [11, 39]]), array([[34,  7],
       [ 9, 41]]), array([[34,  7],
       [ 8, 42]]), array([[34,  7],
       [10, 40]])], [array([[31, 10],
       [ 4, 46]]), array([[34,  7],
       [ 7, 43]]), array([[34,  7],
       [10, 40]]), array([[34,  7],
       [11, 39]]), array([[34,  7],
       [ 9, 41]]), array([[34,  7],
       [ 8, 42]]), array([[34,  7],
       [10, 40]])]]
2019-08-30 16:58:06,843 INFO N arvores para o RF 13
2019-08-30 16:58:06,852 INFO Acuracia = 0.7912087912087912
2019-08-30 16:58:06,852 INFO Matriz de confusao 
[[33  8]
 [11 39]]
2019-08-30 16:58:06,852 INFO N arvores para o RF 78
2019-08-30 16:58:06,898 INFO Acuracia = 0.8571428571428571
2019-08-30 16:58:06,898 INFO Matriz de confusao 
[[34  7]
 [ 6 44]]
2019-08-30 16:58:06,899 INFO N arvores para o RF 286
2019-08-30 16:58:07,056 INFO Acuracia = 0.8351648351648352
2019-08-30 16:58:07,056 INFO Matriz de confusao 
[[35  6]
 [ 9 41]]
2019-08-30 16:58:07,057 INFO N arvores para o RF 715
2019-08-30 16:58:07,443 INFO Acuracia = 0.8461538461538461
2019-08-30 16:58:07,443 INFO Matriz de confusao 
[[35  6]
 [ 8 42]]
2019-08-30 16:58:07,443 INFO N arvores para o RF 1287
2019-08-30 16:58:08,140 INFO Acuracia = 0.8461538461538461
2019-08-30 16:58:08,140 INFO Matriz de confusao 
[[34  7]
 [ 7 43]]
2019-08-30 16:58:08,141 INFO N arvores para o RF 1716
2019-08-30 16:58:09,077 INFO Acuracia = 0.8351648351648352
2019-08-30 16:58:09,077 INFO Matriz de confusao 
[[35  6]
 [ 9 41]]
2019-08-30 16:58:09,078 INFO N arvores para o RF 1716
2019-08-30 16:58:10,007 INFO Acuracia = 0.8681318681318682
2019-08-30 16:58:10,007 INFO Matriz de confusao 
[[35  6]
 [ 6 44]]
2019-08-30 16:58:10,008 INFO Accuracy RF 
[0.7912087912087912, 0.8571428571428571, 0.8351648351648352, 0.8461538461538461, 0.8461538461538461, 0.8351648351648352, 0.8681318681318682]
2019-08-30 16:58:10,009 INFO Matrix Confusion RF 
[[array([[31, 10],
       [ 8, 42]]), array([[35,  6],
       [ 7, 43]]), array([[34,  7],
       [ 9, 41]]), array([[35,  6],
       [ 6, 44]]), array([[34,  7],
       [ 9, 41]]), array([[35,  6],
       [ 8, 42]]), array([[35,  6],
       [ 9, 41]])], [array([[32,  9],
       [ 6, 44]]), array([[34,  7],
       [ 9, 41]]), array([[34,  7],
       [ 9, 41]]), array([[35,  6],
       [ 9, 41]]), array([[34,  7],
       [ 8, 42]]), array([[35,  6],
       [ 8, 42]]), array([[34,  7],
       [ 7, 43]])], [array([[33,  8],
       [11, 39]]), array([[34,  7],
       [ 6, 44]]), array([[35,  6],
       [ 9, 41]]), array([[35,  6],
       [ 8, 42]]), array([[34,  7],
       [ 7, 43]]), array([[35,  6],
       [ 9, 41]]), array([[35,  6],
       [ 6, 44]])]]
2019-08-30 16:58:10,010 INFO N Media Interations = 4
2019-08-30 16:58:10,010 INFO Execucao EF 1
2019-08-30 16:58:10,054 INFO Acuracia = 0.8461538461538461
2019-08-30 16:58:10,055 INFO Matriz de confusao 
[[31 10]
 [ 4 46]]
2019-08-30 16:58:10,055 INFO Execucao EF 2
2019-08-30 16:58:10,291 INFO Acuracia = 0.8461538461538461
2019-08-30 16:58:10,291 INFO Matriz de confusao 
[[34  7]
 [ 7 43]]
2019-08-30 16:58:10,291 INFO Execucao EF 3
2019-08-30 16:58:11,159 INFO Acuracia = 0.8131868131868132
2019-08-30 16:58:11,160 INFO Matriz de confusao 
[[34  7]
 [10 40]]
2019-08-30 16:58:11,160 INFO Execucao EF 4
2019-08-30 16:58:13,339 INFO Acuracia = 0.8021978021978022
2019-08-30 16:58:13,340 INFO Matriz de confusao 
[[34  7]
 [11 39]]
2019-08-30 16:58:13,340 INFO Execucao EF 5
2019-08-30 16:58:17,358 INFO Acuracia = 0.8241758241758241
2019-08-30 16:58:17,358 INFO Matriz de confusao 
[[34  7]
 [ 9 41]]
2019-08-30 16:58:17,359 INFO Execucao EF 6
2019-08-30 16:58:22,919 INFO Acuracia = 0.8241758241758241
2019-08-30 16:58:22,920 INFO Matriz de confusao 
[[34  7]
 [ 9 41]]
2019-08-30 16:58:22,920 INFO Execucao EF 7
2019-08-30 16:58:28,445 INFO Acuracia = 0.8131868131868132
2019-08-30 16:58:28,445 INFO Matriz de confusao 
[[34  7]
 [10 40]]
2019-08-30 16:58:28,446 INFO Accuracy EF 
[0.8461538461538461, 0.8461538461538461, 0.8131868131868132, 0.8021978021978022, 0.8241758241758241, 0.8241758241758241, 0.8131868131868132]
2019-08-30 16:58:28,447 INFO Matrix Confusion EF 
[[array([[31, 10],
       [ 4, 46]]), array([[34,  7],
       [ 7, 43]]), array([[34,  7],
       [10, 40]]), array([[34,  7],
       [11, 39]]), array([[34,  7],
       [ 9, 41]]), array([[34,  7],
       [ 8, 42]]), array([[34,  7],
       [10, 40]])], [array([[31, 10],
       [ 4, 46]]), array([[34,  7],
       [ 7, 43]]), array([[34,  7],
       [10, 40]]), array([[34,  7],
       [11, 39]]), array([[34,  7],
       [ 9, 41]]), array([[34,  7],
       [ 8, 42]]), array([[34,  7],
       [10, 40]])], [array([[31, 10],
       [ 4, 46]]), array([[34,  7],
       [ 7, 43]]), array([[34,  7],
       [10, 40]]), array([[34,  7],
       [11, 39]]), array([[34,  7],
       [ 9, 41]]), array([[34,  7],
       [ 8, 42]]), array([[34,  7],
       [10, 40]])], [array([[31, 10],
       [ 4, 46]]), array([[34,  7],
       [ 7, 43]]), array([[34,  7],
       [10, 40]]), array([[34,  7],
       [11, 39]]), array([[34,  7],
       [ 9, 41]]), array([[34,  7],
       [ 9, 41]]), array([[34,  7],
       [10, 40]])]]
2019-08-30 16:58:28,447 INFO N arvores para o RF 13
2019-08-30 16:58:28,457 INFO Acuracia = 0.8131868131868132
2019-08-30 16:58:28,457 INFO Matriz de confusao 
[[34  7]
 [10 40]]
2019-08-30 16:58:28,457 INFO N arvores para o RF 78
2019-08-30 16:58:28,502 INFO Acuracia = 0.8021978021978022
2019-08-30 16:58:28,502 INFO Matriz de confusao 
[[33  8]
 [10 40]]
2019-08-30 16:58:28,502 INFO N arvores para o RF 286
2019-08-30 16:58:28,657 INFO Acuracia = 0.8571428571428571
2019-08-30 16:58:28,657 INFO Matriz de confusao 
[[34  7]
 [ 6 44]]
2019-08-30 16:58:28,657 INFO N arvores para o RF 715
2019-08-30 16:58:29,039 INFO Acuracia = 0.8351648351648352
2019-08-30 16:58:29,039 INFO Matriz de confusao 
[[33  8]
 [ 7 43]]
2019-08-30 16:58:29,039 INFO N arvores para o RF 1287
2019-08-30 16:58:29,738 INFO Acuracia = 0.8461538461538461
2019-08-30 16:58:29,738 INFO Matriz de confusao 
[[35  6]
 [ 8 42]]
2019-08-30 16:58:29,739 INFO N arvores para o RF 1716
2019-08-30 16:58:30,650 INFO Acuracia = 0.8351648351648352
2019-08-30 16:58:30,650 INFO Matriz de confusao 
[[34  7]
 [ 8 42]]
2019-08-30 16:58:30,651 INFO N arvores para o RF 1716
2019-08-30 16:58:31,560 INFO Acuracia = 0.8461538461538461
2019-08-30 16:58:31,560 INFO Matriz de confusao 
[[34  7]
 [ 7 43]]
2019-08-30 16:58:31,561 INFO Accuracy RF 
[0.8131868131868132, 0.8021978021978022, 0.8571428571428571, 0.8351648351648352, 0.8461538461538461, 0.8351648351648352, 0.8461538461538461]
2019-08-30 16:58:31,562 INFO Matrix Confusion RF 
[[array([[31, 10],
       [ 8, 42]]), array([[35,  6],
       [ 7, 43]]), array([[34,  7],
       [ 9, 41]]), array([[35,  6],
       [ 6, 44]]), array([[34,  7],
       [ 9, 41]]), array([[35,  6],
       [ 8, 42]]), array([[35,  6],
       [ 9, 41]])], [array([[32,  9],
       [ 6, 44]]), array([[34,  7],
       [ 9, 41]]), array([[34,  7],
       [ 9, 41]]), array([[35,  6],
       [ 9, 41]]), array([[34,  7],
       [ 8, 42]]), array([[35,  6],
       [ 8, 42]]), array([[34,  7],
       [ 7, 43]])], [array([[33,  8],
       [11, 39]]), array([[34,  7],
       [ 6, 44]]), array([[35,  6],
       [ 9, 41]]), array([[35,  6],
       [ 8, 42]]), array([[34,  7],
       [ 7, 43]]), array([[35,  6],
       [ 9, 41]]), array([[35,  6],
       [ 6, 44]])], [array([[34,  7],
       [10, 40]]), array([[33,  8],
       [10, 40]]), array([[34,  7],
       [ 6, 44]]), array([[33,  8],
       [ 7, 43]]), array([[35,  6],
       [ 8, 42]]), array([[34,  7],
       [ 8, 42]]), array([[34,  7],
       [ 7, 43]])]]
2019-08-30 16:58:31,563 INFO N Media Interations = 5
2019-08-30 16:58:31,563 INFO Execucao EF 1
2019-08-30 16:58:31,609 INFO Acuracia = 0.8461538461538461
2019-08-30 16:58:31,609 INFO Matriz de confusao 
[[31 10]
 [ 4 46]]
2019-08-30 16:58:31,609 INFO Execucao EF 2
2019-08-30 16:58:31,851 INFO Acuracia = 0.8461538461538461
2019-08-30 16:58:31,851 INFO Matriz de confusao 
[[34  7]
 [ 7 43]]
2019-08-30 16:58:31,851 INFO Execucao EF 3
2019-08-30 16:58:32,725 INFO Acuracia = 0.8131868131868132
2019-08-30 16:58:32,725 INFO Matriz de confusao 
[[34  7]
 [10 40]]
2019-08-30 16:58:32,725 INFO Execucao EF 4
2019-08-30 16:58:35,033 INFO Acuracia = 0.8021978021978022
2019-08-30 16:58:35,033 INFO Matriz de confusao 
[[34  7]
 [11 39]]
2019-08-30 16:58:35,034 INFO Execucao EF 5
2019-08-30 16:58:39,298 INFO Acuracia = 0.8241758241758241
2019-08-30 16:58:39,298 INFO Matriz de confusao 
[[34  7]
 [ 9 41]]
2019-08-30 16:58:39,299 INFO Execucao EF 6
2019-08-30 16:58:45,231 INFO Acuracia = 0.8351648351648352
2019-08-30 16:58:45,231 INFO Matriz de confusao 
[[34  7]
 [ 8 42]]
2019-08-30 16:58:45,232 INFO Execucao EF 7
2019-08-30 16:58:51,123 INFO Acuracia = 0.8021978021978022
2019-08-30 16:58:51,123 INFO Matriz de confusao 
[[34  7]
 [11 39]]
2019-08-30 16:58:51,124 INFO Accuracy EF 
[0.8461538461538461, 0.8461538461538461, 0.8131868131868132, 0.8021978021978022, 0.8241758241758241, 0.8351648351648352, 0.8021978021978022]
2019-08-30 16:58:51,125 INFO Matrix Confusion EF 
[[array([[31, 10],
       [ 4, 46]]), array([[34,  7],
       [ 7, 43]]), array([[34,  7],
       [10, 40]]), array([[34,  7],
       [11, 39]]), array([[34,  7],
       [ 9, 41]]), array([[34,  7],
       [ 8, 42]]), array([[34,  7],
       [10, 40]])], [array([[31, 10],
       [ 4, 46]]), array([[34,  7],
       [ 7, 43]]), array([[34,  7],
       [10, 40]]), array([[34,  7],
       [11, 39]]), array([[34,  7],
       [ 9, 41]]), array([[34,  7],
       [ 8, 42]]), array([[34,  7],
       [10, 40]])], [array([[31, 10],
       [ 4, 46]]), array([[34,  7],
       [ 7, 43]]), array([[34,  7],
       [10, 40]]), array([[34,  7],
       [11, 39]]), array([[34,  7],
       [ 9, 41]]), array([[34,  7],
       [ 8, 42]]), array([[34,  7],
       [10, 40]])], [array([[31, 10],
       [ 4, 46]]), array([[34,  7],
       [ 7, 43]]), array([[34,  7],
       [10, 40]]), array([[34,  7],
       [11, 39]]), array([[34,  7],
       [ 9, 41]]), array([[34,  7],
       [ 9, 41]]), array([[34,  7],
       [10, 40]])], [array([[31, 10],
       [ 4, 46]]), array([[34,  7],
       [ 7, 43]]), array([[34,  7],
       [10, 40]]), array([[34,  7],
       [11, 39]]), array([[34,  7],
       [ 9, 41]]), array([[34,  7],
       [ 8, 42]]), array([[34,  7],
       [11, 39]])]]
2019-08-30 16:58:51,125 INFO N arvores para o RF 13
2019-08-30 16:58:51,134 INFO Acuracia = 0.8461538461538461
2019-08-30 16:58:51,134 INFO Matriz de confusao 
[[33  8]
 [ 6 44]]
2019-08-30 16:58:51,134 INFO N arvores para o RF 78
2019-08-30 16:58:51,180 INFO Acuracia = 0.8351648351648352
2019-08-30 16:58:51,180 INFO Matriz de confusao 
[[34  7]
 [ 8 42]]
2019-08-30 16:58:51,180 INFO N arvores para o RF 286
2019-08-30 16:58:51,338 INFO Acuracia = 0.8681318681318682
2019-08-30 16:58:51,339 INFO Matriz de confusao 
[[35  6]
 [ 6 44]]
2019-08-30 16:58:51,339 INFO N arvores para o RF 715
2019-08-30 16:58:51,727 INFO Acuracia = 0.8351648351648352
2019-08-30 16:58:51,727 INFO Matriz de confusao 
[[34  7]
 [ 8 42]]
2019-08-30 16:58:51,728 INFO N arvores para o RF 1287
2019-08-30 16:58:52,431 INFO Acuracia = 0.8461538461538461
2019-08-30 16:58:52,431 INFO Matriz de confusao 
[[35  6]
 [ 8 42]]
2019-08-30 16:58:52,432 INFO N arvores para o RF 1716
2019-08-30 16:58:53,372 INFO Acuracia = 0.8351648351648352
2019-08-30 16:58:53,373 INFO Matriz de confusao 
[[35  6]
 [ 9 41]]
2019-08-30 16:58:53,374 INFO N arvores para o RF 1716
2019-08-30 16:58:54,306 INFO Acuracia = 0.8571428571428571
2019-08-30 16:58:54,306 INFO Matriz de confusao 
[[35  6]
 [ 7 43]]
2019-08-30 16:58:54,307 INFO Accuracy RF 
[0.8461538461538461, 0.8351648351648352, 0.8681318681318682, 0.8351648351648352, 0.8461538461538461, 0.8351648351648352, 0.8571428571428571]
2019-08-30 16:58:54,308 INFO Matrix Confusion RF 
[[array([[31, 10],
       [ 8, 42]]), array([[35,  6],
       [ 7, 43]]), array([[34,  7],
       [ 9, 41]]), array([[35,  6],
       [ 6, 44]]), array([[34,  7],
       [ 9, 41]]), array([[35,  6],
       [ 8, 42]]), array([[35,  6],
       [ 9, 41]])], [array([[32,  9],
       [ 6, 44]]), array([[34,  7],
       [ 9, 41]]), array([[34,  7],
       [ 9, 41]]), array([[35,  6],
       [ 9, 41]]), array([[34,  7],
       [ 8, 42]]), array([[35,  6],
       [ 8, 42]]), array([[34,  7],
       [ 7, 43]])], [array([[33,  8],
       [11, 39]]), array([[34,  7],
       [ 6, 44]]), array([[35,  6],
       [ 9, 41]]), array([[35,  6],
       [ 8, 42]]), array([[34,  7],
       [ 7, 43]]), array([[35,  6],
       [ 9, 41]]), array([[35,  6],
       [ 6, 44]])], [array([[34,  7],
       [10, 40]]), array([[33,  8],
       [10, 40]]), array([[34,  7],
       [ 6, 44]]), array([[33,  8],
       [ 7, 43]]), array([[35,  6],
       [ 8, 42]]), array([[34,  7],
       [ 8, 42]]), array([[34,  7],
       [ 7, 43]])], [array([[33,  8],
       [ 6, 44]]), array([[34,  7],
       [ 8, 42]]), array([[35,  6],
       [ 6, 44]]), array([[34,  7],
       [ 8, 42]]), array([[35,  6],
       [ 8, 42]]), array([[35,  6],
       [ 9, 41]]), array([[35,  6],
       [ 7, 43]])]]
