2019-08-31 12:01:19,032 INFO N Media Interations = 1
2019-08-31 12:01:19,032 INFO Execucao EF 1
2019-08-31 12:01:19,070 INFO Acuracia = 0.7582417582417582
2019-08-31 12:01:19,070 INFO Matriz de confusao 
[[26 15]
 [ 7 43]]
2019-08-31 12:01:19,070 INFO Execucao EF 2
2019-08-31 12:01:19,282 INFO Acuracia = 0.7692307692307693
2019-08-31 12:01:19,282 INFO Matriz de confusao 
[[27 14]
 [ 7 43]]
2019-08-31 12:01:19,282 INFO Execucao EF 3
2019-08-31 12:01:20,082 INFO Acuracia = 0.7802197802197802
2019-08-31 12:01:20,082 INFO Matriz de confusao 
[[29 12]
 [ 8 42]]
2019-08-31 12:01:20,082 INFO Execucao EF 4
2019-08-31 12:01:22,222 INFO Acuracia = 0.7582417582417582
2019-08-31 12:01:22,222 INFO Matriz de confusao 
[[27 14]
 [ 8 42]]
2019-08-31 12:01:22,223 INFO Execucao EF 5
2019-08-31 12:01:26,152 INFO Acuracia = 0.7472527472527473
2019-08-31 12:01:26,152 INFO Matriz de confusao 
[[27 14]
 [ 9 41]]
2019-08-31 12:01:26,153 INFO Execucao EF 6
2019-08-31 12:01:31,216 INFO Acuracia = 0.7472527472527473
2019-08-31 12:01:31,216 INFO Matriz de confusao 
[[26 15]
 [ 8 42]]
2019-08-31 12:01:31,217 INFO Execucao EF 7
2019-08-31 12:01:36,430 INFO Acuracia = 0.7582417582417582
2019-08-31 12:01:36,430 INFO Matriz de confusao 
[[27 14]
 [ 8 42]]
2019-08-31 12:01:36,431 INFO Accuracy EF 
[0.7582417582417582, 0.7692307692307693, 0.7802197802197802, 0.7582417582417582, 0.7472527472527473, 0.7472527472527473, 0.7582417582417582]
2019-08-31 12:01:36,431 INFO Matrix Confusion EF 
[[array([[26, 15],
       [ 7, 43]]), array([[27, 14],
       [ 7, 43]]), array([[29, 12],
       [ 8, 42]]), array([[27, 14],
       [ 8, 42]]), array([[27, 14],
       [ 9, 41]]), array([[26, 15],
       [ 8, 42]]), array([[27, 14],
       [ 8, 42]])]]
2019-08-31 12:01:36,431 INFO N arvores para o RF 13
2019-08-31 12:01:36,441 INFO Acuracia = 0.7472527472527473
2019-08-31 12:01:36,441 INFO Matriz de confusao 
[[28 13]
 [10 40]]
2019-08-31 12:01:36,441 INFO N arvores para o RF 78
2019-08-31 12:01:36,488 INFO Acuracia = 0.7692307692307693
2019-08-31 12:01:36,488 INFO Matriz de confusao 
[[29 12]
 [ 9 41]]
2019-08-31 12:01:36,488 INFO N arvores para o RF 286
2019-08-31 12:01:36,652 INFO Acuracia = 0.7692307692307693
2019-08-31 12:01:36,652 INFO Matriz de confusao 
[[29 12]
 [ 9 41]]
2019-08-31 12:01:36,652 INFO N arvores para o RF 715
2019-08-31 12:01:37,054 INFO Acuracia = 0.7692307692307693
2019-08-31 12:01:37,054 INFO Matriz de confusao 
[[29 12]
 [ 9 41]]
2019-08-31 12:01:37,055 INFO N arvores para o RF 1287
2019-08-31 12:01:37,792 INFO Acuracia = 0.7692307692307693
2019-08-31 12:01:37,793 INFO Matriz de confusao 
[[30 11]
 [10 40]]
2019-08-31 12:01:37,794 INFO N arvores para o RF 1716
2019-08-31 12:01:38,749 INFO Acuracia = 0.7692307692307693
2019-08-31 12:01:38,749 INFO Matriz de confusao 
[[29 12]
 [ 9 41]]
2019-08-31 12:01:38,750 INFO N arvores para o RF 1716
2019-08-31 12:01:39,712 INFO Acuracia = 0.7802197802197802
2019-08-31 12:01:39,712 INFO Matriz de confusao 
[[30 11]
 [ 9 41]]
2019-08-31 12:01:39,713 INFO Accuracy RF 
[0.7472527472527473, 0.7692307692307693, 0.7692307692307693, 0.7692307692307693, 0.7692307692307693, 0.7692307692307693, 0.7802197802197802]
2019-08-31 12:01:39,713 INFO Matrix Confusion RF 
[[array([[28, 13],
       [10, 40]]), array([[29, 12],
       [ 9, 41]]), array([[29, 12],
       [ 9, 41]]), array([[29, 12],
       [ 9, 41]]), array([[30, 11],
       [10, 40]]), array([[29, 12],
       [ 9, 41]]), array([[30, 11],
       [ 9, 41]])]]
2019-08-31 12:01:39,715 INFO N Media Interations = 2
2019-08-31 12:01:39,715 INFO Execucao EF 1
2019-08-31 12:01:39,754 INFO Acuracia = 0.7582417582417582
2019-08-31 12:01:39,754 INFO Matriz de confusao 
[[26 15]
 [ 7 43]]
2019-08-31 12:01:39,754 INFO Execucao EF 2
2019-08-31 12:01:39,976 INFO Acuracia = 0.7692307692307693
2019-08-31 12:01:39,976 INFO Matriz de confusao 
[[27 14]
 [ 7 43]]
2019-08-31 12:01:39,976 INFO Execucao EF 3
2019-08-31 12:01:40,798 INFO Acuracia = 0.7912087912087912
2019-08-31 12:01:40,799 INFO Matriz de confusao 
[[29 12]
 [ 7 43]]
2019-08-31 12:01:40,799 INFO Execucao EF 4
2019-08-31 12:01:42,896 INFO Acuracia = 0.7692307692307693
2019-08-31 12:01:42,896 INFO Matriz de confusao 
[[28 13]
 [ 8 42]]
2019-08-31 12:01:42,897 INFO Execucao EF 5
2019-08-31 12:01:46,843 INFO Acuracia = 0.7362637362637363
2019-08-31 12:01:46,843 INFO Matriz de confusao 
[[26 15]
 [ 9 41]]
2019-08-31 12:01:46,844 INFO Execucao EF 6
2019-08-31 12:01:52,288 INFO Acuracia = 0.7472527472527473
2019-08-31 12:01:52,288 INFO Matriz de confusao 
[[26 15]
 [ 8 42]]
2019-08-31 12:01:52,289 INFO Execucao EF 7
2019-08-31 12:01:57,806 INFO Acuracia = 0.7472527472527473
2019-08-31 12:01:57,806 INFO Matriz de confusao 
[[26 15]
 [ 8 42]]
2019-08-31 12:01:57,807 INFO Accuracy EF 
[0.7582417582417582, 0.7692307692307693, 0.7912087912087912, 0.7692307692307693, 0.7362637362637363, 0.7472527472527473, 0.7472527472527473]
2019-08-31 12:01:57,808 INFO Matrix Confusion EF 
[[array([[26, 15],
       [ 7, 43]]), array([[27, 14],
       [ 7, 43]]), array([[29, 12],
       [ 8, 42]]), array([[27, 14],
       [ 8, 42]]), array([[27, 14],
       [ 9, 41]]), array([[26, 15],
       [ 8, 42]]), array([[27, 14],
       [ 8, 42]])], [array([[26, 15],
       [ 7, 43]]), array([[27, 14],
       [ 7, 43]]), array([[29, 12],
       [ 7, 43]]), array([[28, 13],
       [ 8, 42]]), array([[26, 15],
       [ 9, 41]]), array([[26, 15],
       [ 8, 42]]), array([[26, 15],
       [ 8, 42]])]]
2019-08-31 12:01:57,808 INFO N arvores para o RF 13
2019-08-31 12:01:57,817 INFO Acuracia = 0.7582417582417582
2019-08-31 12:01:57,818 INFO Matriz de confusao 
[[27 14]
 [ 8 42]]
2019-08-31 12:01:57,818 INFO N arvores para o RF 78
2019-08-31 12:01:57,864 INFO Acuracia = 0.7912087912087912
2019-08-31 12:01:57,864 INFO Matriz de confusao 
[[30 11]
 [ 8 42]]
2019-08-31 12:01:57,864 INFO N arvores para o RF 286
2019-08-31 12:01:58,027 INFO Acuracia = 0.7802197802197802
2019-08-31 12:01:58,027 INFO Matriz de confusao 
[[31 10]
 [10 40]]
2019-08-31 12:01:58,027 INFO N arvores para o RF 715
2019-08-31 12:01:58,427 INFO Acuracia = 0.7692307692307693
2019-08-31 12:01:58,428 INFO Matriz de confusao 
[[29 12]
 [ 9 41]]
2019-08-31 12:01:58,428 INFO N arvores para o RF 1287
2019-08-31 12:01:59,152 INFO Acuracia = 0.7692307692307693
2019-08-31 12:01:59,153 INFO Matriz de confusao 
[[29 12]
 [ 9 41]]
2019-08-31 12:01:59,153 INFO N arvores para o RF 1716
2019-08-31 12:02:00,121 INFO Acuracia = 0.7692307692307693
2019-08-31 12:02:00,121 INFO Matriz de confusao 
[[29 12]
 [ 9 41]]
2019-08-31 12:02:00,122 INFO N arvores para o RF 1716
2019-08-31 12:02:01,082 INFO Acuracia = 0.7692307692307693
2019-08-31 12:02:01,082 INFO Matriz de confusao 
[[29 12]
 [ 9 41]]
2019-08-31 12:02:01,083 INFO Accuracy RF 
[0.7582417582417582, 0.7912087912087912, 0.7802197802197802, 0.7692307692307693, 0.7692307692307693, 0.7692307692307693, 0.7692307692307693]
2019-08-31 12:02:01,084 INFO Matrix Confusion RF 
[[array([[28, 13],
       [10, 40]]), array([[29, 12],
       [ 9, 41]]), array([[29, 12],
       [ 9, 41]]), array([[29, 12],
       [ 9, 41]]), array([[30, 11],
       [10, 40]]), array([[29, 12],
       [ 9, 41]]), array([[30, 11],
       [ 9, 41]])], [array([[27, 14],
       [ 8, 42]]), array([[30, 11],
       [ 8, 42]]), array([[31, 10],
       [10, 40]]), array([[29, 12],
       [ 9, 41]]), array([[29, 12],
       [ 9, 41]]), array([[29, 12],
       [ 9, 41]]), array([[29, 12],
       [ 9, 41]])]]
2019-08-31 12:02:01,085 INFO N Media Interations = 3
2019-08-31 12:02:01,085 INFO Execucao EF 1
2019-08-31 12:02:01,127 INFO Acuracia = 0.7582417582417582
2019-08-31 12:02:01,127 INFO Matriz de confusao 
[[26 15]
 [ 7 43]]
2019-08-31 12:02:01,127 INFO Execucao EF 2
2019-08-31 12:02:01,357 INFO Acuracia = 0.7692307692307693
2019-08-31 12:02:01,357 INFO Matriz de confusao 
[[27 14]
 [ 7 43]]
2019-08-31 12:02:01,357 INFO Execucao EF 3
2019-08-31 12:02:02,225 INFO Acuracia = 0.7802197802197802
2019-08-31 12:02:02,225 INFO Matriz de confusao 
[[29 12]
 [ 8 42]]
2019-08-31 12:02:02,225 INFO Execucao EF 4
2019-08-31 12:02:04,538 INFO Acuracia = 0.7582417582417582
2019-08-31 12:02:04,538 INFO Matriz de confusao 
[[27 14]
 [ 8 42]]
2019-08-31 12:02:04,538 INFO Execucao EF 5
2019-08-31 12:02:08,720 INFO Acuracia = 0.7472527472527473
2019-08-31 12:02:08,720 INFO Matriz de confusao 
[[26 15]
 [ 8 42]]
2019-08-31 12:02:08,721 INFO Execucao EF 6
2019-08-31 12:02:14,424 INFO Acuracia = 0.7362637362637363
2019-08-31 12:02:14,424 INFO Matriz de confusao 
[[26 15]
 [ 9 41]]
2019-08-31 12:02:14,425 INFO Execucao EF 7
2019-08-31 12:02:20,276 INFO Acuracia = 0.7472527472527473
2019-08-31 12:02:20,276 INFO Matriz de confusao 
[[26 15]
 [ 8 42]]
2019-08-31 12:02:20,278 INFO Accuracy EF 
[0.7582417582417582, 0.7692307692307693, 0.7802197802197802, 0.7582417582417582, 0.7472527472527473, 0.7362637362637363, 0.7472527472527473]
2019-08-31 12:02:20,279 INFO Matrix Confusion EF 
[[array([[26, 15],
       [ 7, 43]]), array([[27, 14],
       [ 7, 43]]), array([[29, 12],
       [ 8, 42]]), array([[27, 14],
       [ 8, 42]]), array([[27, 14],
       [ 9, 41]]), array([[26, 15],
       [ 8, 42]]), array([[27, 14],
       [ 8, 42]])], [array([[26, 15],
       [ 7, 43]]), array([[27, 14],
       [ 7, 43]]), array([[29, 12],
       [ 7, 43]]), array([[28, 13],
       [ 8, 42]]), array([[26, 15],
       [ 9, 41]]), array([[26, 15],
       [ 8, 42]]), array([[26, 15],
       [ 8, 42]])], [array([[26, 15],
       [ 7, 43]]), array([[27, 14],
       [ 7, 43]]), array([[29, 12],
       [ 8, 42]]), array([[27, 14],
       [ 8, 42]]), array([[26, 15],
       [ 8, 42]]), array([[26, 15],
       [ 9, 41]]), array([[26, 15],
       [ 8, 42]])]]
2019-08-31 12:02:20,279 INFO N arvores para o RF 13
2019-08-31 12:02:20,288 INFO Acuracia = 0.7472527472527473
2019-08-31 12:02:20,288 INFO Matriz de confusao 
[[26 15]
 [ 8 42]]
2019-08-31 12:02:20,288 INFO N arvores para o RF 78
2019-08-31 12:02:20,336 INFO Acuracia = 0.7692307692307693
2019-08-31 12:02:20,336 INFO Matriz de confusao 
[[30 11]
 [10 40]]
2019-08-31 12:02:20,336 INFO N arvores para o RF 286
2019-08-31 12:02:20,501 INFO Acuracia = 0.7912087912087912
2019-08-31 12:02:20,502 INFO Matriz de confusao 
[[30 11]
 [ 8 42]]
2019-08-31 12:02:20,502 INFO N arvores para o RF 715
2019-08-31 12:02:20,911 INFO Acuracia = 0.7692307692307693
2019-08-31 12:02:20,911 INFO Matriz de confusao 
[[29 12]
 [ 9 41]]
2019-08-31 12:02:20,912 INFO N arvores para o RF 1287
2019-08-31 12:02:21,659 INFO Acuracia = 0.7692307692307693
2019-08-31 12:02:21,659 INFO Matriz de confusao 
[[29 12]
 [ 9 41]]
2019-08-31 12:02:21,660 INFO N arvores para o RF 1716
2019-08-31 12:02:22,644 INFO Acuracia = 0.7692307692307693
2019-08-31 12:02:22,644 INFO Matriz de confusao 
[[29 12]
 [ 9 41]]
2019-08-31 12:02:22,645 INFO N arvores para o RF 1716
2019-08-31 12:02:23,615 INFO Acuracia = 0.7582417582417582
2019-08-31 12:02:23,615 INFO Matriz de confusao 
[[29 12]
 [10 40]]
2019-08-31 12:02:23,616 INFO Accuracy RF 
[0.7472527472527473, 0.7692307692307693, 0.7912087912087912, 0.7692307692307693, 0.7692307692307693, 0.7692307692307693, 0.7582417582417582]
2019-08-31 12:02:23,617 INFO Matrix Confusion RF 
[[array([[28, 13],
       [10, 40]]), array([[29, 12],
       [ 9, 41]]), array([[29, 12],
       [ 9, 41]]), array([[29, 12],
       [ 9, 41]]), array([[30, 11],
       [10, 40]]), array([[29, 12],
       [ 9, 41]]), array([[30, 11],
       [ 9, 41]])], [array([[27, 14],
       [ 8, 42]]), array([[30, 11],
       [ 8, 42]]), array([[31, 10],
       [10, 40]]), array([[29, 12],
       [ 9, 41]]), array([[29, 12],
       [ 9, 41]]), array([[29, 12],
       [ 9, 41]]), array([[29, 12],
       [ 9, 41]])], [array([[26, 15],
       [ 8, 42]]), array([[30, 11],
       [10, 40]]), array([[30, 11],
       [ 8, 42]]), array([[29, 12],
       [ 9, 41]]), array([[29, 12],
       [ 9, 41]]), array([[29, 12],
       [ 9, 41]]), array([[29, 12],
       [10, 40]])]]
2019-08-31 12:02:23,618 INFO N Media Interations = 4
2019-08-31 12:02:23,618 INFO Execucao EF 1
2019-08-31 12:02:23,663 INFO Acuracia = 0.7582417582417582
2019-08-31 12:02:23,663 INFO Matriz de confusao 
[[26 15]
 [ 7 43]]
2019-08-31 12:02:23,663 INFO Execucao EF 2
2019-08-31 12:02:23,909 INFO Acuracia = 0.7692307692307693
2019-08-31 12:02:23,909 INFO Matriz de confusao 
[[27 14]
 [ 7 43]]
2019-08-31 12:02:23,909 INFO Execucao EF 3
2019-08-31 12:02:24,821 INFO Acuracia = 0.7802197802197802
2019-08-31 12:02:24,821 INFO Matriz de confusao 
[[29 12]
 [ 8 42]]
2019-08-31 12:02:24,822 INFO Execucao EF 4
2019-08-31 12:02:27,219 INFO Acuracia = 0.7692307692307693
2019-08-31 12:02:27,219 INFO Matriz de confusao 
[[28 13]
 [ 8 42]]
2019-08-31 12:02:27,219 INFO Execucao EF 5
2019-08-31 12:02:31,611 INFO Acuracia = 0.7362637362637363
2019-08-31 12:02:31,611 INFO Matriz de confusao 
[[26 15]
 [ 9 41]]
2019-08-31 12:02:31,612 INFO Execucao EF 6
2019-08-31 12:02:37,532 INFO Acuracia = 0.7472527472527473
2019-08-31 12:02:37,533 INFO Matriz de confusao 
[[26 15]
 [ 8 42]]
2019-08-31 12:02:37,534 INFO Execucao EF 7
2019-08-31 12:02:43,637 INFO Acuracia = 0.7472527472527473
2019-08-31 12:02:43,637 INFO Matriz de confusao 
[[26 15]
 [ 8 42]]
2019-08-31 12:02:43,638 INFO Accuracy EF 
[0.7582417582417582, 0.7692307692307693, 0.7802197802197802, 0.7692307692307693, 0.7362637362637363, 0.7472527472527473, 0.7472527472527473]
2019-08-31 12:02:43,640 INFO Matrix Confusion EF 
[[array([[26, 15],
       [ 7, 43]]), array([[27, 14],
       [ 7, 43]]), array([[29, 12],
       [ 8, 42]]), array([[27, 14],
       [ 8, 42]]), array([[27, 14],
       [ 9, 41]]), array([[26, 15],
       [ 8, 42]]), array([[27, 14],
       [ 8, 42]])], [array([[26, 15],
       [ 7, 43]]), array([[27, 14],
       [ 7, 43]]), array([[29, 12],
       [ 7, 43]]), array([[28, 13],
       [ 8, 42]]), array([[26, 15],
       [ 9, 41]]), array([[26, 15],
       [ 8, 42]]), array([[26, 15],
       [ 8, 42]])], [array([[26, 15],
       [ 7, 43]]), array([[27, 14],
       [ 7, 43]]), array([[29, 12],
       [ 8, 42]]), array([[27, 14],
       [ 8, 42]]), array([[26, 15],
       [ 8, 42]]), array([[26, 15],
       [ 9, 41]]), array([[26, 15],
       [ 8, 42]])], [array([[26, 15],
       [ 7, 43]]), array([[27, 14],
       [ 7, 43]]), array([[29, 12],
       [ 8, 42]]), array([[28, 13],
       [ 8, 42]]), array([[26, 15],
       [ 9, 41]]), array([[26, 15],
       [ 8, 42]]), array([[26, 15],
       [ 8, 42]])]]
2019-08-31 12:02:43,640 INFO N arvores para o RF 13
2019-08-31 12:02:43,650 INFO Acuracia = 0.7142857142857143
2019-08-31 12:02:43,651 INFO Matriz de confusao 
[[26 15]
 [11 39]]
2019-08-31 12:02:43,651 INFO N arvores para o RF 78
2019-08-31 12:02:43,698 INFO Acuracia = 0.7802197802197802
2019-08-31 12:02:43,698 INFO Matriz de confusao 
[[29 12]
 [ 8 42]]
2019-08-31 12:02:43,699 INFO N arvores para o RF 286
2019-08-31 12:02:43,866 INFO Acuracia = 0.7802197802197802
2019-08-31 12:02:43,866 INFO Matriz de confusao 
[[29 12]
 [ 8 42]]
2019-08-31 12:02:43,867 INFO N arvores para o RF 715
2019-08-31 12:02:44,281 INFO Acuracia = 0.7582417582417582
2019-08-31 12:02:44,281 INFO Matriz de confusao 
[[28 13]
 [ 9 41]]
2019-08-31 12:02:44,281 INFO N arvores para o RF 1287
2019-08-31 12:02:45,035 INFO Acuracia = 0.7692307692307693
2019-08-31 12:02:45,035 INFO Matriz de confusao 
[[29 12]
 [ 9 41]]
2019-08-31 12:02:45,036 INFO N arvores para o RF 1716
2019-08-31 12:02:46,019 INFO Acuracia = 0.7802197802197802
2019-08-31 12:02:46,019 INFO Matriz de confusao 
[[30 11]
 [ 9 41]]
2019-08-31 12:02:46,020 INFO N arvores para o RF 1716
2019-08-31 12:02:46,995 INFO Acuracia = 0.7802197802197802
2019-08-31 12:02:46,995 INFO Matriz de confusao 
[[30 11]
 [ 9 41]]
2019-08-31 12:02:46,996 INFO Accuracy RF 
[0.7142857142857143, 0.7802197802197802, 0.7802197802197802, 0.7582417582417582, 0.7692307692307693, 0.7802197802197802, 0.7802197802197802]
2019-08-31 12:02:46,997 INFO Matrix Confusion RF 
[[array([[28, 13],
       [10, 40]]), array([[29, 12],
       [ 9, 41]]), array([[29, 12],
       [ 9, 41]]), array([[29, 12],
       [ 9, 41]]), array([[30, 11],
       [10, 40]]), array([[29, 12],
       [ 9, 41]]), array([[30, 11],
       [ 9, 41]])], [array([[27, 14],
       [ 8, 42]]), array([[30, 11],
       [ 8, 42]]), array([[31, 10],
       [10, 40]]), array([[29, 12],
       [ 9, 41]]), array([[29, 12],
       [ 9, 41]]), array([[29, 12],
       [ 9, 41]]), array([[29, 12],
       [ 9, 41]])], [array([[26, 15],
       [ 8, 42]]), array([[30, 11],
       [10, 40]]), array([[30, 11],
       [ 8, 42]]), array([[29, 12],
       [ 9, 41]]), array([[29, 12],
       [ 9, 41]]), array([[29, 12],
       [ 9, 41]]), array([[29, 12],
       [10, 40]])], [array([[26, 15],
       [11, 39]]), array([[29, 12],
       [ 8, 42]]), array([[29, 12],
       [ 8, 42]]), array([[28, 13],
       [ 9, 41]]), array([[29, 12],
       [ 9, 41]]), array([[30, 11],
       [ 9, 41]]), array([[30, 11],
       [ 9, 41]])]]
2019-08-31 12:02:46,998 INFO N Media Interations = 5
2019-08-31 12:02:46,998 INFO Execucao EF 1
2019-08-31 12:02:47,046 INFO Acuracia = 0.7582417582417582
2019-08-31 12:02:47,046 INFO Matriz de confusao 
[[26 15]
 [ 7 43]]
2019-08-31 12:02:47,047 INFO Execucao EF 2
2019-08-31 12:02:47,309 INFO Acuracia = 0.7802197802197802
2019-08-31 12:02:47,309 INFO Matriz de confusao 
[[28 13]
 [ 7 43]]
2019-08-31 12:02:47,309 INFO Execucao EF 3
2019-08-31 12:02:48,270 INFO Acuracia = 0.7912087912087912
2019-08-31 12:02:48,270 INFO Matriz de confusao 
[[30 11]
 [ 8 42]]
2019-08-31 12:02:48,270 INFO Execucao EF 4
2019-08-31 12:02:50,748 INFO Acuracia = 0.7582417582417582
2019-08-31 12:02:50,748 INFO Matriz de confusao 
[[27 14]
 [ 8 42]]
2019-08-31 12:02:50,748 INFO Execucao EF 5
2019-08-31 12:02:55,406 INFO Acuracia = 0.7472527472527473
2019-08-31 12:02:55,406 INFO Matriz de confusao 
[[27 14]
 [ 9 41]]
2019-08-31 12:02:55,407 INFO Execucao EF 6
2019-08-31 12:03:01,727 INFO Acuracia = 0.7362637362637363
2019-08-31 12:03:01,727 INFO Matriz de confusao 
[[26 15]
 [ 9 41]]
2019-08-31 12:03:01,728 INFO Execucao EF 7
2019-08-31 12:03:08,109 INFO Acuracia = 0.7582417582417582
2019-08-31 12:03:08,109 INFO Matriz de confusao 
[[27 14]
 [ 8 42]]
2019-08-31 12:03:08,110 INFO Accuracy EF 
[0.7582417582417582, 0.7802197802197802, 0.7912087912087912, 0.7582417582417582, 0.7472527472527473, 0.7362637362637363, 0.7582417582417582]
2019-08-31 12:03:08,112 INFO Matrix Confusion EF 
[[array([[26, 15],
       [ 7, 43]]), array([[27, 14],
       [ 7, 43]]), array([[29, 12],
       [ 8, 42]]), array([[27, 14],
       [ 8, 42]]), array([[27, 14],
       [ 9, 41]]), array([[26, 15],
       [ 8, 42]]), array([[27, 14],
       [ 8, 42]])], [array([[26, 15],
       [ 7, 43]]), array([[27, 14],
       [ 7, 43]]), array([[29, 12],
       [ 7, 43]]), array([[28, 13],
       [ 8, 42]]), array([[26, 15],
       [ 9, 41]]), array([[26, 15],
       [ 8, 42]]), array([[26, 15],
       [ 8, 42]])], [array([[26, 15],
       [ 7, 43]]), array([[27, 14],
       [ 7, 43]]), array([[29, 12],
       [ 8, 42]]), array([[27, 14],
       [ 8, 42]]), array([[26, 15],
       [ 8, 42]]), array([[26, 15],
       [ 9, 41]]), array([[26, 15],
       [ 8, 42]])], [array([[26, 15],
       [ 7, 43]]), array([[27, 14],
       [ 7, 43]]), array([[29, 12],
       [ 8, 42]]), array([[28, 13],
       [ 8, 42]]), array([[26, 15],
       [ 9, 41]]), array([[26, 15],
       [ 8, 42]]), array([[26, 15],
       [ 8, 42]])], [array([[26, 15],
       [ 7, 43]]), array([[28, 13],
       [ 7, 43]]), array([[30, 11],
       [ 8, 42]]), array([[27, 14],
       [ 8, 42]]), array([[27, 14],
       [ 9, 41]]), array([[26, 15],
       [ 9, 41]]), array([[27, 14],
       [ 8, 42]])]]
2019-08-31 12:03:08,112 INFO N arvores para o RF 13
2019-08-31 12:03:08,122 INFO Acuracia = 0.8021978021978022
2019-08-31 12:03:08,122 INFO Matriz de confusao 
[[29 12]
 [ 6 44]]
2019-08-31 12:03:08,122 INFO N arvores para o RF 78
2019-08-31 12:03:08,170 INFO Acuracia = 0.7912087912087912
2019-08-31 12:03:08,170 INFO Matriz de confusao 
[[30 11]
 [ 8 42]]
2019-08-31 12:03:08,170 INFO N arvores para o RF 286
2019-08-31 12:03:08,333 INFO Acuracia = 0.7692307692307693
2019-08-31 12:03:08,333 INFO Matriz de confusao 
[[28 13]
 [ 8 42]]
2019-08-31 12:03:08,333 INFO N arvores para o RF 715
2019-08-31 12:03:08,735 INFO Acuracia = 0.7582417582417582
2019-08-31 12:03:08,735 INFO Matriz de confusao 
[[29 12]
 [10 40]]
2019-08-31 12:03:08,736 INFO N arvores para o RF 1287
2019-08-31 12:03:09,472 INFO Acuracia = 0.7912087912087912
2019-08-31 12:03:09,472 INFO Matriz de confusao 
[[30 11]
 [ 8 42]]
2019-08-31 12:03:09,473 INFO N arvores para o RF 1716
2019-08-31 12:03:10,454 INFO Acuracia = 0.7692307692307693
2019-08-31 12:03:10,454 INFO Matriz de confusao 
[[29 12]
 [ 9 41]]
2019-08-31 12:03:10,456 INFO N arvores para o RF 1716
2019-08-31 12:03:11,413 INFO Acuracia = 0.7692307692307693
2019-08-31 12:03:11,413 INFO Matriz de confusao 
[[29 12]
 [ 9 41]]
2019-08-31 12:03:11,414 INFO Accuracy RF 
[0.8021978021978022, 0.7912087912087912, 0.7692307692307693, 0.7582417582417582, 0.7912087912087912, 0.7692307692307693, 0.7692307692307693]
2019-08-31 12:03:11,415 INFO Matrix Confusion RF 
[[array([[28, 13],
       [10, 40]]), array([[29, 12],
       [ 9, 41]]), array([[29, 12],
       [ 9, 41]]), array([[29, 12],
       [ 9, 41]]), array([[30, 11],
       [10, 40]]), array([[29, 12],
       [ 9, 41]]), array([[30, 11],
       [ 9, 41]])], [array([[27, 14],
       [ 8, 42]]), array([[30, 11],
       [ 8, 42]]), array([[31, 10],
       [10, 40]]), array([[29, 12],
       [ 9, 41]]), array([[29, 12],
       [ 9, 41]]), array([[29, 12],
       [ 9, 41]]), array([[29, 12],
       [ 9, 41]])], [array([[26, 15],
       [ 8, 42]]), array([[30, 11],
       [10, 40]]), array([[30, 11],
       [ 8, 42]]), array([[29, 12],
       [ 9, 41]]), array([[29, 12],
       [ 9, 41]]), array([[29, 12],
       [ 9, 41]]), array([[29, 12],
       [10, 40]])], [array([[26, 15],
       [11, 39]]), array([[29, 12],
       [ 8, 42]]), array([[29, 12],
       [ 8, 42]]), array([[28, 13],
       [ 9, 41]]), array([[29, 12],
       [ 9, 41]]), array([[30, 11],
       [ 9, 41]]), array([[30, 11],
       [ 9, 41]])], [array([[29, 12],
       [ 6, 44]]), array([[30, 11],
       [ 8, 42]]), array([[28, 13],
       [ 8, 42]]), array([[29, 12],
       [10, 40]]), array([[30, 11],
       [ 8, 42]]), array([[29, 12],
       [ 9, 41]]), array([[29, 12],
       [ 9, 41]])]]
